Using pre-set license

 COMMAND LINE ARGUMENTS:
/Applications/Unity/Hub/Editor/2020.3.14f1/Unity.app/Contents/MacOS/Unity
-adb2
-batchMode
-noUpm
-name
AssetImportWorker0
-projectPath
/Users/jeong-eunji/Desktop/Unity/eunji/chess
-logFile
Logs/AssetImportWorker0.log
-srvPort
49774
Successfully changed project path to: /Users/jeong-eunji/Desktop/Unity/eunji/chess
/Users/jeong-eunji/Desktop/Unity/eunji/chess
Using Asset Import Pipeline V2.
Refreshing native plugins compatible for Editor in 29.36 ms, found 2 plugins.
Preloading 0 native plugins for Editor in 0.00 ms.
Initialize engine version: 2020.3.14f1 (d0d1bb862f9d)
[Subsystems] Discovering subsystems at path /Applications/Unity/Hub/Editor/2020.3.14f1/Unity.app/Contents/Resources/UnitySubsystems
[Subsystems] Discovering subsystems at path /Users/jeong-eunji/Desktop/Unity/eunji/chess/Assets
GfxDevice: creating device client; threaded=0
2021-08-09 18:11:12.669 Unity[1386:13666] Color LCD preferred device: Intel(R) Iris(TM) Plus Graphics 640 (low power)
2021-08-09 18:11:12.669 Unity[1386:13666] Metal devices available: 1
2021-08-09 18:11:12.669 Unity[1386:13666] 0: Intel(R) Iris(TM) Plus Graphics 640 (low power)
2021-08-09 18:11:12.670 Unity[1386:13666] Using device Intel(R) Iris(TM) Plus Graphics 640 (low power)
Initializing Metal device caps: Intel(R) Iris(TM) Plus Graphics 640
Initialize mono
Mono path[0] = '/Applications/Unity/Hub/Editor/2020.3.14f1/Unity.app/Contents/Managed'
Mono path[1] = '/Applications/Unity/Hub/Editor/2020.3.14f1/Unity.app/Contents/MonoBleedingEdge/lib/mono/unityjit'
Mono config path = '/Applications/Unity/Hub/Editor/2020.3.14f1/Unity.app/Contents/MonoBleedingEdge/etc'
Using monoOptions --debugger-agent=transport=dt_socket,embedding=1,server=y,suspend=n,address=127.0.0.1:56386
Begin MonoManager ReloadAssembly
Registering precompiled unity dll's ...
Register platform support module: /Applications/Unity/Hub/Editor/2020.3.14f1/Unity.app/Contents/PlaybackEngines/MacStandaloneSupport/UnityEditor.OSXStandalone.Extensions.dll
Registered in 0.000549 seconds.
Native extension for OSXStandalone target not found
Refreshing native plugins compatible for Editor in 30.47 ms, found 2 plugins.
Preloading 0 native plugins for Editor in 0.00 ms.
Mono: successfully reloaded assembly
- Completed reload, in  2.086 seconds
Domain Reload Profiling:
	ReloadAssembly (2086ms)
		BeginReloadAssembly (49ms)
			ExecutionOrderSort (0ms)
			DisableScriptedObjects (0ms)
			BackupInstance (0ms)
			ReleaseScriptingObjects (0ms)
			CreateAndSetChildDomain (1ms)
		EndReloadAssembly (529ms)
			LoadAssemblies (48ms)
			RebuildTransferFunctionScriptingTraits (0ms)
			SetupTypeCache (217ms)
			ReleaseScriptCaches (0ms)
			RebuildScriptCaches (45ms)
			SetupLoadedEditorAssemblies (207ms)
				LogAssemblyErrors (0ms)
				InitializePlatformSupportModulesInManaged (5ms)
				SetLoadedEditorAssemblies (0ms)
				RefreshPlugins (31ms)
				BeforeProcessingInitializeOnLoad (26ms)
				ProcessInitializeOnLoadAttributes (111ms)
				ProcessInitializeOnLoadMethodAttributes (35ms)
				AfterProcessingInitializeOnLoad (0ms)
				EditorAssembliesLoaded (0ms)
			ExecutionOrderSort2 (0ms)
			AwakeInstancesAfterBackupRestoration (0ms)
Platform modules already initialized, skipping
Registering precompiled user dll's ...
Registered in 0.001647 seconds.
Begin MonoManager ReloadAssembly
Native extension for OSXStandalone target not found
Refreshing native plugins compatible for Editor in 0.34 ms, found 2 plugins.
Preloading 0 native plugins for Editor in 0.00 ms.
Mono: successfully reloaded assembly
- Completed reload, in  1.571 seconds
Domain Reload Profiling:
	ReloadAssembly (1572ms)
		BeginReloadAssembly (200ms)
			ExecutionOrderSort (0ms)
			DisableScriptedObjects (5ms)
			BackupInstance (0ms)
			ReleaseScriptingObjects (0ms)
			CreateAndSetChildDomain (38ms)
		EndReloadAssembly (1293ms)
			LoadAssemblies (102ms)
			RebuildTransferFunctionScriptingTraits (0ms)
			SetupTypeCache (526ms)
			ReleaseScriptCaches (1ms)
			RebuildScriptCaches (73ms)
			SetupLoadedEditorAssemblies (426ms)
				LogAssemblyErrors (0ms)
				InitializePlatformSupportModulesInManaged (6ms)
				SetLoadedEditorAssemblies (1ms)
				RefreshPlugins (0ms)
				BeforeProcessingInitializeOnLoad (100ms)
				ProcessInitializeOnLoadAttributes (307ms)
				ProcessInitializeOnLoadMethodAttributes (8ms)
				AfterProcessingInitializeOnLoad (3ms)
				EditorAssembliesLoaded (1ms)
			ExecutionOrderSort2 (0ms)
			AwakeInstancesAfterBackupRestoration (12ms)
Platform modules already initialized, skipping
========================================================================
Worker process is ready to serve import requests
Launching external process: /Applications/Unity/Hub/Editor/2020.3.14f1/Unity.app/Contents/Tools/UnityShaderCompiler
Launched and connected shader compiler UnityShaderCompiler after 0.02 seconds
Refreshing native plugins compatible for Editor in 0.42 ms, found 2 plugins.
Preloading 0 native plugins for Editor in 0.00 ms.
Unloading 1411 Unused Serialized files (Serialized files now loaded: 0)
System memory in use before: 141.1 MB.
System memory in use after: 141.2 MB.

Unloading 19 unused Assets to reduce memory usage. Loaded Objects now: 1845.
Total: 2.855509 ms (FindLiveObjects: 0.254571 ms CreateObjectMapping: 0.063348 ms MarkObjects: 2.420394 ms  DeleteObjects: 0.115908 ms)

AssetImportParameters requested are different than current active one (requested -> active):
  custom:video-decoder-ogg-theora: a1e56fd34408186e4bbccfd4996cb3dc -> 
  custom:container-muxer-webm: aa71ff27fc2769a1b78a27578f13a17b -> 
  custom:container-demuxer-webm: 4f35f7cbe854078d1ac9338744f61a02 -> 
  custom:container-demuxer-ogg: 62fdf1f143b41e24485cea50d1cbac27 -> 
  custom:video-encoder-webm-vp8: eb34c28f22e8b96e1ab97ce403110664 -> 
  custom:framework-osx-AVFoundation: b23960f63f64bdc6ff669e2cdcee2391 -> 
  custom:video-decoder-webm-vp8: 9c59270c3fd7afecdb556c50c9e8de78 -> 
  custom:audio-decoder-ogg-vorbis: bf7c407c2cedff20999df2af8eb42d56 -> 
  custom:audio-encoder-webm-vorbis: bf7c407c2cedff20999df2af8eb42d56 -> 
========================================================================
Received Import Request.
  path: Assets/Scripts/BuildManager.cs
  artifactKey: Guid(644c1e66690e0a34fb6e1e1f1c5f27b9) Importer(815301076,1909f56bfc062723c751e8b465ee728b)
Start importing Assets/Scripts/BuildManager.cs using Guid(644c1e66690e0a34fb6e1e1f1c5f27b9) Importer(815301076,1909f56bfc062723c751e8b465ee728b)  -> (artifact id: 'c0cde33c9bf16f5e94b66a1b0414d3b1') in 0.578205 seconds 
  Import took 0.580870 seconds .

========================================================================
Received Prepare
Registering precompiled user dll's ...
Registered in 0.001611 seconds.
Begin MonoManager ReloadAssembly
Native extension for OSXStandalone target not found
Refreshing native plugins compatible for Editor in 0.35 ms, found 2 plugins.
Preloading 0 native plugins for Editor in 0.00 ms.
Mono: successfully reloaded assembly
- Completed reload, in  1.293 seconds
Domain Reload Profiling:
	ReloadAssembly (1294ms)
		BeginReloadAssembly (139ms)
			ExecutionOrderSort (0ms)
			DisableScriptedObjects (5ms)
			BackupInstance (0ms)
			ReleaseScriptingObjects (0ms)
			CreateAndSetChildDomain (65ms)
		EndReloadAssembly (1074ms)
			LoadAssemblies (90ms)
			RebuildTransferFunctionScriptingTraits (0ms)
			SetupTypeCache (454ms)
			ReleaseScriptCaches (1ms)
			RebuildScriptCaches (73ms)
			SetupLoadedEditorAssemblies (324ms)
				LogAssemblyErrors (0ms)
				InitializePlatformSupportModulesInManaged (5ms)
				SetLoadedEditorAssemblies (1ms)
				RefreshPlugins (0ms)
				BeforeProcessingInitializeOnLoad (78ms)
				ProcessInitializeOnLoadAttributes (232ms)
				ProcessInitializeOnLoadMethodAttributes (5ms)
				AfterProcessingInitializeOnLoad (2ms)
				EditorAssembliesLoaded (0ms)
			ExecutionOrderSort2 (0ms)
			AwakeInstancesAfterBackupRestoration (8ms)
Platform modules already initialized, skipping
Refreshing native plugins compatible for Editor in 0.31 ms, found 2 plugins.
Preloading 0 native plugins for Editor in 0.00 ms.
Unloading 1393 Unused Serialized files (Serialized files now loaded: 0)
System memory in use before: 144.5 MB.
System memory in use after: 144.5 MB.

Unloading 14 unused Assets to reduce memory usage. Loaded Objects now: 1848.
Total: 1.978059 ms (FindLiveObjects: 0.191574 ms CreateObjectMapping: 0.058057 ms MarkObjects: 1.668139 ms  DeleteObjects: 0.059130 ms)

AssetImportParameters requested are different than current active one (requested -> active):
  custom:video-decoder-ogg-theora: a1e56fd34408186e4bbccfd4996cb3dc -> 
  custom:container-muxer-webm: aa71ff27fc2769a1b78a27578f13a17b -> 
  custom:container-demuxer-webm: 4f35f7cbe854078d1ac9338744f61a02 -> 
  custom:container-demuxer-ogg: 62fdf1f143b41e24485cea50d1cbac27 -> 
  custom:video-encoder-webm-vp8: eb34c28f22e8b96e1ab97ce403110664 -> 
  custom:framework-osx-AVFoundation: b23960f63f64bdc6ff669e2cdcee2391 -> 
  custom:video-decoder-webm-vp8: 9c59270c3fd7afecdb556c50c9e8de78 -> 
  custom:audio-decoder-ogg-vorbis: bf7c407c2cedff20999df2af8eb42d56 -> 
  custom:audio-encoder-webm-vorbis: bf7c407c2cedff20999df2af8eb42d56 -> 
========================================================================
Received Prepare
Registering precompiled user dll's ...
Registered in 0.002494 seconds.
Begin MonoManager ReloadAssembly
Native extension for OSXStandalone target not found
Refreshing native plugins compatible for Editor in 0.37 ms, found 2 plugins.
Preloading 0 native plugins for Editor in 0.00 ms.
Mono: successfully reloaded assembly
- Completed reload, in  1.329 seconds
Domain Reload Profiling:
	ReloadAssembly (1330ms)
		BeginReloadAssembly (193ms)
			ExecutionOrderSort (0ms)
			DisableScriptedObjects (8ms)
			BackupInstance (0ms)
			ReleaseScriptingObjects (0ms)
			CreateAndSetChildDomain (85ms)
		EndReloadAssembly (1053ms)
			LoadAssemblies (111ms)
			RebuildTransferFunctionScriptingTraits (0ms)
			SetupTypeCache (367ms)
			ReleaseScriptCaches (1ms)
			RebuildScriptCaches (102ms)
			SetupLoadedEditorAssemblies (314ms)
				LogAssemblyErrors (0ms)
				InitializePlatformSupportModulesInManaged (6ms)
				SetLoadedEditorAssemblies (1ms)
				RefreshPlugins (0ms)
				BeforeProcessingInitializeOnLoad (81ms)
				ProcessInitializeOnLoadAttributes (221ms)
				ProcessInitializeOnLoadMethodAttributes (5ms)
				AfterProcessingInitializeOnLoad (1ms)
				EditorAssembliesLoaded (0ms)
			ExecutionOrderSort2 (0ms)
			AwakeInstancesAfterBackupRestoration (8ms)
Platform modules already initialized, skipping
Refreshing native plugins compatible for Editor in 0.36 ms, found 2 plugins.
Preloading 0 native plugins for Editor in 0.00 ms.
Unloading 1393 Unused Serialized files (Serialized files now loaded: 0)
System memory in use before: 144.6 MB.
System memory in use after: 144.7 MB.

Unloading 14 unused Assets to reduce memory usage. Loaded Objects now: 1851.
Total: 1.778323 ms (FindLiveObjects: 0.159616 ms CreateObjectMapping: 0.043508 ms MarkObjects: 1.525046 ms  DeleteObjects: 0.049225 ms)

AssetImportParameters requested are different than current active one (requested -> active):
  custom:video-decoder-ogg-theora: a1e56fd34408186e4bbccfd4996cb3dc -> 
  custom:container-muxer-webm: aa71ff27fc2769a1b78a27578f13a17b -> 
  custom:container-demuxer-webm: 4f35f7cbe854078d1ac9338744f61a02 -> 
  custom:container-demuxer-ogg: 62fdf1f143b41e24485cea50d1cbac27 -> 
  custom:video-encoder-webm-vp8: eb34c28f22e8b96e1ab97ce403110664 -> 
  custom:framework-osx-AVFoundation: b23960f63f64bdc6ff669e2cdcee2391 -> 
  custom:video-decoder-webm-vp8: 9c59270c3fd7afecdb556c50c9e8de78 -> 
  custom:audio-decoder-ogg-vorbis: bf7c407c2cedff20999df2af8eb42d56 -> 
  custom:audio-encoder-webm-vorbis: bf7c407c2cedff20999df2af8eb42d56 -> 
========================================================================
Received Prepare
Registering precompiled user dll's ...
Registered in 0.001661 seconds.
Begin MonoManager ReloadAssembly
Native extension for OSXStandalone target not found
Refreshing native plugins compatible for Editor in 0.35 ms, found 2 plugins.
Preloading 0 native plugins for Editor in 0.00 ms.
Mono: successfully reloaded assembly
- Completed reload, in  1.415 seconds
Domain Reload Profiling:
	ReloadAssembly (1415ms)
		BeginReloadAssembly (132ms)
			ExecutionOrderSort (0ms)
			DisableScriptedObjects (6ms)
			BackupInstance (0ms)
			ReleaseScriptingObjects (0ms)
			CreateAndSetChildDomain (62ms)
		EndReloadAssembly (1091ms)
			LoadAssemblies (105ms)
			RebuildTransferFunctionScriptingTraits (0ms)
			SetupTypeCache (477ms)
			ReleaseScriptCaches (1ms)
			RebuildScriptCaches (53ms)
			SetupLoadedEditorAssemblies (322ms)
				LogAssemblyErrors (0ms)
				InitializePlatformSupportModulesInManaged (6ms)
				SetLoadedEditorAssemblies (1ms)
				RefreshPlugins (0ms)
				BeforeProcessingInitializeOnLoad (81ms)
				ProcessInitializeOnLoadAttributes (228ms)
				ProcessInitializeOnLoadMethodAttributes (5ms)
				AfterProcessingInitializeOnLoad (1ms)
				EditorAssembliesLoaded (0ms)
			ExecutionOrderSort2 (0ms)
			AwakeInstancesAfterBackupRestoration (8ms)
Platform modules already initialized, skipping
Refreshing native plugins compatible for Editor in 0.33 ms, found 2 plugins.
Preloading 0 native plugins for Editor in 0.00 ms.
Unloading 1393 Unused Serialized files (Serialized files now loaded: 0)
System memory in use before: 144.8 MB.
System memory in use after: 144.9 MB.

Unloading 14 unused Assets to reduce memory usage. Loaded Objects now: 1854.
Total: 1.807550 ms (FindLiveObjects: 0.162859 ms CreateObjectMapping: 0.042439 ms MarkObjects: 1.546511 ms  DeleteObjects: 0.054524 ms)

AssetImportParameters requested are different than current active one (requested -> active):
  custom:video-decoder-ogg-theora: a1e56fd34408186e4bbccfd4996cb3dc -> 
  custom:container-muxer-webm: aa71ff27fc2769a1b78a27578f13a17b -> 
  custom:container-demuxer-webm: 4f35f7cbe854078d1ac9338744f61a02 -> 
  custom:container-demuxer-ogg: 62fdf1f143b41e24485cea50d1cbac27 -> 
  custom:video-encoder-webm-vp8: eb34c28f22e8b96e1ab97ce403110664 -> 
  custom:framework-osx-AVFoundation: b23960f63f64bdc6ff669e2cdcee2391 -> 
  custom:video-decoder-webm-vp8: 9c59270c3fd7afecdb556c50c9e8de78 -> 
  custom:audio-decoder-ogg-vorbis: bf7c407c2cedff20999df2af8eb42d56 -> 
  custom:audio-encoder-webm-vorbis: bf7c407c2cedff20999df2af8eb42d56 -> 
========================================================================
Received Prepare
Registering precompiled user dll's ...
Registered in 0.002346 seconds.
Begin MonoManager ReloadAssembly
Native extension for OSXStandalone target not found
Refreshing native plugins compatible for Editor in 0.40 ms, found 2 plugins.
Preloading 0 native plugins for Editor in 0.00 ms.
Mono: successfully reloaded assembly
- Completed reload, in  1.200 seconds
Domain Reload Profiling:
	ReloadAssembly (1201ms)
		BeginReloadAssembly (135ms)
			ExecutionOrderSort (0ms)
			DisableScriptedObjects (6ms)
			BackupInstance (0ms)
			ReleaseScriptingObjects (0ms)
			CreateAndSetChildDomain (63ms)
		EndReloadAssembly (986ms)
			LoadAssemblies (89ms)
			RebuildTransferFunctionScriptingTraits (0ms)
			SetupTypeCache (363ms)
			ReleaseScriptCaches (1ms)
			RebuildScriptCaches (53ms)
			SetupLoadedEditorAssemblies (340ms)
				LogAssemblyErrors (0ms)
				InitializePlatformSupportModulesInManaged (6ms)
				SetLoadedEditorAssemblies (1ms)
				RefreshPlugins (0ms)
				BeforeProcessingInitializeOnLoad (107ms)
				ProcessInitializeOnLoadAttributes (221ms)
				ProcessInitializeOnLoadMethodAttributes (5ms)
				AfterProcessingInitializeOnLoad (1ms)
				EditorAssembliesLoaded (0ms)
			ExecutionOrderSort2 (0ms)
			AwakeInstancesAfterBackupRestoration (8ms)
Platform modules already initialized, skipping
Refreshing native plugins compatible for Editor in 0.29 ms, found 2 plugins.
Preloading 0 native plugins for Editor in 0.00 ms.
Unloading 1393 Unused Serialized files (Serialized files now loaded: 0)
System memory in use before: 145.0 MB.
System memory in use after: 145.1 MB.

Unloading 14 unused Assets to reduce memory usage. Loaded Objects now: 1857.
Total: 1.994034 ms (FindLiveObjects: 0.314057 ms CreateObjectMapping: 0.082888 ms MarkObjects: 1.544267 ms  DeleteObjects: 0.051714 ms)

AssetImportParameters requested are different than current active one (requested -> active):
  custom:video-decoder-ogg-theora: a1e56fd34408186e4bbccfd4996cb3dc -> 
  custom:container-muxer-webm: aa71ff27fc2769a1b78a27578f13a17b -> 
  custom:container-demuxer-webm: 4f35f7cbe854078d1ac9338744f61a02 -> 
  custom:container-demuxer-ogg: 62fdf1f143b41e24485cea50d1cbac27 -> 
  custom:video-encoder-webm-vp8: eb34c28f22e8b96e1ab97ce403110664 -> 
  custom:framework-osx-AVFoundation: b23960f63f64bdc6ff669e2cdcee2391 -> 
  custom:video-decoder-webm-vp8: 9c59270c3fd7afecdb556c50c9e8de78 -> 
  custom:audio-decoder-ogg-vorbis: bf7c407c2cedff20999df2af8eb42d56 -> 
  custom:audio-encoder-webm-vorbis: bf7c407c2cedff20999df2af8eb42d56 -> 
========================================================================
Received Prepare
Registering precompiled user dll's ...
Registered in 0.005787 seconds.
Begin MonoManager ReloadAssembly
Native extension for OSXStandalone target not found
Refreshing native plugins compatible for Editor in 0.35 ms, found 2 plugins.
Preloading 0 native plugins for Editor in 0.00 ms.
Mono: successfully reloaded assembly
- Completed reload, in  1.482 seconds
Domain Reload Profiling:
	ReloadAssembly (1483ms)
		BeginReloadAssembly (208ms)
			ExecutionOrderSort (0ms)
			DisableScriptedObjects (6ms)
			BackupInstance (0ms)
			ReleaseScriptingObjects (0ms)
			CreateAndSetChildDomain (95ms)
		EndReloadAssembly (1164ms)
			LoadAssemblies (136ms)
			RebuildTransferFunctionScriptingTraits (0ms)
			SetupTypeCache (506ms)
			ReleaseScriptCaches (1ms)
			RebuildScriptCaches (71ms)
			SetupLoadedEditorAssemblies (336ms)
				LogAssemblyErrors (0ms)
				InitializePlatformSupportModulesInManaged (5ms)
				SetLoadedEditorAssemblies (1ms)
				RefreshPlugins (0ms)
				BeforeProcessingInitializeOnLoad (89ms)
				ProcessInitializeOnLoadAttributes (234ms)
				ProcessInitializeOnLoadMethodAttributes (5ms)
				AfterProcessingInitializeOnLoad (1ms)
				EditorAssembliesLoaded (0ms)
			ExecutionOrderSort2 (0ms)
			AwakeInstancesAfterBackupRestoration (9ms)
Platform modules already initialized, skipping
Refreshing native plugins compatible for Editor in 0.32 ms, found 2 plugins.
Preloading 0 native plugins for Editor in 0.00 ms.
Unloading 1393 Unused Serialized files (Serialized files now loaded: 0)
System memory in use before: 145.1 MB.
System memory in use after: 145.2 MB.

Unloading 14 unused Assets to reduce memory usage. Loaded Objects now: 1860.
Total: 1.757792 ms (FindLiveObjects: 0.154843 ms CreateObjectMapping: 0.042893 ms MarkObjects: 1.511436 ms  DeleteObjects: 0.047617 ms)

AssetImportParameters requested are different than current active one (requested -> active):
  custom:video-decoder-ogg-theora: a1e56fd34408186e4bbccfd4996cb3dc -> 
  custom:container-muxer-webm: aa71ff27fc2769a1b78a27578f13a17b -> 
  custom:container-demuxer-webm: 4f35f7cbe854078d1ac9338744f61a02 -> 
  custom:container-demuxer-ogg: 62fdf1f143b41e24485cea50d1cbac27 -> 
  custom:video-encoder-webm-vp8: eb34c28f22e8b96e1ab97ce403110664 -> 
  custom:framework-osx-AVFoundation: b23960f63f64bdc6ff669e2cdcee2391 -> 
  custom:video-decoder-webm-vp8: 9c59270c3fd7afecdb556c50c9e8de78 -> 
  custom:audio-decoder-ogg-vorbis: bf7c407c2cedff20999df2af8eb42d56 -> 
  custom:audio-encoder-webm-vorbis: bf7c407c2cedff20999df2af8eb42d56 -> 
========================================================================
Received Prepare
Registering precompiled user dll's ...
Registered in 0.001902 seconds.
Begin MonoManager ReloadAssembly
Native extension for OSXStandalone target not found
Refreshing native plugins compatible for Editor in 0.37 ms, found 2 plugins.
Preloading 0 native plugins for Editor in 0.00 ms.
Mono: successfully reloaded assembly
- Completed reload, in  1.227 seconds
Domain Reload Profiling:
	ReloadAssembly (1227ms)
		BeginReloadAssembly (184ms)
			ExecutionOrderSort (0ms)
			DisableScriptedObjects (8ms)
			BackupInstance (0ms)
			ReleaseScriptingObjects (0ms)
			CreateAndSetChildDomain (86ms)
		EndReloadAssembly (962ms)
			LoadAssemblies (120ms)
			RebuildTransferFunctionScriptingTraits (0ms)
			SetupTypeCache (373ms)
			ReleaseScriptCaches (1ms)
			RebuildScriptCaches (51ms)
			SetupLoadedEditorAssemblies (313ms)
				LogAssemblyErrors (0ms)
				InitializePlatformSupportModulesInManaged (5ms)
				SetLoadedEditorAssemblies (1ms)
				RefreshPlugins (0ms)
				BeforeProcessingInitializeOnLoad (76ms)
				ProcessInitializeOnLoadAttributes (224ms)
				ProcessInitializeOnLoadMethodAttributes (5ms)
				AfterProcessingInitializeOnLoad (2ms)
				EditorAssembliesLoaded (0ms)
			ExecutionOrderSort2 (0ms)
			AwakeInstancesAfterBackupRestoration (9ms)
Platform modules already initialized, skipping
Refreshing native plugins compatible for Editor in 0.37 ms, found 2 plugins.
Preloading 0 native plugins for Editor in 0.00 ms.
Unloading 1393 Unused Serialized files (Serialized files now loaded: 0)
System memory in use before: 145.3 MB.
System memory in use after: 145.4 MB.

Unloading 14 unused Assets to reduce memory usage. Loaded Objects now: 1863.
Total: 1.958759 ms (FindLiveObjects: 0.164639 ms CreateObjectMapping: 0.048183 ms MarkObjects: 1.691058 ms  DeleteObjects: 0.053723 ms)

AssetImportParameters requested are different than current active one (requested -> active):
  custom:video-decoder-ogg-theora: a1e56fd34408186e4bbccfd4996cb3dc -> 
  custom:container-muxer-webm: aa71ff27fc2769a1b78a27578f13a17b -> 
  custom:container-demuxer-webm: 4f35f7cbe854078d1ac9338744f61a02 -> 
  custom:container-demuxer-ogg: 62fdf1f143b41e24485cea50d1cbac27 -> 
  custom:video-encoder-webm-vp8: eb34c28f22e8b96e1ab97ce403110664 -> 
  custom:framework-osx-AVFoundation: b23960f63f64bdc6ff669e2cdcee2391 -> 
  custom:video-decoder-webm-vp8: 9c59270c3fd7afecdb556c50c9e8de78 -> 
  custom:audio-decoder-ogg-vorbis: bf7c407c2cedff20999df2af8eb42d56 -> 
  custom:audio-encoder-webm-vorbis: bf7c407c2cedff20999df2af8eb42d56 -> 
========================================================================
Received Import Request.
  Time since last request: 2063.222489 seconds.
  path: Assets/Prefab/Bishop/Prefabs/BishopLight 1.prefab
  artifactKey: Guid(5bd5216cd2e2be8488a5e11f950b2844) Importer(815301076,1909f56bfc062723c751e8b465ee728b)
Start importing Assets/Prefab/Bishop/Prefabs/BishopLight 1.prefab using Guid(5bd5216cd2e2be8488a5e11f950b2844) Importer(815301076,1909f56bfc062723c751e8b465ee728b)  -> (artifact id: 'a06fc212ab372a7fbd79af4fc264fc94') in 0.475198 seconds 
  Import took 0.479153 seconds .

========================================================================
Received Import Request.
  Time since last request: 58.790407 seconds.
  path: Assets/Prefab/Bishop/Prefabs/BishopLight 1.prefab
  artifactKey: Guid(5bd5216cd2e2be8488a5e11f950b2844) Importer(815301076,1909f56bfc062723c751e8b465ee728b)
Start importing Assets/Prefab/Bishop/Prefabs/BishopLight 1.prefab using Guid(5bd5216cd2e2be8488a5e11f950b2844) Importer(815301076,1909f56bfc062723c751e8b465ee728b)  -> (artifact id: 'b9cc085e3bceb16ace84b685ad1e5524') in 0.025145 seconds 
  Import took 0.030265 seconds .

========================================================================
Received Prepare
Registering precompiled user dll's ...
Registered in 0.001594 seconds.
Begin MonoManager ReloadAssembly
Native extension for OSXStandalone target not found
Refreshing native plugins compatible for Editor in 0.36 ms, found 2 plugins.
Preloading 0 native plugins for Editor in 0.00 ms.
Mono: successfully reloaded assembly
- Completed reload, in  1.546 seconds
Domain Reload Profiling:
	ReloadAssembly (1547ms)
		BeginReloadAssembly (179ms)
			ExecutionOrderSort (0ms)
			DisableScriptedObjects (5ms)
			BackupInstance (0ms)
			ReleaseScriptingObjects (0ms)
			CreateAndSetChildDomain (76ms)
		EndReloadAssembly (1160ms)
			LoadAssemblies (162ms)
			RebuildTransferFunctionScriptingTraits (0ms)
			SetupTypeCache (492ms)
			ReleaseScriptCaches (1ms)
			RebuildScriptCaches (54ms)
			SetupLoadedEditorAssemblies (338ms)
				LogAssemblyErrors (0ms)
				InitializePlatformSupportModulesInManaged (8ms)
				SetLoadedEditorAssemblies (1ms)
				RefreshPlugins (0ms)
				BeforeProcessingInitializeOnLoad (85ms)
				ProcessInitializeOnLoadAttributes (238ms)
				ProcessInitializeOnLoadMethodAttributes (5ms)
				AfterProcessingInitializeOnLoad (1ms)
				EditorAssembliesLoaded (0ms)
			ExecutionOrderSort2 (0ms)
			AwakeInstancesAfterBackupRestoration (9ms)
Platform modules already initialized, skipping
Refreshing native plugins compatible for Editor in 0.32 ms, found 2 plugins.
Preloading 0 native plugins for Editor in 0.00 ms.
Unloading 1393 Unused Serialized files (Serialized files now loaded: 0)
System memory in use before: 153.3 MB.
System memory in use after: 153.4 MB.

Unloading 14 unused Assets to reduce memory usage. Loaded Objects now: 1874.
Total: 1.896472 ms (FindLiveObjects: 0.229518 ms CreateObjectMapping: 0.080891 ms MarkObjects: 1.529186 ms  DeleteObjects: 0.056014 ms)

AssetImportParameters requested are different than current active one (requested -> active):
  custom:video-decoder-ogg-theora: a1e56fd34408186e4bbccfd4996cb3dc -> 
  custom:container-muxer-webm: aa71ff27fc2769a1b78a27578f13a17b -> 
  custom:container-demuxer-webm: 4f35f7cbe854078d1ac9338744f61a02 -> 
  custom:container-demuxer-ogg: 62fdf1f143b41e24485cea50d1cbac27 -> 
  custom:video-encoder-webm-vp8: eb34c28f22e8b96e1ab97ce403110664 -> 
  custom:framework-osx-AVFoundation: b23960f63f64bdc6ff669e2cdcee2391 -> 
  custom:video-decoder-webm-vp8: 9c59270c3fd7afecdb556c50c9e8de78 -> 
  custom:audio-decoder-ogg-vorbis: bf7c407c2cedff20999df2af8eb42d56 -> 
  custom:audio-encoder-webm-vorbis: bf7c407c2cedff20999df2af8eb42d56 -> 
========================================================================
Received Prepare
Registering precompiled user dll's ...
Registered in 0.001823 seconds.
Begin MonoManager ReloadAssembly
Native extension for OSXStandalone target not found
Refreshing native plugins compatible for Editor in 0.42 ms, found 2 plugins.
Preloading 0 native plugins for Editor in 0.00 ms.
Mono: successfully reloaded assembly
- Completed reload, in  1.194 seconds
Domain Reload Profiling:
	ReloadAssembly (1194ms)
		BeginReloadAssembly (142ms)
			ExecutionOrderSort (0ms)
			DisableScriptedObjects (5ms)
			BackupInstance (0ms)
			ReleaseScriptingObjects (0ms)
			CreateAndSetChildDomain (67ms)
		EndReloadAssembly (969ms)
			LoadAssemblies (92ms)
			RebuildTransferFunctionScriptingTraits (0ms)
			SetupTypeCache (371ms)
			ReleaseScriptCaches (1ms)
			RebuildScriptCaches (53ms)
			SetupLoadedEditorAssemblies (324ms)
				LogAssemblyErrors (0ms)
				InitializePlatformSupportModulesInManaged (6ms)
				SetLoadedEditorAssemblies (1ms)
				RefreshPlugins (0ms)
				BeforeProcessingInitializeOnLoad (85ms)
				ProcessInitializeOnLoadAttributes (226ms)
				ProcessInitializeOnLoadMethodAttributes (5ms)
				AfterProcessingInitializeOnLoad (1ms)
				EditorAssembliesLoaded (0ms)
			ExecutionOrderSort2 (0ms)
			AwakeInstancesAfterBackupRestoration (8ms)
Platform modules already initialized, skipping
Refreshing native plugins compatible for Editor in 0.31 ms, found 2 plugins.
Preloading 0 native plugins for Editor in 0.00 ms.
Unloading 1393 Unused Serialized files (Serialized files now loaded: 0)
System memory in use before: 153.5 MB.
System memory in use after: 153.6 MB.

Unloading 14 unused Assets to reduce memory usage. Loaded Objects now: 1877.
Total: 2.001129 ms (FindLiveObjects: 0.157099 ms CreateObjectMapping: 0.044387 ms MarkObjects: 1.745518 ms  DeleteObjects: 0.053132 ms)

AssetImportParameters requested are different than current active one (requested -> active):
  custom:video-decoder-ogg-theora: a1e56fd34408186e4bbccfd4996cb3dc -> 
  custom:container-muxer-webm: aa71ff27fc2769a1b78a27578f13a17b -> 
  custom:container-demuxer-webm: 4f35f7cbe854078d1ac9338744f61a02 -> 
  custom:container-demuxer-ogg: 62fdf1f143b41e24485cea50d1cbac27 -> 
  custom:video-encoder-webm-vp8: eb34c28f22e8b96e1ab97ce403110664 -> 
  custom:framework-osx-AVFoundation: b23960f63f64bdc6ff669e2cdcee2391 -> 
  custom:video-decoder-webm-vp8: 9c59270c3fd7afecdb556c50c9e8de78 -> 
  custom:audio-decoder-ogg-vorbis: bf7c407c2cedff20999df2af8eb42d56 -> 
  custom:audio-encoder-webm-vorbis: bf7c407c2cedff20999df2af8eb42d56 -> 
========================================================================
Received Import Request.
  Time since last request: 271.049195 seconds.
  path: Assets/Prefab/Bishop/Prefabs/BishopLight 1.prefab
  artifactKey: Guid(5bd5216cd2e2be8488a5e11f950b2844) Importer(815301076,1909f56bfc062723c751e8b465ee728b)
Start importing Assets/Prefab/Bishop/Prefabs/BishopLight 1.prefab using Guid(5bd5216cd2e2be8488a5e11f950b2844) Importer(815301076,1909f56bfc062723c751e8b465ee728b)  -> (artifact id: 'b8527eb376980d1cb4811a9625195e13') in 0.086960 seconds 
  Import took 0.091707 seconds .

========================================================================
Received Import Request.
  Time since last request: 7.141487 seconds.
  path: Assets/Prefab/Bishop/Prefabs/BishopLight 1.prefab
  artifactKey: Guid(5bd5216cd2e2be8488a5e11f950b2844) Importer(815301076,1909f56bfc062723c751e8b465ee728b)
Start importing Assets/Prefab/Bishop/Prefabs/BishopLight 1.prefab using Guid(5bd5216cd2e2be8488a5e11f950b2844) Importer(815301076,1909f56bfc062723c751e8b465ee728b)  -> (artifact id: '5815772f1c49ed63cd208f448e9d340e') in 0.014649 seconds 
  Import took 0.017578 seconds .

========================================================================
Received Import Request.
  Time since last request: 0.011903 seconds.
  path: Assets/Prefab/Bishop/Prefabs/BishopLight 1.prefab
  artifactKey: Guid(5bd5216cd2e2be8488a5e11f950b2844) Importer(815301076,1909f56bfc062723c751e8b465ee728b)
Start importing Assets/Prefab/Bishop/Prefabs/BishopLight 1.prefab using Guid(5bd5216cd2e2be8488a5e11f950b2844) Importer(815301076,1909f56bfc062723c751e8b465ee728b)  -> (artifact id: '5815772f1c49ed63cd208f448e9d340e') in 0.016274 seconds 
  Import took 0.019363 seconds .

========================================================================
Received Import Request.
  Time since last request: 14.442097 seconds.
  path: Assets/Prefab/Bishop/Prefabs/BishopLight 1.prefab
  artifactKey: Guid(5bd5216cd2e2be8488a5e11f950b2844) Importer(815301076,1909f56bfc062723c751e8b465ee728b)
Start importing Assets/Prefab/Bishop/Prefabs/BishopLight 1.prefab using Guid(5bd5216cd2e2be8488a5e11f950b2844) Importer(815301076,1909f56bfc062723c751e8b465ee728b)  -> (artifact id: '67f0c7edd59d2e20e0866a6479d91c35') in 0.013844 seconds 
  Import took 0.018319 seconds .

========================================================================
Received Import Request.
  Time since last request: 28.564746 seconds.
  path: Assets/Prefab/Bishop/Prefabs/BishopDark 1.prefab
  artifactKey: Guid(14605321a410cd54fbda0cf05ac5e885) Importer(815301076,1909f56bfc062723c751e8b465ee728b)
Start importing Assets/Prefab/Bishop/Prefabs/BishopDark 1.prefab using Guid(14605321a410cd54fbda0cf05ac5e885) Importer(815301076,1909f56bfc062723c751e8b465ee728b)  -> (artifact id: '4107520d6cb3e9e5211f587bd3fbb60f') in 0.017076 seconds 
  Import took 0.020858 seconds .

========================================================================
Received Import Request.
  Time since last request: 12.042434 seconds.
  path: Assets/Prefab/King/Prefabs/KingDark 1.prefab
  artifactKey: Guid(a3d1fa0d0354c8b40be40f74cb5c8ea9) Importer(815301076,1909f56bfc062723c751e8b465ee728b)
Start importing Assets/Prefab/King/Prefabs/KingDark 1.prefab using Guid(a3d1fa0d0354c8b40be40f74cb5c8ea9) Importer(815301076,1909f56bfc062723c751e8b465ee728b)  -> (artifact id: '2d36e97eb06f99eb9d6563c90ca16355') in 0.023735 seconds 
  Import took 0.026646 seconds .

========================================================================
Received Import Request.
  Time since last request: 10.241323 seconds.
  path: Assets/Prefab/King/Prefabs/KingLight 1.prefab
  artifactKey: Guid(01f6907f1737577479224b8aec93eeb0) Importer(815301076,1909f56bfc062723c751e8b465ee728b)
Start importing Assets/Prefab/King/Prefabs/KingLight 1.prefab using Guid(01f6907f1737577479224b8aec93eeb0) Importer(815301076,1909f56bfc062723c751e8b465ee728b)  -> (artifact id: 'fc1869e9deab74a878f768e79d4791c4') in 0.016320 seconds 
  Import took 0.019154 seconds .

========================================================================
Received Import Request.
  Time since last request: 2.487200 seconds.
  path: Assets/Prefab/Knight/Prefabs/KnightLight 1.prefab
  artifactKey: Guid(f4f77fb8d439b134e8d808c4ecec7739) Importer(815301076,1909f56bfc062723c751e8b465ee728b)
Start importing Assets/Prefab/Knight/Prefabs/KnightLight 1.prefab using Guid(f4f77fb8d439b134e8d808c4ecec7739) Importer(815301076,1909f56bfc062723c751e8b465ee728b)  -> (artifact id: '6eb1646fb32511267a467526970f22b5') in 0.016849 seconds 
  Import took 0.021134 seconds .

========================================================================
Received Import Request.
  Time since last request: 4.553430 seconds.
  path: Assets/Prefab/Knight/Prefabs/KnightDark 1.prefab
  artifactKey: Guid(713811e89d438f445855e4a760158581) Importer(815301076,1909f56bfc062723c751e8b465ee728b)
Start importing Assets/Prefab/Knight/Prefabs/KnightDark 1.prefab using Guid(713811e89d438f445855e4a760158581) Importer(815301076,1909f56bfc062723c751e8b465ee728b)  -> (artifact id: '348f06017cf5bd41d72bc33833fd3924') in 0.016216 seconds 
  Import took 0.019793 seconds .

========================================================================
Received Import Request.
  Time since last request: 0.005700 seconds.
  path: Assets/Prefab/Knight/Prefabs/KnightDark 1.prefab
  artifactKey: Guid(713811e89d438f445855e4a760158581) Importer(815301076,1909f56bfc062723c751e8b465ee728b)
Start importing Assets/Prefab/Knight/Prefabs/KnightDark 1.prefab using Guid(713811e89d438f445855e4a760158581) Importer(815301076,1909f56bfc062723c751e8b465ee728b)  -> (artifact id: '348f06017cf5bd41d72bc33833fd3924') in 0.019581 seconds 
  Import took 0.022397 seconds .

========================================================================
Received Import Request.
  Time since last request: 4.553444 seconds.
  path: Assets/Prefab/Knight/Prefabs/KnightDark 1.prefab
  artifactKey: Guid(713811e89d438f445855e4a760158581) Importer(815301076,1909f56bfc062723c751e8b465ee728b)
Start importing Assets/Prefab/Knight/Prefabs/KnightDark 1.prefab using Guid(713811e89d438f445855e4a760158581) Importer(815301076,1909f56bfc062723c751e8b465ee728b)  -> (artifact id: 'd6f9bd3a12e4aa4ed04ba4a2769ce896') in 0.015721 seconds 
  Import took 0.018852 seconds .

========================================================================
Received Import Request.
  Time since last request: 0.009786 seconds.
  path: Assets/Prefab/Knight/Prefabs/KnightDark 1.prefab
  artifactKey: Guid(713811e89d438f445855e4a760158581) Importer(815301076,1909f56bfc062723c751e8b465ee728b)
Start importing Assets/Prefab/Knight/Prefabs/KnightDark 1.prefab using Guid(713811e89d438f445855e4a760158581) Importer(815301076,1909f56bfc062723c751e8b465ee728b)  -> (artifact id: 'd6f9bd3a12e4aa4ed04ba4a2769ce896') in 0.016231 seconds 
  Import took 0.019015 seconds .

========================================================================
Received Import Request.
  Time since last request: 1.404995 seconds.
  path: Assets/Prefab/Knight/Prefabs/KnightDark 1.prefab
  artifactKey: Guid(713811e89d438f445855e4a760158581) Importer(815301076,1909f56bfc062723c751e8b465ee728b)
Start importing Assets/Prefab/Knight/Prefabs/KnightDark 1.prefab using Guid(713811e89d438f445855e4a760158581) Importer(815301076,1909f56bfc062723c751e8b465ee728b)  -> (artifact id: '1e54a13514a368101c8d0a4b07f31688') in 0.015130 seconds 
  Import took 0.018678 seconds .

========================================================================
Received Import Request.
  Time since last request: 0.012053 seconds.
  path: Assets/Prefab/Knight/Prefabs/KnightDark 1.prefab
  artifactKey: Guid(713811e89d438f445855e4a760158581) Importer(815301076,1909f56bfc062723c751e8b465ee728b)
Start importing Assets/Prefab/Knight/Prefabs/KnightDark 1.prefab using Guid(713811e89d438f445855e4a760158581) Importer(815301076,1909f56bfc062723c751e8b465ee728b)  -> (artifact id: '1e54a13514a368101c8d0a4b07f31688') in 0.021435 seconds 
  Import took 0.024495 seconds .

========================================================================
Received Import Request.
  Time since last request: 12.546565 seconds.
  path: Assets/Prefab/Knight/Prefabs/KnightLight 1.prefab
  artifactKey: Guid(f4f77fb8d439b134e8d808c4ecec7739) Importer(815301076,1909f56bfc062723c751e8b465ee728b)
Start importing Assets/Prefab/Knight/Prefabs/KnightLight 1.prefab using Guid(f4f77fb8d439b134e8d808c4ecec7739) Importer(815301076,1909f56bfc062723c751e8b465ee728b)  -> (artifact id: 'f5c721d622e64b7954db80dd079675ea') in 0.028723 seconds 
  Import took 0.034349 seconds .

========================================================================
Received Import Request.
  Time since last request: 5.851439 seconds.
  path: Assets/Prefab/Pawn/Prefab/PawnDark 1.prefab
  artifactKey: Guid(49897ceca24682a4c8d7ec6ffb6e0fba) Importer(815301076,1909f56bfc062723c751e8b465ee728b)
Start importing Assets/Prefab/Pawn/Prefab/PawnDark 1.prefab using Guid(49897ceca24682a4c8d7ec6ffb6e0fba) Importer(815301076,1909f56bfc062723c751e8b465ee728b)  -> (artifact id: '305f5ff3b4a7c70564b34ef146c3dc70') in 0.017677 seconds 
  Import took 0.020516 seconds .

========================================================================
Received Import Request.
  Time since last request: 0.007625 seconds.
  path: Assets/Prefab/Pawn/Prefab/PawnDark 1.prefab
  artifactKey: Guid(49897ceca24682a4c8d7ec6ffb6e0fba) Importer(815301076,1909f56bfc062723c751e8b465ee728b)
Start importing Assets/Prefab/Pawn/Prefab/PawnDark 1.prefab using Guid(49897ceca24682a4c8d7ec6ffb6e0fba) Importer(815301076,1909f56bfc062723c751e8b465ee728b)  -> (artifact id: '305f5ff3b4a7c70564b34ef146c3dc70') in 0.018419 seconds 
  Import took 0.021314 seconds .

========================================================================
Received Import Request.
  Time since last request: 0.813113 seconds.
  path: Assets/Prefab/Pawn/Prefab/PawnDark 1.prefab
  artifactKey: Guid(49897ceca24682a4c8d7ec6ffb6e0fba) Importer(815301076,1909f56bfc062723c751e8b465ee728b)
Start importing Assets/Prefab/Pawn/Prefab/PawnDark 1.prefab using Guid(49897ceca24682a4c8d7ec6ffb6e0fba) Importer(815301076,1909f56bfc062723c751e8b465ee728b)  -> (artifact id: '1051b3af2075ffa7a7ed2b549b506363') in 0.014073 seconds 
  Import took 0.018603 seconds .

========================================================================
Received Import Request.
  Time since last request: 0.007375 seconds.
  path: Assets/Prefab/Pawn/Prefab/PawnDark 1.prefab
  artifactKey: Guid(49897ceca24682a4c8d7ec6ffb6e0fba) Importer(815301076,1909f56bfc062723c751e8b465ee728b)
Start importing Assets/Prefab/Pawn/Prefab/PawnDark 1.prefab using Guid(49897ceca24682a4c8d7ec6ffb6e0fba) Importer(815301076,1909f56bfc062723c751e8b465ee728b)  -> (artifact id: '1051b3af2075ffa7a7ed2b549b506363') in 0.017185 seconds 
  Import took 0.020021 seconds .

========================================================================
Received Import Request.
  Time since last request: 2.579455 seconds.
  path: Assets/Prefab/Pawn/Prefab/PawnDark 1.prefab
  artifactKey: Guid(49897ceca24682a4c8d7ec6ffb6e0fba) Importer(815301076,1909f56bfc062723c751e8b465ee728b)
Start importing Assets/Prefab/Pawn/Prefab/PawnDark 1.prefab using Guid(49897ceca24682a4c8d7ec6ffb6e0fba) Importer(815301076,1909f56bfc062723c751e8b465ee728b)  -> (artifact id: '54248139be477df0a9d009fac7e17f23') in 0.015081 seconds 
  Import took 0.018497 seconds .

========================================================================
Received Import Request.
  Time since last request: 0.011003 seconds.
  path: Assets/Prefab/Pawn/Prefab/PawnDark 1.prefab
  artifactKey: Guid(49897ceca24682a4c8d7ec6ffb6e0fba) Importer(815301076,1909f56bfc062723c751e8b465ee728b)
Start importing Assets/Prefab/Pawn/Prefab/PawnDark 1.prefab using Guid(49897ceca24682a4c8d7ec6ffb6e0fba) Importer(815301076,1909f56bfc062723c751e8b465ee728b)  -> (artifact id: '54248139be477df0a9d009fac7e17f23') in 0.016729 seconds 
  Import took 0.020085 seconds .

========================================================================
Received Import Request.
  Time since last request: 1.666171 seconds.
  path: Assets/Prefab/Pawn/Prefab/PawnDark 1.prefab
  artifactKey: Guid(49897ceca24682a4c8d7ec6ffb6e0fba) Importer(815301076,1909f56bfc062723c751e8b465ee728b)
Start importing Assets/Prefab/Pawn/Prefab/PawnDark 1.prefab using Guid(49897ceca24682a4c8d7ec6ffb6e0fba) Importer(815301076,1909f56bfc062723c751e8b465ee728b)  -> (artifact id: 'bc28943121f2bf6a88bd223f61168497') in 0.015968 seconds 
  Import took 0.020956 seconds .

========================================================================
Received Import Request.
  Time since last request: 0.015230 seconds.
  path: Assets/Prefab/Pawn/Prefab/PawnDark 1.prefab
  artifactKey: Guid(49897ceca24682a4c8d7ec6ffb6e0fba) Importer(815301076,1909f56bfc062723c751e8b465ee728b)
Start importing Assets/Prefab/Pawn/Prefab/PawnDark 1.prefab using Guid(49897ceca24682a4c8d7ec6ffb6e0fba) Importer(815301076,1909f56bfc062723c751e8b465ee728b)  -> (artifact id: 'bc28943121f2bf6a88bd223f61168497') in 0.028490 seconds 
  Import took 0.033599 seconds .

========================================================================
Received Import Request.
  Time since last request: 3.584335 seconds.
  path: Assets/Prefab/Pawn/Prefab/PawnLight 1.prefab
  artifactKey: Guid(273eaa05daeb3fd44b77a2cc05d2e676) Importer(815301076,1909f56bfc062723c751e8b465ee728b)
Start importing Assets/Prefab/Pawn/Prefab/PawnLight 1.prefab using Guid(273eaa05daeb3fd44b77a2cc05d2e676) Importer(815301076,1909f56bfc062723c751e8b465ee728b)  -> (artifact id: 'd804be101ac2e6e2e93766e251cd67ea') in 0.015332 seconds 
  Import took 0.018418 seconds .

========================================================================
Received Import Request.
  Time since last request: 0.010633 seconds.
  path: Assets/Prefab/Pawn/Prefab/PawnLight 1.prefab
  artifactKey: Guid(273eaa05daeb3fd44b77a2cc05d2e676) Importer(815301076,1909f56bfc062723c751e8b465ee728b)
Start importing Assets/Prefab/Pawn/Prefab/PawnLight 1.prefab using Guid(273eaa05daeb3fd44b77a2cc05d2e676) Importer(815301076,1909f56bfc062723c751e8b465ee728b)  -> (artifact id: 'd804be101ac2e6e2e93766e251cd67ea') in 0.018295 seconds 
  Import took 0.021394 seconds .

========================================================================
Received Import Request.
  Time since last request: 0.772027 seconds.
  path: Assets/Prefab/Pawn/Prefab/PawnLight 1.prefab
  artifactKey: Guid(273eaa05daeb3fd44b77a2cc05d2e676) Importer(815301076,1909f56bfc062723c751e8b465ee728b)
Start importing Assets/Prefab/Pawn/Prefab/PawnLight 1.prefab using Guid(273eaa05daeb3fd44b77a2cc05d2e676) Importer(815301076,1909f56bfc062723c751e8b465ee728b)  -> (artifact id: 'eac0932ea8f4d9b5d626e775ce75b294') in 0.016914 seconds 
  Import took 0.020713 seconds .

========================================================================
Received Import Request.
  Time since last request: 0.010246 seconds.
  path: Assets/Prefab/Pawn/Prefab/PawnLight 1.prefab
  artifactKey: Guid(273eaa05daeb3fd44b77a2cc05d2e676) Importer(815301076,1909f56bfc062723c751e8b465ee728b)
Start importing Assets/Prefab/Pawn/Prefab/PawnLight 1.prefab using Guid(273eaa05daeb3fd44b77a2cc05d2e676) Importer(815301076,1909f56bfc062723c751e8b465ee728b)  -> (artifact id: 'eac0932ea8f4d9b5d626e775ce75b294') in 0.018580 seconds 
  Import took 0.021689 seconds .

========================================================================
Received Import Request.
  Time since last request: 3.561983 seconds.
  path: Assets/Prefab/Pawn/Prefab/PawnLight 1.prefab
  artifactKey: Guid(273eaa05daeb3fd44b77a2cc05d2e676) Importer(815301076,1909f56bfc062723c751e8b465ee728b)
Start importing Assets/Prefab/Pawn/Prefab/PawnLight 1.prefab using Guid(273eaa05daeb3fd44b77a2cc05d2e676) Importer(815301076,1909f56bfc062723c751e8b465ee728b)  -> (artifact id: 'e1c999d11aa438aa0ac5ed3cb7ad8640') in 0.015897 seconds 
  Import took 0.020252 seconds .

========================================================================
Received Import Request.
  Time since last request: 0.011548 seconds.
  path: Assets/Prefab/Pawn/Prefab/PawnLight 1.prefab
  artifactKey: Guid(273eaa05daeb3fd44b77a2cc05d2e676) Importer(815301076,1909f56bfc062723c751e8b465ee728b)
Start importing Assets/Prefab/Pawn/Prefab/PawnLight 1.prefab using Guid(273eaa05daeb3fd44b77a2cc05d2e676) Importer(815301076,1909f56bfc062723c751e8b465ee728b)  -> (artifact id: 'e1c999d11aa438aa0ac5ed3cb7ad8640') in 0.017641 seconds 
  Import took 0.021047 seconds .

========================================================================
Received Import Request.
  Time since last request: 1.870681 seconds.
  path: Assets/Prefab/Pawn/Prefab/PawnLight 1.prefab
  artifactKey: Guid(273eaa05daeb3fd44b77a2cc05d2e676) Importer(815301076,1909f56bfc062723c751e8b465ee728b)
Start importing Assets/Prefab/Pawn/Prefab/PawnLight 1.prefab using Guid(273eaa05daeb3fd44b77a2cc05d2e676) Importer(815301076,1909f56bfc062723c751e8b465ee728b)  -> (artifact id: 'fdd301372eca4f85da4688eea1cd5246') in 0.015410 seconds 
  Import took 0.020455 seconds .

========================================================================
Received Import Request.
  Time since last request: 0.010207 seconds.
  path: Assets/Prefab/Pawn/Prefab/PawnLight 1.prefab
  artifactKey: Guid(273eaa05daeb3fd44b77a2cc05d2e676) Importer(815301076,1909f56bfc062723c751e8b465ee728b)
Start importing Assets/Prefab/Pawn/Prefab/PawnLight 1.prefab using Guid(273eaa05daeb3fd44b77a2cc05d2e676) Importer(815301076,1909f56bfc062723c751e8b465ee728b)  -> (artifact id: 'fdd301372eca4f85da4688eea1cd5246') in 0.018480 seconds 
  Import took 0.021537 seconds .

========================================================================
Received Import Request.
  Time since last request: 10.887998 seconds.
  path: Assets/Prefab/Queen/Prefabs/QueenDark 1.prefab
  artifactKey: Guid(64a0733044b4b454e8fb776d552d390f) Importer(815301076,1909f56bfc062723c751e8b465ee728b)
Start importing Assets/Prefab/Queen/Prefabs/QueenDark 1.prefab using Guid(64a0733044b4b454e8fb776d552d390f) Importer(815301076,1909f56bfc062723c751e8b465ee728b)  -> (artifact id: 'e6adb31506a84c921f87737b6dd3476d') in 0.023594 seconds 
  Import took 0.028973 seconds .

========================================================================
Received Import Request.
  Time since last request: 0.008878 seconds.
  path: Assets/Prefab/Queen/Prefabs/QueenDark 1.prefab
  artifactKey: Guid(64a0733044b4b454e8fb776d552d390f) Importer(815301076,1909f56bfc062723c751e8b465ee728b)
Start importing Assets/Prefab/Queen/Prefabs/QueenDark 1.prefab using Guid(64a0733044b4b454e8fb776d552d390f) Importer(815301076,1909f56bfc062723c751e8b465ee728b)  -> (artifact id: 'e6adb31506a84c921f87737b6dd3476d') in 0.022217 seconds 
  Import took 0.026508 seconds .

========================================================================
Received Import Request.
  Time since last request: 9.846888 seconds.
  path: Assets/Prefab/Queen/Prefabs/QueenLight 1.prefab
  artifactKey: Guid(ac2ecd1a2e0b4db458e3d48f30323546) Importer(815301076,1909f56bfc062723c751e8b465ee728b)
Start importing Assets/Prefab/Queen/Prefabs/QueenLight 1.prefab using Guid(ac2ecd1a2e0b4db458e3d48f30323546) Importer(815301076,1909f56bfc062723c751e8b465ee728b)  -> (artifact id: 'fb9645fbd0f6ea50982b6e7badbe40fd') in 0.030355 seconds 
  Import took 0.033311 seconds .

========================================================================
Received Import Request.
  Time since last request: 6.126855 seconds.
  path: Assets/Prefab/Rook/Prefabs/RookDark 1.prefab
  artifactKey: Guid(ec457830752938f45adea46da877822e) Importer(815301076,1909f56bfc062723c751e8b465ee728b)
Start importing Assets/Prefab/Rook/Prefabs/RookDark 1.prefab using Guid(ec457830752938f45adea46da877822e) Importer(815301076,1909f56bfc062723c751e8b465ee728b)  -> (artifact id: '9328fb4be119436b9f2108d99357f801') in 0.016574 seconds 
  Import took 0.019833 seconds .

========================================================================
Received Import Request.
  Time since last request: 0.000851 seconds.
  path: Assets/Prefab/Rook/Prefabs/RookDark 1.prefab
  artifactKey: Guid(ec457830752938f45adea46da877822e) Importer(815301076,1909f56bfc062723c751e8b465ee728b)
Start importing Assets/Prefab/Rook/Prefabs/RookDark 1.prefab using Guid(ec457830752938f45adea46da877822e) Importer(815301076,1909f56bfc062723c751e8b465ee728b)  -> (artifact id: '9328fb4be119436b9f2108d99357f801') in 0.019242 seconds 
  Import took 0.022034 seconds .

========================================================================
Received Import Request.
  Time since last request: 6.534724 seconds.
  path: Assets/Prefab/Rook/Prefabs/RookDark 1.prefab
  artifactKey: Guid(ec457830752938f45adea46da877822e) Importer(815301076,1909f56bfc062723c751e8b465ee728b)
Start importing Assets/Prefab/Rook/Prefabs/RookDark 1.prefab using Guid(ec457830752938f45adea46da877822e) Importer(815301076,1909f56bfc062723c751e8b465ee728b)  -> (artifact id: '87aa37cfb27e3f219a7a58a5bde7bcc3') in 0.017213 seconds 
  Import took 0.021358 seconds .

========================================================================
Received Import Request.
  Time since last request: 0.009365 seconds.
  path: Assets/Prefab/Rook/Prefabs/RookDark 1.prefab
  artifactKey: Guid(ec457830752938f45adea46da877822e) Importer(815301076,1909f56bfc062723c751e8b465ee728b)
Start importing Assets/Prefab/Rook/Prefabs/RookDark 1.prefab using Guid(ec457830752938f45adea46da877822e) Importer(815301076,1909f56bfc062723c751e8b465ee728b)  -> (artifact id: '87aa37cfb27e3f219a7a58a5bde7bcc3') in 0.022855 seconds 
  Import took 0.026544 seconds .

========================================================================
Received Import Request.
  Time since last request: 1.798111 seconds.
  path: Assets/Prefab/Rook/Prefabs/RookDark 1.prefab
  artifactKey: Guid(ec457830752938f45adea46da877822e) Importer(815301076,1909f56bfc062723c751e8b465ee728b)
Start importing Assets/Prefab/Rook/Prefabs/RookDark 1.prefab using Guid(ec457830752938f45adea46da877822e) Importer(815301076,1909f56bfc062723c751e8b465ee728b)  -> (artifact id: 'c57c95ac4577298a67b9920a21228231') in 0.015583 seconds 
  Import took 0.018976 seconds .

========================================================================
Received Import Request.
  Time since last request: 0.008884 seconds.
  path: Assets/Prefab/Rook/Prefabs/RookDark 1.prefab
  artifactKey: Guid(ec457830752938f45adea46da877822e) Importer(815301076,1909f56bfc062723c751e8b465ee728b)
Start importing Assets/Prefab/Rook/Prefabs/RookDark 1.prefab using Guid(ec457830752938f45adea46da877822e) Importer(815301076,1909f56bfc062723c751e8b465ee728b)  -> (artifact id: 'c57c95ac4577298a67b9920a21228231') in 0.021091 seconds 
  Import took 0.024474 seconds .

========================================================================
Received Import Request.
  Time since last request: 3.952474 seconds.
  path: Assets/Prefab/Rook/Prefabs/RookLight 1.prefab
  artifactKey: Guid(46f2af392a6024a40a38dfde6507d5bd) Importer(815301076,1909f56bfc062723c751e8b465ee728b)
Start importing Assets/Prefab/Rook/Prefabs/RookLight 1.prefab using Guid(46f2af392a6024a40a38dfde6507d5bd) Importer(815301076,1909f56bfc062723c751e8b465ee728b)  -> (artifact id: 'ac3049022372782a456bfd4ec827dfd9') in 0.014109 seconds 
  Import took 0.017642 seconds .

========================================================================
Received Import Request.
  Time since last request: 0.010095 seconds.
  path: Assets/Prefab/Rook/Prefabs/RookLight 1.prefab
  artifactKey: Guid(46f2af392a6024a40a38dfde6507d5bd) Importer(815301076,1909f56bfc062723c751e8b465ee728b)
Start importing Assets/Prefab/Rook/Prefabs/RookLight 1.prefab using Guid(46f2af392a6024a40a38dfde6507d5bd) Importer(815301076,1909f56bfc062723c751e8b465ee728b)  -> (artifact id: 'ac3049022372782a456bfd4ec827dfd9') in 0.023194 seconds 
  Import took 0.026052 seconds .

========================================================================
Received Import Request.
  Time since last request: 0.793722 seconds.
  path: Assets/Prefab/Rook/Prefabs/RookLight 1.prefab
  artifactKey: Guid(46f2af392a6024a40a38dfde6507d5bd) Importer(815301076,1909f56bfc062723c751e8b465ee728b)
Start importing Assets/Prefab/Rook/Prefabs/RookLight 1.prefab using Guid(46f2af392a6024a40a38dfde6507d5bd) Importer(815301076,1909f56bfc062723c751e8b465ee728b)  -> (artifact id: 'c240326a20a598827d5b545d96c66b5b') in 0.016420 seconds 
  Import took 0.020049 seconds .

========================================================================
Received Import Request.
  Time since last request: 0.012818 seconds.
  path: Assets/Prefab/Rook/Prefabs/RookLight 1.prefab
  artifactKey: Guid(46f2af392a6024a40a38dfde6507d5bd) Importer(815301076,1909f56bfc062723c751e8b465ee728b)
Start importing Assets/Prefab/Rook/Prefabs/RookLight 1.prefab using Guid(46f2af392a6024a40a38dfde6507d5bd) Importer(815301076,1909f56bfc062723c751e8b465ee728b)  -> (artifact id: 'c240326a20a598827d5b545d96c66b5b') in 0.020981 seconds 
  Import took 0.023909 seconds .

========================================================================
Received Import Request.
  Time since last request: 2.646180 seconds.
  path: Assets/Prefab/Rook/Prefabs/RookLight 1.prefab
  artifactKey: Guid(46f2af392a6024a40a38dfde6507d5bd) Importer(815301076,1909f56bfc062723c751e8b465ee728b)
Start importing Assets/Prefab/Rook/Prefabs/RookLight 1.prefab using Guid(46f2af392a6024a40a38dfde6507d5bd) Importer(815301076,1909f56bfc062723c751e8b465ee728b)  -> (artifact id: 'fbc0ea5c271239fe3fc51c9c048080b9') in 0.015725 seconds 
  Import took 0.019005 seconds .

========================================================================
Received Import Request.
  Time since last request: 0.019102 seconds.
  path: Assets/Prefab/Rook/Prefabs/RookLight 1.prefab
  artifactKey: Guid(46f2af392a6024a40a38dfde6507d5bd) Importer(815301076,1909f56bfc062723c751e8b465ee728b)
Start importing Assets/Prefab/Rook/Prefabs/RookLight 1.prefab using Guid(46f2af392a6024a40a38dfde6507d5bd) Importer(815301076,1909f56bfc062723c751e8b465ee728b)  -> (artifact id: 'fbc0ea5c271239fe3fc51c9c048080b9') in 0.020903 seconds 
  Import took 0.023941 seconds .

========================================================================
Received Import Request.
  Time since last request: 2.182300 seconds.
  path: Assets/Prefab/Rook/Prefabs/RookLight 1.prefab
  artifactKey: Guid(46f2af392a6024a40a38dfde6507d5bd) Importer(815301076,1909f56bfc062723c751e8b465ee728b)
Start importing Assets/Prefab/Rook/Prefabs/RookLight 1.prefab using Guid(46f2af392a6024a40a38dfde6507d5bd) Importer(815301076,1909f56bfc062723c751e8b465ee728b)  -> (artifact id: '565d1eddce4d694150a39d3c7b301c5a') in 0.017392 seconds 
  Import took 0.022439 seconds .

========================================================================
Received Import Request.
  Time since last request: 0.018882 seconds.
  path: Assets/Prefab/Rook/Prefabs/RookLight 1.prefab
  artifactKey: Guid(46f2af392a6024a40a38dfde6507d5bd) Importer(815301076,1909f56bfc062723c751e8b465ee728b)
Start importing Assets/Prefab/Rook/Prefabs/RookLight 1.prefab using Guid(46f2af392a6024a40a38dfde6507d5bd) Importer(815301076,1909f56bfc062723c751e8b465ee728b)  -> (artifact id: '565d1eddce4d694150a39d3c7b301c5a') in 0.018217 seconds 
  Import took 0.021250 seconds .

========================================================================
Received Import Request.
  Time since last request: 71.177148 seconds.
  path: Assets/Prefab/Rook/Prefabs/RookLight 1.prefab
  artifactKey: Guid(46f2af392a6024a40a38dfde6507d5bd) Importer(815301076,1909f56bfc062723c751e8b465ee728b)
Start importing Assets/Prefab/Rook/Prefabs/RookLight 1.prefab using Guid(46f2af392a6024a40a38dfde6507d5bd) Importer(815301076,1909f56bfc062723c751e8b465ee728b)  -> (artifact id: 'cb7e5bef0a1d059f149f47cf2e9f0b7d') in 0.029686 seconds 
  Import took 0.033701 seconds .

========================================================================
Received Import Request.
  Time since last request: 0.025454 seconds.
  path: Assets/Prefab/Rook/Prefabs/RookLight 1.prefab
  artifactKey: Guid(46f2af392a6024a40a38dfde6507d5bd) Importer(815301076,1909f56bfc062723c751e8b465ee728b)
Start importing Assets/Prefab/Rook/Prefabs/RookLight 1.prefab using Guid(46f2af392a6024a40a38dfde6507d5bd) Importer(815301076,1909f56bfc062723c751e8b465ee728b)  -> (artifact id: 'cb7e5bef0a1d059f149f47cf2e9f0b7d') in 0.017081 seconds 
  Import took 0.020314 seconds .

========================================================================
Received Import Request.
  Time since last request: 3.052001 seconds.
  path: Assets/Prefab/Rook/Prefabs/RookDark 1.prefab
  artifactKey: Guid(ec457830752938f45adea46da877822e) Importer(815301076,1909f56bfc062723c751e8b465ee728b)
Start importing Assets/Prefab/Rook/Prefabs/RookDark 1.prefab using Guid(ec457830752938f45adea46da877822e) Importer(815301076,1909f56bfc062723c751e8b465ee728b)  -> (artifact id: '5bbea2d9d8a5adabbe7d762f698a57b3') in 0.015336 seconds 
  Import took 0.018832 seconds .

========================================================================
Received Prepare
Registering precompiled user dll's ...
Registered in 0.002449 seconds.
Begin MonoManager ReloadAssembly
Native extension for OSXStandalone target not found
Refreshing native plugins compatible for Editor in 0.34 ms, found 2 plugins.
Preloading 0 native plugins for Editor in 0.00 ms.
Mono: successfully reloaded assembly
- Completed reload, in  1.425 seconds
Domain Reload Profiling:
	ReloadAssembly (1425ms)
		BeginReloadAssembly (157ms)
			ExecutionOrderSort (0ms)
			DisableScriptedObjects (5ms)
			BackupInstance (0ms)
			ReleaseScriptingObjects (0ms)
			CreateAndSetChildDomain (67ms)
		EndReloadAssembly (1064ms)
			LoadAssemblies (125ms)
			RebuildTransferFunctionScriptingTraits (0ms)
			SetupTypeCache (477ms)
			ReleaseScriptCaches (1ms)
			RebuildScriptCaches (51ms)
			SetupLoadedEditorAssemblies (300ms)
				LogAssemblyErrors (0ms)
				InitializePlatformSupportModulesInManaged (5ms)
				SetLoadedEditorAssemblies (0ms)
				RefreshPlugins (0ms)
				BeforeProcessingInitializeOnLoad (75ms)
				ProcessInitializeOnLoadAttributes (213ms)
				ProcessInitializeOnLoadMethodAttributes (5ms)
				AfterProcessingInitializeOnLoad (1ms)
				EditorAssembliesLoaded (0ms)
			ExecutionOrderSort2 (0ms)
			AwakeInstancesAfterBackupRestoration (8ms)
Platform modules already initialized, skipping
Refreshing native plugins compatible for Editor in 0.46 ms, found 2 plugins.
Preloading 0 native plugins for Editor in 0.00 ms.
Unloading 1393 Unused Serialized files (Serialized files now loaded: 0)
System memory in use before: 154.6 MB.
System memory in use after: 154.7 MB.

Unloading 14 unused Assets to reduce memory usage. Loaded Objects now: 1881.
Total: 1.893318 ms (FindLiveObjects: 0.201058 ms CreateObjectMapping: 0.054734 ms MarkObjects: 1.582795 ms  DeleteObjects: 0.053786 ms)

AssetImportParameters requested are different than current active one (requested -> active):
  custom:video-decoder-ogg-theora: a1e56fd34408186e4bbccfd4996cb3dc -> 
  custom:container-muxer-webm: aa71ff27fc2769a1b78a27578f13a17b -> 
  custom:container-demuxer-webm: 4f35f7cbe854078d1ac9338744f61a02 -> 
  custom:container-demuxer-ogg: 62fdf1f143b41e24485cea50d1cbac27 -> 
  custom:video-encoder-webm-vp8: eb34c28f22e8b96e1ab97ce403110664 -> 
  custom:framework-osx-AVFoundation: b23960f63f64bdc6ff669e2cdcee2391 -> 
  custom:video-decoder-webm-vp8: 9c59270c3fd7afecdb556c50c9e8de78 -> 
  custom:audio-decoder-ogg-vorbis: bf7c407c2cedff20999df2af8eb42d56 -> 
  custom:audio-encoder-webm-vorbis: bf7c407c2cedff20999df2af8eb42d56 -> 
========================================================================
Received Import Request.
  Time since last request: 194.393467 seconds.
  path: Assets/Prefab/Rook/Prefabs/RookLight 1.prefab
  artifactKey: Guid(46f2af392a6024a40a38dfde6507d5bd) Importer(815301076,1909f56bfc062723c751e8b465ee728b)
Start importing Assets/Prefab/Rook/Prefabs/RookLight 1.prefab using Guid(46f2af392a6024a40a38dfde6507d5bd) Importer(815301076,1909f56bfc062723c751e8b465ee728b)  -> (artifact id: 'a3267d9006d08985097c2d1f35c10691') in 0.098278 seconds 
  Import took 0.101855 seconds .

========================================================================
Received Import Request.
  Time since last request: 22.210599 seconds.
  path: Assets/Prefab/Rook/Prefabs/RookDark 1.prefab
  artifactKey: Guid(ec457830752938f45adea46da877822e) Importer(815301076,1909f56bfc062723c751e8b465ee728b)
Start importing Assets/Prefab/Rook/Prefabs/RookDark 1.prefab using Guid(ec457830752938f45adea46da877822e) Importer(815301076,1909f56bfc062723c751e8b465ee728b)  -> (artifact id: '4d3f64e164a66a7d36016b3ca9fb2d1d') in 0.031257 seconds 
  Import took 0.033912 seconds .

========================================================================
Received Import Request.
  Time since last request: 16.665131 seconds.
  path: Assets/Prefab/Queen/Prefabs/QueenLight 1.prefab
  artifactKey: Guid(ac2ecd1a2e0b4db458e3d48f30323546) Importer(815301076,1909f56bfc062723c751e8b465ee728b)
Start importing Assets/Prefab/Queen/Prefabs/QueenLight 1.prefab using Guid(ac2ecd1a2e0b4db458e3d48f30323546) Importer(815301076,1909f56bfc062723c751e8b465ee728b)  -> (artifact id: 'a15efac45ee98ad02fa22bf5416dbd6f') in 0.031683 seconds 
  Import took 0.036321 seconds .

========================================================================
Received Import Request.
  Time since last request: 32.343912 seconds.
  path: Assets/Prefab/Queen/Prefabs/QueenDark 1.prefab
  artifactKey: Guid(64a0733044b4b454e8fb776d552d390f) Importer(815301076,1909f56bfc062723c751e8b465ee728b)
Start importing Assets/Prefab/Queen/Prefabs/QueenDark 1.prefab using Guid(64a0733044b4b454e8fb776d552d390f) Importer(815301076,1909f56bfc062723c751e8b465ee728b)  -> (artifact id: 'ac297113f90f147400404c97011a19f6') in 0.018541 seconds 
  Import took 0.022464 seconds .

========================================================================
Received Import Request.
  Time since last request: 12.146562 seconds.
  path: Assets/Prefab/Pawn/Prefab/PawnLight 1.prefab
  artifactKey: Guid(273eaa05daeb3fd44b77a2cc05d2e676) Importer(815301076,1909f56bfc062723c751e8b465ee728b)
Start importing Assets/Prefab/Pawn/Prefab/PawnLight 1.prefab using Guid(273eaa05daeb3fd44b77a2cc05d2e676) Importer(815301076,1909f56bfc062723c751e8b465ee728b)  -> (artifact id: '20deafdb6ea8fa73a123cf290a1e3b3e') in 0.030863 seconds 
  Import took 0.035604 seconds .

========================================================================
Received Import Request.
  Time since last request: 9.467948 seconds.
  path: Assets/Prefab/Pawn/Prefab/PawnDark 1.prefab
  artifactKey: Guid(49897ceca24682a4c8d7ec6ffb6e0fba) Importer(815301076,1909f56bfc062723c751e8b465ee728b)
Start importing Assets/Prefab/Pawn/Prefab/PawnDark 1.prefab using Guid(49897ceca24682a4c8d7ec6ffb6e0fba) Importer(815301076,1909f56bfc062723c751e8b465ee728b)  -> (artifact id: '97e3e0099feb54be6ce988d36f66276c') in 0.015657 seconds 
  Import took 0.019048 seconds .

========================================================================
Received Import Request.
  Time since last request: 0.011759 seconds.
  path: Assets/Prefab/Pawn/Prefab/PawnDark 1.prefab
  artifactKey: Guid(49897ceca24682a4c8d7ec6ffb6e0fba) Importer(815301076,1909f56bfc062723c751e8b465ee728b)
Start importing Assets/Prefab/Pawn/Prefab/PawnDark 1.prefab using Guid(49897ceca24682a4c8d7ec6ffb6e0fba) Importer(815301076,1909f56bfc062723c751e8b465ee728b)  -> (artifact id: '97e3e0099feb54be6ce988d36f66276c') in 0.020894 seconds 
  Import took 0.023963 seconds .

========================================================================
Received Import Request.
  Time since last request: 0.982794 seconds.
  path: Assets/Prefab/Pawn/Prefab/PawnDark 1.prefab
  artifactKey: Guid(49897ceca24682a4c8d7ec6ffb6e0fba) Importer(815301076,1909f56bfc062723c751e8b465ee728b)
Start importing Assets/Prefab/Pawn/Prefab/PawnDark 1.prefab using Guid(49897ceca24682a4c8d7ec6ffb6e0fba) Importer(815301076,1909f56bfc062723c751e8b465ee728b)  -> (artifact id: '1916aa8e263a715e3ada535a1b0fd5c9') in 0.016412 seconds 
  Import took 0.020235 seconds .

========================================================================
Received Import Request.
  Time since last request: 0.013355 seconds.
  path: Assets/Prefab/Pawn/Prefab/PawnDark 1.prefab
  artifactKey: Guid(49897ceca24682a4c8d7ec6ffb6e0fba) Importer(815301076,1909f56bfc062723c751e8b465ee728b)
Start importing Assets/Prefab/Pawn/Prefab/PawnDark 1.prefab using Guid(49897ceca24682a4c8d7ec6ffb6e0fba) Importer(815301076,1909f56bfc062723c751e8b465ee728b)  -> (artifact id: '1916aa8e263a715e3ada535a1b0fd5c9') in 0.017286 seconds 
  Import took 0.020542 seconds .

========================================================================
Received Import Request.
  Time since last request: 0.347481 seconds.
  path: Assets/Prefab/Pawn/Prefab/PawnDark 1.prefab
  artifactKey: Guid(49897ceca24682a4c8d7ec6ffb6e0fba) Importer(815301076,1909f56bfc062723c751e8b465ee728b)
Start importing Assets/Prefab/Pawn/Prefab/PawnDark 1.prefab using Guid(49897ceca24682a4c8d7ec6ffb6e0fba) Importer(815301076,1909f56bfc062723c751e8b465ee728b)  -> (artifact id: 'ec117e7834773803a34565a9878f7abd') in 0.015082 seconds 
  Import took 0.018454 seconds .

========================================================================
Received Import Request.
  Time since last request: 0.020984 seconds.
  path: Assets/Prefab/Pawn/Prefab/PawnDark 1.prefab
  artifactKey: Guid(49897ceca24682a4c8d7ec6ffb6e0fba) Importer(815301076,1909f56bfc062723c751e8b465ee728b)
Start importing Assets/Prefab/Pawn/Prefab/PawnDark 1.prefab using Guid(49897ceca24682a4c8d7ec6ffb6e0fba) Importer(815301076,1909f56bfc062723c751e8b465ee728b)  -> (artifact id: 'ec117e7834773803a34565a9878f7abd') in 0.024345 seconds 
  Import took 0.031000 seconds .

========================================================================
Received Import Request.
  Time since last request: 15.069178 seconds.
  path: Assets/Prefab/Knight/Prefabs/KnightDark 1.prefab
  artifactKey: Guid(713811e89d438f445855e4a760158581) Importer(815301076,1909f56bfc062723c751e8b465ee728b)
Start importing Assets/Prefab/Knight/Prefabs/KnightDark 1.prefab using Guid(713811e89d438f445855e4a760158581) Importer(815301076,1909f56bfc062723c751e8b465ee728b)  -> (artifact id: '5a1552c62770fe3e0f6217767f761c44') in 0.022158 seconds 
  Import took 0.025417 seconds .

========================================================================
Received Import Request.
  Time since last request: 8.055554 seconds.
  path: Assets/Prefab/Knight/Prefabs/KnightLight 1.prefab
  artifactKey: Guid(f4f77fb8d439b134e8d808c4ecec7739) Importer(815301076,1909f56bfc062723c751e8b465ee728b)
Start importing Assets/Prefab/Knight/Prefabs/KnightLight 1.prefab using Guid(f4f77fb8d439b134e8d808c4ecec7739) Importer(815301076,1909f56bfc062723c751e8b465ee728b)  -> (artifact id: 'ab6a4a181169caac5504eab83da201ae') in 0.039529 seconds 
  Import took 0.043278 seconds .

========================================================================
Received Import Request.
  Time since last request: 10.753004 seconds.
  path: Assets/Prefab/King/Prefabs/KingDark 1.prefab
  artifactKey: Guid(a3d1fa0d0354c8b40be40f74cb5c8ea9) Importer(815301076,1909f56bfc062723c751e8b465ee728b)
Start importing Assets/Prefab/King/Prefabs/KingDark 1.prefab using Guid(a3d1fa0d0354c8b40be40f74cb5c8ea9) Importer(815301076,1909f56bfc062723c751e8b465ee728b)  -> (artifact id: 'd81f002bd098746834a8a58ad732334c') in 0.018294 seconds 
  Import took 0.022088 seconds .

========================================================================
Received Import Request.
  Time since last request: 11.336354 seconds.
  path: Assets/Prefab/King/Prefabs/KingLight 1.prefab
  artifactKey: Guid(01f6907f1737577479224b8aec93eeb0) Importer(815301076,1909f56bfc062723c751e8b465ee728b)
Start importing Assets/Prefab/King/Prefabs/KingLight 1.prefab using Guid(01f6907f1737577479224b8aec93eeb0) Importer(815301076,1909f56bfc062723c751e8b465ee728b)  -> (artifact id: '0aa64b32cdcbfb477b434fa4a1c02286') in 0.017149 seconds 
  Import took 0.019958 seconds .

========================================================================
Received Import Request.
  Time since last request: 13.992164 seconds.
  path: Assets/Prefab/Bishop/Prefabs/BishopLight 1.prefab
  artifactKey: Guid(5bd5216cd2e2be8488a5e11f950b2844) Importer(815301076,1909f56bfc062723c751e8b465ee728b)
Start importing Assets/Prefab/Bishop/Prefabs/BishopLight 1.prefab using Guid(5bd5216cd2e2be8488a5e11f950b2844) Importer(815301076,1909f56bfc062723c751e8b465ee728b)  -> (artifact id: 'd7edf94818f8fe3c463c1da30a3e7fcf') in 0.019177 seconds 
  Import took 0.023802 seconds .

========================================================================
Received Import Request.
  Time since last request: 0.025620 seconds.
  path: Assets/Prefab/Bishop/Prefabs/BishopLight 1.prefab
  artifactKey: Guid(5bd5216cd2e2be8488a5e11f950b2844) Importer(815301076,1909f56bfc062723c751e8b465ee728b)
Start importing Assets/Prefab/Bishop/Prefabs/BishopLight 1.prefab using Guid(5bd5216cd2e2be8488a5e11f950b2844) Importer(815301076,1909f56bfc062723c751e8b465ee728b)  -> (artifact id: 'd7edf94818f8fe3c463c1da30a3e7fcf') in 0.019529 seconds 
  Import took 0.022393 seconds .

========================================================================
Received Import Request.
  Time since last request: 7.493515 seconds.
  path: Assets/Prefab/Bishop/Prefabs/BishopDark 1.prefab
  artifactKey: Guid(14605321a410cd54fbda0cf05ac5e885) Importer(815301076,1909f56bfc062723c751e8b465ee728b)
Start importing Assets/Prefab/Bishop/Prefabs/BishopDark 1.prefab using Guid(14605321a410cd54fbda0cf05ac5e885) Importer(815301076,1909f56bfc062723c751e8b465ee728b)  -> (artifact id: 'bf3c7968e936e9d551d49d7b6874ccbc') in 0.013751 seconds 
  Import took 0.016795 seconds .

========================================================================
Received Prepare
Registering precompiled user dll's ...
Registered in 0.002424 seconds.
Begin MonoManager ReloadAssembly
Native extension for OSXStandalone target not found
Refreshing native plugins compatible for Editor in 0.55 ms, found 2 plugins.
Preloading 0 native plugins for Editor in 0.00 ms.
Mono: successfully reloaded assembly
- Completed reload, in  1.248 seconds
Domain Reload Profiling:
	ReloadAssembly (1248ms)
		BeginReloadAssembly (157ms)
			ExecutionOrderSort (0ms)
			DisableScriptedObjects (5ms)
			BackupInstance (0ms)
			ReleaseScriptingObjects (0ms)
			CreateAndSetChildDomain (79ms)
		EndReloadAssembly (1008ms)
			LoadAssemblies (100ms)
			RebuildTransferFunctionScriptingTraits (0ms)
			SetupTypeCache (405ms)
			ReleaseScriptCaches (1ms)
			RebuildScriptCaches (53ms)
			SetupLoadedEditorAssemblies (326ms)
				LogAssemblyErrors (0ms)
				InitializePlatformSupportModulesInManaged (5ms)
				SetLoadedEditorAssemblies (1ms)
				RefreshPlugins (1ms)
				BeforeProcessingInitializeOnLoad (82ms)
				ProcessInitializeOnLoadAttributes (228ms)
				ProcessInitializeOnLoadMethodAttributes (6ms)
				AfterProcessingInitializeOnLoad (2ms)
				EditorAssembliesLoaded (0ms)
			ExecutionOrderSort2 (0ms)
			AwakeInstancesAfterBackupRestoration (9ms)
Platform modules already initialized, skipping
Refreshing native plugins compatible for Editor in 0.38 ms, found 2 plugins.
Preloading 0 native plugins for Editor in 0.00 ms.
Unloading 1392 Unused Serialized files (Serialized files now loaded: 0)
System memory in use before: 155.1 MB.
System memory in use after: 155.2 MB.

Unloading 15 unused Assets to reduce memory usage. Loaded Objects now: 1884.
Total: 2.394739 ms (FindLiveObjects: 0.248108 ms CreateObjectMapping: 0.068593 ms MarkObjects: 2.014377 ms  DeleteObjects: 0.062492 ms)

AssetImportParameters requested are different than current active one (requested -> active):
  custom:video-decoder-ogg-theora: a1e56fd34408186e4bbccfd4996cb3dc -> 
  custom:container-muxer-webm: aa71ff27fc2769a1b78a27578f13a17b -> 
  custom:container-demuxer-webm: 4f35f7cbe854078d1ac9338744f61a02 -> 
  custom:container-demuxer-ogg: 62fdf1f143b41e24485cea50d1cbac27 -> 
  custom:video-encoder-webm-vp8: eb34c28f22e8b96e1ab97ce403110664 -> 
  custom:framework-osx-AVFoundation: b23960f63f64bdc6ff669e2cdcee2391 -> 
  custom:video-decoder-webm-vp8: 9c59270c3fd7afecdb556c50c9e8de78 -> 
  custom:audio-decoder-ogg-vorbis: bf7c407c2cedff20999df2af8eb42d56 -> 
  custom:audio-encoder-webm-vorbis: bf7c407c2cedff20999df2af8eb42d56 -> 
========================================================================
Received Import Request.
  Time since last request: 61.228248 seconds.
  path: Assets/Prefab/Bishop/Prefabs/BishopLight 1.prefab
  artifactKey: Guid(5bd5216cd2e2be8488a5e11f950b2844) Importer(815301076,1909f56bfc062723c751e8b465ee728b)
Start importing Assets/Prefab/Bishop/Prefabs/BishopLight 1.prefab using Guid(5bd5216cd2e2be8488a5e11f950b2844) Importer(815301076,1909f56bfc062723c751e8b465ee728b)  -> (artifact id: 'ba493f5c5d4ec3461067363e3f8aa0ab') in 0.067614 seconds 
  Import took 0.070376 seconds .

========================================================================
Received Import Request.
  Time since last request: 6.648314 seconds.
  path: Assets/Prefab/Pawn/Prefab/PawnLight 1.prefab
  artifactKey: Guid(273eaa05daeb3fd44b77a2cc05d2e676) Importer(815301076,1909f56bfc062723c751e8b465ee728b)
Start importing Assets/Prefab/Pawn/Prefab/PawnLight 1.prefab using Guid(273eaa05daeb3fd44b77a2cc05d2e676) Importer(815301076,1909f56bfc062723c751e8b465ee728b)  -> (artifact id: '17ee274fcdfd8ef3c5514480ba405537') in 0.014837 seconds 
  Import took 0.018463 seconds .

