Using pre-set license
Built from '2020.3/release' branch; Version is '2020.3.12f1 (b3b2c6512326) revision 11776710'; Using compiler version '192528614'; Build Type 'Release'
OS: 'Windows 10 Home; OS build 18363.1440; Version 1909; 64bit' Language: 'ko' Physical Memory: 8110 MB
BatchMode: 1, IsHumanControllingUs: 0, StartBugReporterOnCrash: 0, Is64bit: 1, IsPro: 0

 COMMAND LINE ARGUMENTS:
C:\Program Files\Unity\Editor\Unity.exe
-adb2
-batchMode
-noUpm
-name
AssetImportWorker30
-projectPath
C:/Users/jaeyong/git/TIOGx/Unity/Project/BattleChessProject
-logFile
Logs/AssetImportWorker30.log
-srvPort
57892
Successfully changed project path to: C:/Users/jaeyong/git/TIOGx/Unity/Project/BattleChessProject
C:/Users/jaeyong/git/TIOGx/Unity/Project/BattleChessProject
Using Asset Import Pipeline V2.
Refreshing native plugins compatible for Editor in 214.04 ms, found 2 plugins.
Preloading 0 native plugins for Editor in 0.00 ms.
Initialize engine version: 2020.3.12f1 (b3b2c6512326)
[Subsystems] Discovering subsystems at path C:/Program Files/Unity/Editor/Data/Resources/UnitySubsystems
[Subsystems] Discovering subsystems at path C:/Users/jaeyong/git/TIOGx/Unity/Project/BattleChessProject/Assets
GfxDevice: creating device client; threaded=0
Direct3D:
    Version:  Direct3D 11.0 [level 11.1]
    Renderer: Intel(R) HD Graphics 520 (ID=0x1916)
    Vendor:   
    VRAM:     4055 MB
    Driver:   23.20.16.4849
Initialize mono
Mono path[0] = 'C:/Program Files/Unity/Editor/Data/Managed'
Mono path[1] = 'C:/Program Files/Unity/Editor/Data/MonoBleedingEdge/lib/mono/unityjit'
Mono config path = 'C:/Program Files/Unity/Editor/Data/MonoBleedingEdge/etc'
Using monoOptions --debugger-agent=transport=dt_socket,embedding=1,server=y,suspend=n,address=127.0.0.1:56224
Begin MonoManager ReloadAssembly
Registering precompiled unity dll's ...
Register platform support module: C:/Program Files/Unity/Editor/Data/PlaybackEngines/WindowsStandaloneSupport/UnityEditor.WindowsStandalone.Extensions.dll
Registered in 0.009748 seconds.
Native extension for WindowsStandalone target not found
Refreshing native plugins compatible for Editor in 61.09 ms, found 2 plugins.
Preloading 0 native plugins for Editor in 0.00 ms.
Mono: successfully reloaded assembly
- Completed reload, in  4.212 seconds
Platform modules already initialized, skipping
Registering precompiled user dll's ...
Registered in 0.013321 seconds.
Begin MonoManager ReloadAssembly
Native extension for WindowsStandalone target not found
Refreshing native plugins compatible for Editor in 0.50 ms, found 2 plugins.
Preloading 0 native plugins for Editor in 0.00 ms.
Mono: successfully reloaded assembly
- Completed reload, in  2.151 seconds
Platform modules already initialized, skipping
========================================================================
Worker process is ready to serve import requests
Launched and connected shader compiler UnityShaderCompiler.exe after 0.12 seconds
Refreshing native plugins compatible for Editor in 1.03 ms, found 2 plugins.
Preloading 0 native plugins for Editor in 0.00 ms.
Unloading 1550 Unused Serialized files (Serialized files now loaded: 0)
System memory in use before: 77.7 MB.
System memory in use after: 77.7 MB.

Unloading 20 unused Assets to reduce memory usage. Loaded Objects now: 1989.
Total: 6.024400 ms (FindLiveObjects: 0.467000 ms CreateObjectMapping: 0.191200 ms MarkObjects: 5.149000 ms  DeleteObjects: 0.214800 ms)

AssetImportParameters requested are different than current active one (requested -> active):
  custom:framework-win-MediaFoundation: 216162199b28c13a410421893ffa2e32 -> 
  custom:video-decoder-ogg-theora: a1e56fd34408186e4bbccfd4996cb3dc -> 
  custom:container-muxer-webm: aa71ff27fc2769a1b78a27578f13a17b -> 
  custom:container-demuxer-webm: 4f35f7cbe854078d1ac9338744f61a02 -> 
  custom:container-demuxer-ogg: 62fdf1f143b41e24485cea50d1cbac27 -> 
  custom:video-encoder-webm-vp8: eb34c28f22e8b96e1ab97ce403110664 -> 
  custom:video-codec-MediaFoundation-h265: 746d11721c4dcdbdad8f713fa42b33f4 -> 
  custom:video-decoder-webm-vp8: 9c59270c3fd7afecdb556c50c9e8de78 -> 
  custom:audio-decoder-ogg-vorbis: bf7c407c2cedff20999df2af8eb42d56 -> 
  custom:audio-encoder-webm-vorbis: bf7c407c2cedff20999df2af8eb42d56 -> 
========================================================================
Received Import Request.
  path: Assets/Scripts/MoveManager.cs
  artifactKey: Guid(33a2e9ca59dd0b642bcb2884ba5b4afc) Importer(815301076,1909f56bfc062723c751e8b465ee728b)
Start importing Assets/Scripts/MoveManager.cs using Guid(33a2e9ca59dd0b642bcb2884ba5b4afc) Importer(815301076,1909f56bfc062723c751e8b465ee728b)  -> (artifact id: 'abd1c097157d33ef503bc6f04bfb3107') in 0.134597 seconds 
  Import took 0.142924 seconds .

========================================================================
Received Prepare
Registering precompiled user dll's ...
Registered in 0.047726 seconds.
Begin MonoManager ReloadAssembly
Native extension for WindowsStandalone target not found
Refreshing native plugins compatible for Editor in 0.54 ms, found 2 plugins.
Preloading 0 native plugins for Editor in 0.00 ms.
Mono: successfully reloaded assembly
- Completed reload, in  2.837 seconds
Platform modules already initialized, skipping
Refreshing native plugins compatible for Editor in 1.41 ms, found 2 plugins.
Preloading 0 native plugins for Editor in 0.00 ms.
Unloading 1504 Unused Serialized files (Serialized files now loaded: 0)
System memory in use before: 73.6 MB.
System memory in use after: 73.7 MB.

Unloading 15 unused Assets to reduce memory usage. Loaded Objects now: 1992.
Total: 5.289800 ms (FindLiveObjects: 0.468400 ms CreateObjectMapping: 0.162900 ms MarkObjects: 4.486700 ms  DeleteObjects: 0.168600 ms)

AssetImportParameters requested are different than current active one (requested -> active):
  custom:framework-win-MediaFoundation: 216162199b28c13a410421893ffa2e32 -> 
  custom:video-decoder-ogg-theora: a1e56fd34408186e4bbccfd4996cb3dc -> 
  custom:container-muxer-webm: aa71ff27fc2769a1b78a27578f13a17b -> 
  custom:container-demuxer-webm: 4f35f7cbe854078d1ac9338744f61a02 -> 
  custom:container-demuxer-ogg: 62fdf1f143b41e24485cea50d1cbac27 -> 
  custom:video-encoder-webm-vp8: eb34c28f22e8b96e1ab97ce403110664 -> 
  custom:video-codec-MediaFoundation-h265: 746d11721c4dcdbdad8f713fa42b33f4 -> 
  custom:video-decoder-webm-vp8: 9c59270c3fd7afecdb556c50c9e8de78 -> 
  custom:audio-decoder-ogg-vorbis: bf7c407c2cedff20999df2af8eb42d56 -> 
  custom:audio-encoder-webm-vorbis: bf7c407c2cedff20999df2af8eb42d56 -> 
========================================================================
Received Import Request.
  Time since last request: 1015.442552 seconds.
  path: Assets/Scripts/MoveManager.cs
  artifactKey: Guid(33a2e9ca59dd0b642bcb2884ba5b4afc) Importer(815301076,1909f56bfc062723c751e8b465ee728b)
Start importing Assets/Scripts/MoveManager.cs using Guid(33a2e9ca59dd0b642bcb2884ba5b4afc) Importer(815301076,1909f56bfc062723c751e8b465ee728b)  -> (artifact id: '1bed3f171557f051c8e96f54aa4e5cfe') in 0.060091 seconds 
  Import took 0.066202 seconds .

========================================================================
Received Import Request.
  Time since last request: 0.050722 seconds.
  path: Assets/Scripts/MoveManager.cs
  artifactKey: Guid(33a2e9ca59dd0b642bcb2884ba5b4afc) Importer(815301076,1909f56bfc062723c751e8b465ee728b)
Start importing Assets/Scripts/MoveManager.cs using Guid(33a2e9ca59dd0b642bcb2884ba5b4afc) Importer(815301076,1909f56bfc062723c751e8b465ee728b)  -> (artifact id: '1bed3f171557f051c8e96f54aa4e5cfe') in 0.066975 seconds 
  Import took 0.124950 seconds .

========================================================================
Received Import Request.
  Time since last request: 10.883179 seconds.
  path: Assets/Scripts/MoveManager.cs
  artifactKey: Guid(33a2e9ca59dd0b642bcb2884ba5b4afc) Importer(815301076,1909f56bfc062723c751e8b465ee728b)
Start importing Assets/Scripts/MoveManager.cs using Guid(33a2e9ca59dd0b642bcb2884ba5b4afc) Importer(815301076,1909f56bfc062723c751e8b465ee728b)  -> (artifact id: '22d0232fc376946469def589b3bfb598') in 0.019414 seconds 
  Import took 0.031762 seconds .

========================================================================
Received Import Request.
  Time since last request: 21.978435 seconds.
  path: Assets/Scripts/MoveManager.cs
  artifactKey: Guid(33a2e9ca59dd0b642bcb2884ba5b4afc) Importer(815301076,1909f56bfc062723c751e8b465ee728b)
Start importing Assets/Scripts/MoveManager.cs using Guid(33a2e9ca59dd0b642bcb2884ba5b4afc) Importer(815301076,1909f56bfc062723c751e8b465ee728b)  -> (artifact id: 'ed0fc0022755080bae59f1f382e22ab6') in 0.021902 seconds 
  Import took 0.030200 seconds .

========================================================================
Received Import Request.
  Time since last request: 56.733994 seconds.
  path: Assets/Scripts/MoveManager.cs
  artifactKey: Guid(33a2e9ca59dd0b642bcb2884ba5b4afc) Importer(815301076,1909f56bfc062723c751e8b465ee728b)
Start importing Assets/Scripts/MoveManager.cs using Guid(33a2e9ca59dd0b642bcb2884ba5b4afc) Importer(815301076,1909f56bfc062723c751e8b465ee728b)  -> (artifact id: '29205162751e70ccf8c37eacbe10b4e4') in 0.022229 seconds 
  Import took 0.027381 seconds .

========================================================================
Received Import Request.
  Time since last request: 0.126836 seconds.
  path: Assets/Scripts/MoveManager.cs
  artifactKey: Guid(33a2e9ca59dd0b642bcb2884ba5b4afc) Importer(815301076,1909f56bfc062723c751e8b465ee728b)
Start importing Assets/Scripts/MoveManager.cs using Guid(33a2e9ca59dd0b642bcb2884ba5b4afc) Importer(815301076,1909f56bfc062723c751e8b465ee728b)  -> (artifact id: '29205162751e70ccf8c37eacbe10b4e4') in 0.027880 seconds 
  Import took 0.040181 seconds .

========================================================================
Received Import Request.
  Time since last request: 5.217208 seconds.
  path: Assets/Scripts/MoveManager.cs
  artifactKey: Guid(33a2e9ca59dd0b642bcb2884ba5b4afc) Importer(815301076,1909f56bfc062723c751e8b465ee728b)
Start importing Assets/Scripts/MoveManager.cs using Guid(33a2e9ca59dd0b642bcb2884ba5b4afc) Importer(815301076,1909f56bfc062723c751e8b465ee728b)  -> (artifact id: '6e554706a89f5e91d854275340ce44de') in 0.022098 seconds 
  Import took 0.029907 seconds .

========================================================================
Received Import Request.
  Time since last request: 1.364333 seconds.
  path: Assets/Scripts/MoveManager.cs
  artifactKey: Guid(33a2e9ca59dd0b642bcb2884ba5b4afc) Importer(815301076,1909f56bfc062723c751e8b465ee728b)
Start importing Assets/Scripts/MoveManager.cs using Guid(33a2e9ca59dd0b642bcb2884ba5b4afc) Importer(815301076,1909f56bfc062723c751e8b465ee728b)  -> (artifact id: '6cd31c357ae7b255c449a9c4f53876fd') in 0.016247 seconds 
  Import took 0.021604 seconds .

========================================================================
Received Import Request.
  Time since last request: 7.728960 seconds.
  path: Assets/Scripts/MoveManager.cs
  artifactKey: Guid(33a2e9ca59dd0b642bcb2884ba5b4afc) Importer(815301076,1909f56bfc062723c751e8b465ee728b)
Start importing Assets/Scripts/MoveManager.cs using Guid(33a2e9ca59dd0b642bcb2884ba5b4afc) Importer(815301076,1909f56bfc062723c751e8b465ee728b)  -> (artifact id: 'a002c4ca0b136916ceb7703b67681513') in 0.021261 seconds 
  Import took 0.028657 seconds .

========================================================================
Received Import Request.
  Time since last request: 66.083074 seconds.
  path: Assets/Scripts/MoveManager.cs
  artifactKey: Guid(33a2e9ca59dd0b642bcb2884ba5b4afc) Importer(815301076,1909f56bfc062723c751e8b465ee728b)
Start importing Assets/Scripts/MoveManager.cs using Guid(33a2e9ca59dd0b642bcb2884ba5b4afc) Importer(815301076,1909f56bfc062723c751e8b465ee728b)  -> (artifact id: 'c28cf51056562632739e20831caee9e3') in 0.025300 seconds 
  Import took 0.029878 seconds .

========================================================================
Received Import Request.
  Time since last request: 18.090587 seconds.
  path: Assets/Scripts/MoveManager.cs
  artifactKey: Guid(33a2e9ca59dd0b642bcb2884ba5b4afc) Importer(815301076,1909f56bfc062723c751e8b465ee728b)
Start importing Assets/Scripts/MoveManager.cs using Guid(33a2e9ca59dd0b642bcb2884ba5b4afc) Importer(815301076,1909f56bfc062723c751e8b465ee728b)  -> (artifact id: 'b7cf22266cf99addb1e5b7ed283fbd10') in 0.039158 seconds 
  Import took 0.046558 seconds .

========================================================================
Received Import Request.
  Time since last request: 0.184513 seconds.
  path: Assets/Scripts/MoveManager.cs
  artifactKey: Guid(33a2e9ca59dd0b642bcb2884ba5b4afc) Importer(815301076,1909f56bfc062723c751e8b465ee728b)
Start importing Assets/Scripts/MoveManager.cs using Guid(33a2e9ca59dd0b642bcb2884ba5b4afc) Importer(815301076,1909f56bfc062723c751e8b465ee728b)  -> (artifact id: 'b7cf22266cf99addb1e5b7ed283fbd10') in 0.017342 seconds 
  Import took 0.024819 seconds .

========================================================================
Received Import Request.
  Time since last request: 7.196045 seconds.
  path: Assets/Scripts/MoveManager.cs
  artifactKey: Guid(33a2e9ca59dd0b642bcb2884ba5b4afc) Importer(815301076,1909f56bfc062723c751e8b465ee728b)
Start importing Assets/Scripts/MoveManager.cs using Guid(33a2e9ca59dd0b642bcb2884ba5b4afc) Importer(815301076,1909f56bfc062723c751e8b465ee728b)  -> (artifact id: '964f4fd91ce5e3b0d8476c4eec12df11') in 0.022419 seconds 
  Import took 0.028222 seconds .

========================================================================
Received Import Request.
  Time since last request: 0.098649 seconds.
  path: Assets/Scripts/MoveManager.cs
  artifactKey: Guid(33a2e9ca59dd0b642bcb2884ba5b4afc) Importer(815301076,1909f56bfc062723c751e8b465ee728b)
Start importing Assets/Scripts/MoveManager.cs using Guid(33a2e9ca59dd0b642bcb2884ba5b4afc) Importer(815301076,1909f56bfc062723c751e8b465ee728b)  -> (artifact id: '964f4fd91ce5e3b0d8476c4eec12df11') in 0.043807 seconds 
  Import took 0.076490 seconds .

========================================================================
Received Import Request.
  Time since last request: 14.095735 seconds.
  path: Assets/Scripts/MoveManager.cs
  artifactKey: Guid(33a2e9ca59dd0b642bcb2884ba5b4afc) Importer(815301076,1909f56bfc062723c751e8b465ee728b)
Start importing Assets/Scripts/MoveManager.cs using Guid(33a2e9ca59dd0b642bcb2884ba5b4afc) Importer(815301076,1909f56bfc062723c751e8b465ee728b)  -> (artifact id: '4c073c99c9151fa902445b28ecb39984') in 0.029160 seconds 
  Import took 0.044055 seconds .

========================================================================
Received Import Request.
  Time since last request: 21.421285 seconds.
  path: Assets/Scripts/MoveManager.cs
  artifactKey: Guid(33a2e9ca59dd0b642bcb2884ba5b4afc) Importer(815301076,1909f56bfc062723c751e8b465ee728b)
Start importing Assets/Scripts/MoveManager.cs using Guid(33a2e9ca59dd0b642bcb2884ba5b4afc) Importer(815301076,1909f56bfc062723c751e8b465ee728b)  -> (artifact id: '8e82f6feacbe0ed646a522e0bc885db9') in 0.049234 seconds 
  Import took 0.055857 seconds .

========================================================================
Received Import Request.
  Time since last request: 0.074796 seconds.
  path: Assets/Scripts/MoveManager.cs
  artifactKey: Guid(33a2e9ca59dd0b642bcb2884ba5b4afc) Importer(815301076,1909f56bfc062723c751e8b465ee728b)
Start importing Assets/Scripts/MoveManager.cs using Guid(33a2e9ca59dd0b642bcb2884ba5b4afc) Importer(815301076,1909f56bfc062723c751e8b465ee728b)  -> (artifact id: '8e82f6feacbe0ed646a522e0bc885db9') in 0.044918 seconds 
  Import took 0.063765 seconds .

========================================================================
Received Prepare
Registering precompiled user dll's ...
Registered in 0.019151 seconds.
Begin MonoManager ReloadAssembly
Native extension for WindowsStandalone target not found
Refreshing native plugins compatible for Editor in 0.55 ms, found 2 plugins.
Preloading 0 native plugins for Editor in 0.00 ms.
Mono: successfully reloaded assembly
- Completed reload, in  2.327 seconds
Platform modules already initialized, skipping
Refreshing native plugins compatible for Editor in 0.93 ms, found 2 plugins.
Preloading 0 native plugins for Editor in 0.00 ms.
Unloading 1504 Unused Serialized files (Serialized files now loaded: 0)
System memory in use before: 73.6 MB.
System memory in use after: 73.7 MB.

Unloading 15 unused Assets to reduce memory usage. Loaded Objects now: 1995.
Total: 5.245000 ms (FindLiveObjects: 0.588400 ms CreateObjectMapping: 0.175800 ms MarkObjects: 4.207100 ms  DeleteObjects: 0.270700 ms)

AssetImportParameters requested are different than current active one (requested -> active):
  custom:framework-win-MediaFoundation: 216162199b28c13a410421893ffa2e32 -> 
  custom:video-decoder-ogg-theora: a1e56fd34408186e4bbccfd4996cb3dc -> 
  custom:container-muxer-webm: aa71ff27fc2769a1b78a27578f13a17b -> 
  custom:container-demuxer-webm: 4f35f7cbe854078d1ac9338744f61a02 -> 
  custom:container-demuxer-ogg: 62fdf1f143b41e24485cea50d1cbac27 -> 
  custom:video-encoder-webm-vp8: eb34c28f22e8b96e1ab97ce403110664 -> 
  custom:video-codec-MediaFoundation-h265: 746d11721c4dcdbdad8f713fa42b33f4 -> 
  custom:video-decoder-webm-vp8: 9c59270c3fd7afecdb556c50c9e8de78 -> 
  custom:audio-decoder-ogg-vorbis: bf7c407c2cedff20999df2af8eb42d56 -> 
  custom:audio-encoder-webm-vorbis: bf7c407c2cedff20999df2af8eb42d56 -> 
========================================================================
Received Prepare
Registering precompiled user dll's ...
Registered in 0.015028 seconds.
Begin MonoManager ReloadAssembly
Native extension for WindowsStandalone target not found
Refreshing native plugins compatible for Editor in 0.57 ms, found 2 plugins.
Preloading 0 native plugins for Editor in 0.00 ms.
Mono: successfully reloaded assembly
- Completed reload, in  2.643 seconds
Platform modules already initialized, skipping
Refreshing native plugins compatible for Editor in 1.05 ms, found 2 plugins.
Preloading 0 native plugins for Editor in 0.00 ms.
Unloading 1504 Unused Serialized files (Serialized files now loaded: 0)
System memory in use before: 73.7 MB.
System memory in use after: 73.7 MB.

Unloading 15 unused Assets to reduce memory usage. Loaded Objects now: 1998.
Total: 5.716900 ms (FindLiveObjects: 0.413100 ms CreateObjectMapping: 0.118900 ms MarkObjects: 4.982500 ms  DeleteObjects: 0.184300 ms)

AssetImportParameters requested are different than current active one (requested -> active):
  custom:framework-win-MediaFoundation: 216162199b28c13a410421893ffa2e32 -> 
  custom:video-decoder-ogg-theora: a1e56fd34408186e4bbccfd4996cb3dc -> 
  custom:container-muxer-webm: aa71ff27fc2769a1b78a27578f13a17b -> 
  custom:container-demuxer-webm: 4f35f7cbe854078d1ac9338744f61a02 -> 
  custom:container-demuxer-ogg: 62fdf1f143b41e24485cea50d1cbac27 -> 
  custom:video-encoder-webm-vp8: eb34c28f22e8b96e1ab97ce403110664 -> 
  custom:video-codec-MediaFoundation-h265: 746d11721c4dcdbdad8f713fa42b33f4 -> 
  custom:video-decoder-webm-vp8: 9c59270c3fd7afecdb556c50c9e8de78 -> 
  custom:audio-decoder-ogg-vorbis: bf7c407c2cedff20999df2af8eb42d56 -> 
  custom:audio-encoder-webm-vorbis: bf7c407c2cedff20999df2af8eb42d56 -> 
========================================================================
Received Import Request.
  Time since last request: 163.509654 seconds.
  path: Assets/Scripts/MoveManager.cs
  artifactKey: Guid(33a2e9ca59dd0b642bcb2884ba5b4afc) Importer(815301076,1909f56bfc062723c751e8b465ee728b)
Start importing Assets/Scripts/MoveManager.cs using Guid(33a2e9ca59dd0b642bcb2884ba5b4afc) Importer(815301076,1909f56bfc062723c751e8b465ee728b)  -> (artifact id: '142b1840cce90f6dbb953efac021483f') in 0.022667 seconds 
  Import took 0.029420 seconds .

========================================================================
Received Prepare
Registering precompiled user dll's ...
Registered in 0.016984 seconds.
Begin MonoManager ReloadAssembly
Native extension for WindowsStandalone target not found
Refreshing native plugins compatible for Editor in 0.47 ms, found 2 plugins.
Preloading 0 native plugins for Editor in 0.00 ms.
Mono: successfully reloaded assembly
- Completed reload, in  3.834 seconds
Platform modules already initialized, skipping
Refreshing native plugins compatible for Editor in 2.22 ms, found 2 plugins.
Preloading 0 native plugins for Editor in 0.00 ms.
Unloading 1504 Unused Serialized files (Serialized files now loaded: 0)
System memory in use before: 73.7 MB.
System memory in use after: 73.8 MB.

Unloading 15 unused Assets to reduce memory usage. Loaded Objects now: 2001.
Total: 8.115300 ms (FindLiveObjects: 0.383800 ms CreateObjectMapping: 0.155000 ms MarkObjects: 7.463200 ms  DeleteObjects: 0.110600 ms)

AssetImportParameters requested are different than current active one (requested -> active):
  custom:framework-win-MediaFoundation: 216162199b28c13a410421893ffa2e32 -> 
  custom:video-decoder-ogg-theora: a1e56fd34408186e4bbccfd4996cb3dc -> 
  custom:container-muxer-webm: aa71ff27fc2769a1b78a27578f13a17b -> 
  custom:container-demuxer-webm: 4f35f7cbe854078d1ac9338744f61a02 -> 
  custom:container-demuxer-ogg: 62fdf1f143b41e24485cea50d1cbac27 -> 
  custom:video-encoder-webm-vp8: eb34c28f22e8b96e1ab97ce403110664 -> 
  custom:video-codec-MediaFoundation-h265: 746d11721c4dcdbdad8f713fa42b33f4 -> 
  custom:video-decoder-webm-vp8: 9c59270c3fd7afecdb556c50c9e8de78 -> 
  custom:audio-decoder-ogg-vorbis: bf7c407c2cedff20999df2af8eb42d56 -> 
  custom:audio-encoder-webm-vorbis: bf7c407c2cedff20999df2af8eb42d56 -> 
========================================================================
Received Prepare
Registering precompiled user dll's ...
Registered in 0.016752 seconds.
Begin MonoManager ReloadAssembly
Native extension for WindowsStandalone target not found
Refreshing native plugins compatible for Editor in 0.49 ms, found 2 plugins.
Preloading 0 native plugins for Editor in 0.00 ms.
Mono: successfully reloaded assembly
- Completed reload, in  3.494 seconds
Platform modules already initialized, skipping
Refreshing native plugins compatible for Editor in 0.90 ms, found 2 plugins.
Preloading 0 native plugins for Editor in 0.00 ms.
Unloading 1504 Unused Serialized files (Serialized files now loaded: 0)
System memory in use before: 73.7 MB.
System memory in use after: 73.8 MB.

Unloading 15 unused Assets to reduce memory usage. Loaded Objects now: 2004.
Total: 5.900600 ms (FindLiveObjects: 0.383300 ms CreateObjectMapping: 0.140700 ms MarkObjects: 5.211600 ms  DeleteObjects: 0.162600 ms)

AssetImportParameters requested are different than current active one (requested -> active):
  custom:framework-win-MediaFoundation: 216162199b28c13a410421893ffa2e32 -> 
  custom:video-decoder-ogg-theora: a1e56fd34408186e4bbccfd4996cb3dc -> 
  custom:container-muxer-webm: aa71ff27fc2769a1b78a27578f13a17b -> 
  custom:container-demuxer-webm: 4f35f7cbe854078d1ac9338744f61a02 -> 
  custom:container-demuxer-ogg: 62fdf1f143b41e24485cea50d1cbac27 -> 
  custom:video-encoder-webm-vp8: eb34c28f22e8b96e1ab97ce403110664 -> 
  custom:video-codec-MediaFoundation-h265: 746d11721c4dcdbdad8f713fa42b33f4 -> 
  custom:video-decoder-webm-vp8: 9c59270c3fd7afecdb556c50c9e8de78 -> 
  custom:audio-decoder-ogg-vorbis: bf7c407c2cedff20999df2af8eb42d56 -> 
  custom:audio-encoder-webm-vorbis: bf7c407c2cedff20999df2af8eb42d56 -> 
========================================================================
Received Prepare
Registering precompiled user dll's ...
Registered in 0.047450 seconds.
Begin MonoManager ReloadAssembly
Native extension for WindowsStandalone target not found
Refreshing native plugins compatible for Editor in 0.50 ms, found 2 plugins.
Preloading 0 native plugins for Editor in 0.00 ms.
Mono: successfully reloaded assembly
- Completed reload, in  1.986 seconds
Platform modules already initialized, skipping
Refreshing native plugins compatible for Editor in 1.00 ms, found 2 plugins.
Preloading 0 native plugins for Editor in 0.00 ms.
Unloading 1504 Unused Serialized files (Serialized files now loaded: 0)
System memory in use before: 73.7 MB.
System memory in use after: 73.8 MB.

Unloading 15 unused Assets to reduce memory usage. Loaded Objects now: 2007.
Total: 5.226400 ms (FindLiveObjects: 0.448800 ms CreateObjectMapping: 0.175800 ms MarkObjects: 4.499900 ms  DeleteObjects: 0.099700 ms)

AssetImportParameters requested are different than current active one (requested -> active):
  custom:framework-win-MediaFoundation: 216162199b28c13a410421893ffa2e32 -> 
  custom:video-decoder-ogg-theora: a1e56fd34408186e4bbccfd4996cb3dc -> 
  custom:container-muxer-webm: aa71ff27fc2769a1b78a27578f13a17b -> 
  custom:container-demuxer-webm: 4f35f7cbe854078d1ac9338744f61a02 -> 
  custom:container-demuxer-ogg: 62fdf1f143b41e24485cea50d1cbac27 -> 
  custom:video-encoder-webm-vp8: eb34c28f22e8b96e1ab97ce403110664 -> 
  custom:video-codec-MediaFoundation-h265: 746d11721c4dcdbdad8f713fa42b33f4 -> 
  custom:video-decoder-webm-vp8: 9c59270c3fd7afecdb556c50c9e8de78 -> 
  custom:audio-decoder-ogg-vorbis: bf7c407c2cedff20999df2af8eb42d56 -> 
  custom:audio-encoder-webm-vorbis: bf7c407c2cedff20999df2af8eb42d56 -> 
AssetImportWorkerClient::OnTransportError - code=2 error=End of file
