Using pre-set license
Built from '2020.3/release' branch; Version is '2020.3.12f1 (b3b2c6512326) revision 11776710'; Using compiler version '192528614'; Build Type 'Release'
OS: 'Windows 10 Home; OS build 18363.1440; Version 1909; 64bit' Language: 'ko' Physical Memory: 8110 MB
BatchMode: 1, IsHumanControllingUs: 0, StartBugReporterOnCrash: 0, Is64bit: 1, IsPro: 0

 COMMAND LINE ARGUMENTS:
C:\Program Files\Unity\Editor\Unity.exe
-adb2
-batchMode
-noUpm
-name
AssetImportWorker7
-projectPath
C:/Users/jaeyong/git/TIOGx/Unity/Project/BattleChessProject
-logFile
Logs/AssetImportWorker7.log
-srvPort
55364
Successfully changed project path to: C:/Users/jaeyong/git/TIOGx/Unity/Project/BattleChessProject
C:/Users/jaeyong/git/TIOGx/Unity/Project/BattleChessProject
Using Asset Import Pipeline V2.
Refreshing native plugins compatible for Editor in 1569.65 ms, found 2 plugins.
Preloading 0 native plugins for Editor in 0.00 ms.
Initialize engine version: 2020.3.12f1 (b3b2c6512326)
[Subsystems] Discovering subsystems at path C:/Program Files/Unity/Editor/Data/Resources/UnitySubsystems
[Subsystems] Discovering subsystems at path C:/Users/jaeyong/git/TIOGx/Unity/Project/BattleChessProject/Assets
GfxDevice: creating device client; threaded=0
Direct3D:
    Version:  Direct3D 11.0 [level 11.1]
    Renderer: Intel(R) HD Graphics 520 (ID=0x1916)
    Vendor:   
    VRAM:     4055 MB
    Driver:   23.20.16.4849
Initialize mono
Mono path[0] = 'C:/Program Files/Unity/Editor/Data/Managed'
Mono path[1] = 'C:/Program Files/Unity/Editor/Data/MonoBleedingEdge/lib/mono/unityjit'
Mono config path = 'C:/Program Files/Unity/Editor/Data/MonoBleedingEdge/etc'
Using monoOptions --debugger-agent=transport=dt_socket,embedding=1,server=y,suspend=n,address=127.0.0.1:56488
Begin MonoManager ReloadAssembly
Registering precompiled unity dll's ...
Register platform support module: C:/Program Files/Unity/Editor/Data/PlaybackEngines/WindowsStandaloneSupport/UnityEditor.WindowsStandalone.Extensions.dll
Registered in 0.009130 seconds.
Native extension for WindowsStandalone target not found
Refreshing native plugins compatible for Editor in 101.63 ms, found 2 plugins.
Preloading 0 native plugins for Editor in 0.00 ms.
Mono: successfully reloaded assembly
- Completed reload, in  8.172 seconds
Platform modules already initialized, skipping
Registering precompiled user dll's ...
Registered in 0.036142 seconds.
Begin MonoManager ReloadAssembly
Native extension for WindowsStandalone target not found
Refreshing native plugins compatible for Editor in 0.59 ms, found 2 plugins.
Preloading 0 native plugins for Editor in 0.00 ms.
Mono: successfully reloaded assembly
- Completed reload, in  4.628 seconds
Platform modules already initialized, skipping
========================================================================
Worker process is ready to serve import requests
Launched and connected shader compiler UnityShaderCompiler.exe after 0.16 seconds
Refreshing native plugins compatible for Editor in 2.38 ms, found 2 plugins.
Preloading 0 native plugins for Editor in 0.00 ms.
Unloading 1418 Unused Serialized files (Serialized files now loaded: 0)
System memory in use before: 67.9 MB.
System memory in use after: 67.9 MB.

Unloading 19 unused Assets to reduce memory usage. Loaded Objects now: 1856.
Total: 5.705100 ms (FindLiveObjects: 0.398700 ms CreateObjectMapping: 0.169700 ms MarkObjects: 4.925300 ms  DeleteObjects: 0.208900 ms)

AssetImportParameters requested are different than current active one (requested -> active):
  custom:framework-win-MediaFoundation: 216162199b28c13a410421893ffa2e32 -> 
  custom:video-decoder-ogg-theora: a1e56fd34408186e4bbccfd4996cb3dc -> 
  custom:container-muxer-webm: aa71ff27fc2769a1b78a27578f13a17b -> 
  custom:container-demuxer-webm: 4f35f7cbe854078d1ac9338744f61a02 -> 
  custom:container-demuxer-ogg: 62fdf1f143b41e24485cea50d1cbac27 -> 
  custom:video-encoder-webm-vp8: eb34c28f22e8b96e1ab97ce403110664 -> 
  custom:video-codec-MediaFoundation-h265: 746d11721c4dcdbdad8f713fa42b33f4 -> 
  custom:video-decoder-webm-vp8: 9c59270c3fd7afecdb556c50c9e8de78 -> 
  custom:audio-decoder-ogg-vorbis: bf7c407c2cedff20999df2af8eb42d56 -> 
  custom:audio-encoder-webm-vorbis: bf7c407c2cedff20999df2af8eb42d56 -> 
========================================================================
Received Prepare
Registering precompiled user dll's ...
Registered in 0.018704 seconds.
Begin MonoManager ReloadAssembly
Native extension for WindowsStandalone target not found
Refreshing native plugins compatible for Editor in 0.59 ms, found 2 plugins.
Preloading 0 native plugins for Editor in 0.00 ms.
Mono: successfully reloaded assembly
- Completed reload, in  6.371 seconds
Platform modules already initialized, skipping
Switching build target platform(19) subTarget(0) extendedPlatform(0) -> platform(13) subTarget(537395200) extendedPlatform(0)
Refreshing native plugins compatible for Editor in 0.85 ms, found 2 plugins.
Preloading 0 native plugins for Editor in 0.00 ms.
Unloading 1403 Unused Serialized files (Serialized files now loaded: 0)
System memory in use before: 66.3 MB.
System memory in use after: 66.3 MB.

Unloading 14 unused Assets to reduce memory usage. Loaded Objects now: 1859.
Total: 8.100100 ms (FindLiveObjects: 0.481000 ms CreateObjectMapping: 0.482300 ms MarkObjects: 6.934300 ms  DeleteObjects: 0.199200 ms)

AssetImportParameters requested are different than current active one (requested -> active):
  custom:framework-win-MediaFoundation: 216162199b28c13a410421893ffa2e32 -> 
  custom:video-decoder-ogg-theora: a1e56fd34408186e4bbccfd4996cb3dc -> 
  custom:container-muxer-webm: aa71ff27fc2769a1b78a27578f13a17b -> 
  custom:container-demuxer-webm: 4f35f7cbe854078d1ac9338744f61a02 -> 
  custom:container-demuxer-ogg: 62fdf1f143b41e24485cea50d1cbac27 -> 
  custom:video-encoder-webm-vp8: eb34c28f22e8b96e1ab97ce403110664 -> 
  custom:video-codec-MediaFoundation-h265: 746d11721c4dcdbdad8f713fa42b33f4 -> 
  custom:video-decoder-webm-vp8: 9c59270c3fd7afecdb556c50c9e8de78 -> 
  custom:graphics/normal-map-encoding: 01000000000000000000000000000000 -> 02000000000000000000000000000000
  custom:audio-decoder-ogg-vorbis: bf7c407c2cedff20999df2af8eb42d56 -> 
  custom:audio-encoder-webm-vorbis: bf7c407c2cedff20999df2af8eb42d56 -> 
========================================================================
Received Prepare
Registering precompiled user dll's ...
Registered in 0.025423 seconds.
Begin MonoManager ReloadAssembly
Native extension for WindowsStandalone target not found
Refreshing native plugins compatible for Editor in 2.21 ms, found 2 plugins.
Preloading 0 native plugins for Editor in 0.00 ms.
Mono: successfully reloaded assembly
- Completed reload, in  6.116 seconds
Platform modules already initialized, skipping
Switching build target platform(19) subTarget(0) extendedPlatform(0) -> platform(13) subTarget(537395200) extendedPlatform(0)
Refreshing native plugins compatible for Editor in 0.88 ms, found 2 plugins.
Preloading 0 native plugins for Editor in 0.00 ms.
Unloading 1403 Unused Serialized files (Serialized files now loaded: 0)
System memory in use before: 66.3 MB.
System memory in use after: 66.4 MB.

Unloading 14 unused Assets to reduce memory usage. Loaded Objects now: 1862.
Total: 8.998500 ms (FindLiveObjects: 0.482400 ms CreateObjectMapping: 0.326500 ms MarkObjects: 8.097200 ms  DeleteObjects: 0.089200 ms)

AssetImportParameters requested are different than current active one (requested -> active):
  custom:framework-win-MediaFoundation: 216162199b28c13a410421893ffa2e32 -> 
  custom:video-decoder-ogg-theora: a1e56fd34408186e4bbccfd4996cb3dc -> 
  custom:container-muxer-webm: aa71ff27fc2769a1b78a27578f13a17b -> 
  custom:container-demuxer-webm: 4f35f7cbe854078d1ac9338744f61a02 -> 
  custom:container-demuxer-ogg: 62fdf1f143b41e24485cea50d1cbac27 -> 
  custom:video-encoder-webm-vp8: eb34c28f22e8b96e1ab97ce403110664 -> 
  custom:video-codec-MediaFoundation-h265: 746d11721c4dcdbdad8f713fa42b33f4 -> 
  custom:video-decoder-webm-vp8: 9c59270c3fd7afecdb556c50c9e8de78 -> 
  custom:graphics/normal-map-encoding: 01000000000000000000000000000000 -> 02000000000000000000000000000000
  custom:audio-decoder-ogg-vorbis: bf7c407c2cedff20999df2af8eb42d56 -> 
  custom:audio-encoder-webm-vorbis: bf7c407c2cedff20999df2af8eb42d56 -> 
========================================================================
Received Prepare
Registering precompiled user dll's ...
Registered in 0.016400 seconds.
Begin MonoManager ReloadAssembly
Native extension for WindowsStandalone target not found
Refreshing native plugins compatible for Editor in 0.44 ms, found 2 plugins.
Preloading 0 native plugins for Editor in 0.00 ms.
Mono: successfully reloaded assembly
- Completed reload, in  2.448 seconds
Platform modules already initialized, skipping
Switching build target platform(19) subTarget(0) extendedPlatform(0) -> platform(13) subTarget(537395200) extendedPlatform(0)
Refreshing native plugins compatible for Editor in 0.71 ms, found 2 plugins.
Preloading 0 native plugins for Editor in 0.00 ms.
Unloading 1403 Unused Serialized files (Serialized files now loaded: 0)
System memory in use before: 66.3 MB.
System memory in use after: 66.4 MB.

Unloading 14 unused Assets to reduce memory usage. Loaded Objects now: 1865.
Total: 19.036300 ms (FindLiveObjects: 0.302800 ms CreateObjectMapping: 0.281200 ms MarkObjects: 18.352500 ms  DeleteObjects: 0.097900 ms)

AssetImportParameters requested are different than current active one (requested -> active):
  custom:framework-win-MediaFoundation: 216162199b28c13a410421893ffa2e32 -> 
  custom:video-decoder-ogg-theora: a1e56fd34408186e4bbccfd4996cb3dc -> 
  custom:container-muxer-webm: aa71ff27fc2769a1b78a27578f13a17b -> 
  custom:container-demuxer-webm: 4f35f7cbe854078d1ac9338744f61a02 -> 
  custom:container-demuxer-ogg: 62fdf1f143b41e24485cea50d1cbac27 -> 
  custom:video-encoder-webm-vp8: eb34c28f22e8b96e1ab97ce403110664 -> 
  custom:video-codec-MediaFoundation-h265: 746d11721c4dcdbdad8f713fa42b33f4 -> 
  custom:video-decoder-webm-vp8: 9c59270c3fd7afecdb556c50c9e8de78 -> 
  custom:graphics/normal-map-encoding: 01000000000000000000000000000000 -> 02000000000000000000000000000000
  custom:audio-decoder-ogg-vorbis: bf7c407c2cedff20999df2af8eb42d56 -> 
  custom:audio-encoder-webm-vorbis: bf7c407c2cedff20999df2af8eb42d56 -> 
========================================================================
Received Import Request.
  path: Assets/Prefab/BishopDark 1.prefab
  artifactKey: Guid(f054ae4339f90b54c92a6052e7974ba8) Importer(815301076,1909f56bfc062723c751e8b465ee728b)
Start importing Assets/Prefab/BishopDark 1.prefab using Guid(f054ae4339f90b54c92a6052e7974ba8) Importer(815301076,1909f56bfc062723c751e8b465ee728b)  -> (artifact id: '64ecb716fdcc405412554f1e2cfb7454') in 2.604557 seconds 
  Import took 2.611713 seconds .

========================================================================
Received Import Request.
  Time since last request: 5.141467 seconds.
  path: Assets/Prefab/BishopDark 1.prefab
  artifactKey: Guid(f054ae4339f90b54c92a6052e7974ba8) Importer(815301076,1909f56bfc062723c751e8b465ee728b)
Start importing Assets/Prefab/BishopDark 1.prefab using Guid(f054ae4339f90b54c92a6052e7974ba8) Importer(815301076,1909f56bfc062723c751e8b465ee728b)  -> (artifact id: '64ecb716fdcc405412554f1e2cfb7454') in 0.058111 seconds 
  Import took 0.064330 seconds .

========================================================================
Received Prepare
Registering precompiled user dll's ...
Registered in 0.017746 seconds.
Begin MonoManager ReloadAssembly
Native extension for WindowsStandalone target not found
Refreshing native plugins compatible for Editor in 0.61 ms, found 2 plugins.
Preloading 0 native plugins for Editor in 0.00 ms.
Mono: successfully reloaded assembly
- Completed reload, in  4.341 seconds
Platform modules already initialized, skipping
Switching build target platform(19) subTarget(0) extendedPlatform(0) -> platform(13) subTarget(537395200) extendedPlatform(0)
Refreshing native plugins compatible for Editor in 0.76 ms, found 2 plugins.
Preloading 0 native plugins for Editor in 0.00 ms.
Unloading 1403 Unused Serialized files (Serialized files now loaded: 0)
System memory in use before: 69.5 MB.
System memory in use after: 69.6 MB.

Unloading 14 unused Assets to reduce memory usage. Loaded Objects now: 1876.
Total: 7.349500 ms (FindLiveObjects: 0.522600 ms CreateObjectMapping: 0.235000 ms MarkObjects: 6.407700 ms  DeleteObjects: 0.181300 ms)

AssetImportParameters requested are different than current active one (requested -> active):
  custom:framework-win-MediaFoundation: 216162199b28c13a410421893ffa2e32 -> 
  custom:video-decoder-ogg-theora: a1e56fd34408186e4bbccfd4996cb3dc -> 
  custom:container-muxer-webm: aa71ff27fc2769a1b78a27578f13a17b -> 
  custom:container-demuxer-webm: 4f35f7cbe854078d1ac9338744f61a02 -> 
  custom:container-demuxer-ogg: 62fdf1f143b41e24485cea50d1cbac27 -> 
  custom:video-encoder-webm-vp8: eb34c28f22e8b96e1ab97ce403110664 -> 
  custom:video-codec-MediaFoundation-h265: 746d11721c4dcdbdad8f713fa42b33f4 -> 
  custom:video-decoder-webm-vp8: 9c59270c3fd7afecdb556c50c9e8de78 -> 
  custom:graphics/normal-map-encoding: 01000000000000000000000000000000 -> 02000000000000000000000000000000
  custom:audio-decoder-ogg-vorbis: bf7c407c2cedff20999df2af8eb42d56 -> 
  custom:audio-encoder-webm-vorbis: bf7c407c2cedff20999df2af8eb42d56 -> 
========================================================================
Received Prepare
Registering precompiled user dll's ...
Registered in 0.056900 seconds.
Begin MonoManager ReloadAssembly
Native extension for WindowsStandalone target not found
Refreshing native plugins compatible for Editor in 1.79 ms, found 2 plugins.
Preloading 0 native plugins for Editor in 0.00 ms.
Mono: successfully reloaded assembly
- Completed reload, in 12.370 seconds
Platform modules already initialized, skipping
Switching build target platform(19) subTarget(0) extendedPlatform(0) -> platform(13) subTarget(537395200) extendedPlatform(0)
Refreshing native plugins compatible for Editor in 1.13 ms, found 2 plugins.
Preloading 0 native plugins for Editor in 0.00 ms.
Unloading 1403 Unused Serialized files (Serialized files now loaded: 0)
System memory in use before: 69.5 MB.
System memory in use after: 69.6 MB.

Unloading 14 unused Assets to reduce memory usage. Loaded Objects now: 1879.
Total: 4.428100 ms (FindLiveObjects: 0.304900 ms CreateObjectMapping: 0.096700 ms MarkObjects: 3.929500 ms  DeleteObjects: 0.094900 ms)

AssetImportParameters requested are different than current active one (requested -> active):
  custom:framework-win-MediaFoundation: 216162199b28c13a410421893ffa2e32 -> 
  custom:video-decoder-ogg-theora: a1e56fd34408186e4bbccfd4996cb3dc -> 
  custom:container-muxer-webm: aa71ff27fc2769a1b78a27578f13a17b -> 
  custom:container-demuxer-webm: 4f35f7cbe854078d1ac9338744f61a02 -> 
  custom:container-demuxer-ogg: 62fdf1f143b41e24485cea50d1cbac27 -> 
  custom:video-encoder-webm-vp8: eb34c28f22e8b96e1ab97ce403110664 -> 
  custom:video-codec-MediaFoundation-h265: 746d11721c4dcdbdad8f713fa42b33f4 -> 
  custom:video-decoder-webm-vp8: 9c59270c3fd7afecdb556c50c9e8de78 -> 
  custom:graphics/normal-map-encoding: 01000000000000000000000000000000 -> 02000000000000000000000000000000
  custom:audio-decoder-ogg-vorbis: bf7c407c2cedff20999df2af8eb42d56 -> 
  custom:audio-encoder-webm-vorbis: bf7c407c2cedff20999df2af8eb42d56 -> 
========================================================================
Received Prepare
Registering precompiled user dll's ...
Registered in 0.048204 seconds.
Begin MonoManager ReloadAssembly
Native extension for WindowsStandalone target not found
Refreshing native plugins compatible for Editor in 1.28 ms, found 2 plugins.
Preloading 0 native plugins for Editor in 0.00 ms.
Mono: successfully reloaded assembly
- Completed reload, in  5.085 seconds
Platform modules already initialized, skipping
Switching build target platform(19) subTarget(0) extendedPlatform(0) -> platform(13) subTarget(537395200) extendedPlatform(0)
Refreshing native plugins compatible for Editor in 0.99 ms, found 2 plugins.
Preloading 0 native plugins for Editor in 0.00 ms.
Unloading 1403 Unused Serialized files (Serialized files now loaded: 0)
System memory in use before: 69.5 MB.
System memory in use after: 69.6 MB.

Unloading 14 unused Assets to reduce memory usage. Loaded Objects now: 1882.
Total: 7.835200 ms (FindLiveObjects: 0.515600 ms CreateObjectMapping: 0.284800 ms MarkObjects: 6.909900 ms  DeleteObjects: 0.122400 ms)

AssetImportParameters requested are different than current active one (requested -> active):
  custom:framework-win-MediaFoundation: 216162199b28c13a410421893ffa2e32 -> 
  custom:video-decoder-ogg-theora: a1e56fd34408186e4bbccfd4996cb3dc -> 
  custom:container-muxer-webm: aa71ff27fc2769a1b78a27578f13a17b -> 
  custom:container-demuxer-webm: 4f35f7cbe854078d1ac9338744f61a02 -> 
  custom:container-demuxer-ogg: 62fdf1f143b41e24485cea50d1cbac27 -> 
  custom:video-encoder-webm-vp8: eb34c28f22e8b96e1ab97ce403110664 -> 
  custom:video-codec-MediaFoundation-h265: 746d11721c4dcdbdad8f713fa42b33f4 -> 
  custom:video-decoder-webm-vp8: 9c59270c3fd7afecdb556c50c9e8de78 -> 
  custom:graphics/normal-map-encoding: 01000000000000000000000000000000 -> 02000000000000000000000000000000
  custom:audio-decoder-ogg-vorbis: bf7c407c2cedff20999df2af8eb42d56 -> 
  custom:audio-encoder-webm-vorbis: bf7c407c2cedff20999df2af8eb42d56 -> 
========================================================================
Received Import Request.
  Time since last request: 396.202790 seconds.
  path: Assets/Prefab/PawnDark 1.prefab
  artifactKey: Guid(08948d246e357c143b92f8a2aa1192bd) Importer(815301076,1909f56bfc062723c751e8b465ee728b)
Start importing Assets/Prefab/PawnDark 1.prefab using Guid(08948d246e357c143b92f8a2aa1192bd) Importer(815301076,1909f56bfc062723c751e8b465ee728b)  -> (artifact id: '9019214d10bb53f739864c7871f5812a') in 0.218494 seconds 
  Import took 0.223785 seconds .

========================================================================
Received Import Request.
  Time since last request: 40.842777 seconds.
  path: Assets/Prefab/BishopLight 1.prefab
  artifactKey: Guid(1d712ed661aabb148a6574a13eee9e17) Importer(815301076,1909f56bfc062723c751e8b465ee728b)
Start importing Assets/Prefab/BishopLight 1.prefab using Guid(1d712ed661aabb148a6574a13eee9e17) Importer(815301076,1909f56bfc062723c751e8b465ee728b)  -> (artifact id: '1190f30a555149ceaeb3a49badbb4afb') in 0.099105 seconds 
  Import took 0.105444 seconds .

========================================================================
Received Import Request.
  Time since last request: 13.268783 seconds.
  path: Assets/Prefab/KingDark 1.prefab
  artifactKey: Guid(b41fcdd078630fb46a1efdc8570e6fd9) Importer(815301076,1909f56bfc062723c751e8b465ee728b)
Start importing Assets/Prefab/KingDark 1.prefab using Guid(b41fcdd078630fb46a1efdc8570e6fd9) Importer(815301076,1909f56bfc062723c751e8b465ee728b)  -> (artifact id: '4d471bb5c5a960756ee6536b15c7ecc9') in 0.143092 seconds 
  Import took 0.148427 seconds .

========================================================================
Received Import Request.
  Time since last request: 15.275027 seconds.
  path: Assets/Prefab/KingLight 1.prefab
  artifactKey: Guid(3055c29860430d14c8d51c94a128de71) Importer(815301076,1909f56bfc062723c751e8b465ee728b)
Start importing Assets/Prefab/KingLight 1.prefab using Guid(3055c29860430d14c8d51c94a128de71) Importer(815301076,1909f56bfc062723c751e8b465ee728b)  -> (artifact id: 'b023569fc90a6184a2a1a71cec0329dd') in 0.095368 seconds 
  Import took 0.099766 seconds .

========================================================================
Received Import Request.
  Time since last request: 0.001155 seconds.
  path: Assets/Prefab/KingLight 1.prefab
  artifactKey: Guid(3055c29860430d14c8d51c94a128de71) Importer(815301076,1909f56bfc062723c751e8b465ee728b)
Start importing Assets/Prefab/KingLight 1.prefab using Guid(3055c29860430d14c8d51c94a128de71) Importer(815301076,1909f56bfc062723c751e8b465ee728b)  -> (artifact id: 'b023569fc90a6184a2a1a71cec0329dd') in 0.078645 seconds 
  Import took 0.086336 seconds .

========================================================================
Received Import Request.
  Time since last request: 11.762598 seconds.
  path: Assets/Prefab/KnightDark 1.prefab
  artifactKey: Guid(a047205e6f33ae249a29610f57681f14) Importer(815301076,1909f56bfc062723c751e8b465ee728b)
Start importing Assets/Prefab/KnightDark 1.prefab using Guid(a047205e6f33ae249a29610f57681f14) Importer(815301076,1909f56bfc062723c751e8b465ee728b)  -> (artifact id: '4ac586083db32033ae3b32116f732436') in 0.104141 seconds 
  Import took 0.109319 seconds .

========================================================================
Received Import Request.
  Time since last request: 0.002801 seconds.
  path: Assets/Prefab/KnightDark 1.prefab
  artifactKey: Guid(a047205e6f33ae249a29610f57681f14) Importer(815301076,1909f56bfc062723c751e8b465ee728b)
Start importing Assets/Prefab/KnightDark 1.prefab using Guid(a047205e6f33ae249a29610f57681f14) Importer(815301076,1909f56bfc062723c751e8b465ee728b)  -> (artifact id: '4ac586083db32033ae3b32116f732436') in 0.095165 seconds 
  Import took 0.100734 seconds .

========================================================================
Received Import Request.
  Time since last request: 16.115293 seconds.
  path: Assets/Prefab/KnightLight 1.prefab
  artifactKey: Guid(616639b1d99db1e478f0594f9e0e8ab8) Importer(815301076,1909f56bfc062723c751e8b465ee728b)
Start importing Assets/Prefab/KnightLight 1.prefab using Guid(616639b1d99db1e478f0594f9e0e8ab8) Importer(815301076,1909f56bfc062723c751e8b465ee728b)  -> (artifact id: 'b6fd5c9f670d90f19ba8eae75618eef9') in 0.092541 seconds 
  Import took 0.097983 seconds .

========================================================================
Received Import Request.
  Time since last request: 30.079668 seconds.
  path: Assets/Prefab/QueenDark 1.prefab
  artifactKey: Guid(3f4dd3bef9e3acb43b0845318e2d1a4d) Importer(815301076,1909f56bfc062723c751e8b465ee728b)
Start importing Assets/Prefab/QueenDark 1.prefab using Guid(3f4dd3bef9e3acb43b0845318e2d1a4d) Importer(815301076,1909f56bfc062723c751e8b465ee728b)  -> (artifact id: 'bd3d6a88a6ef2bd3a1d38eb6fe9e5bc7') in 0.170362 seconds 
  Import took 0.178291 seconds .

========================================================================
Received Import Request.
  Time since last request: 7.460059 seconds.
  path: Assets/Prefab/QueenLight 1.prefab
  artifactKey: Guid(508fc042713374b4f944ba29ff21f726) Importer(815301076,1909f56bfc062723c751e8b465ee728b)
Start importing Assets/Prefab/QueenLight 1.prefab using Guid(508fc042713374b4f944ba29ff21f726) Importer(815301076,1909f56bfc062723c751e8b465ee728b)  -> (artifact id: 'fdb6acb2c31d03fb8bbeae436f004f90') in 0.135769 seconds 
  Import took 0.141689 seconds .

========================================================================
Received Import Request.
  Time since last request: 16.602100 seconds.
  path: Assets/Prefab/RookDark 1.prefab
  artifactKey: Guid(95f68efcce24d5f42b1c9e13f9610922) Importer(815301076,1909f56bfc062723c751e8b465ee728b)
Start importing Assets/Prefab/RookDark 1.prefab using Guid(95f68efcce24d5f42b1c9e13f9610922) Importer(815301076,1909f56bfc062723c751e8b465ee728b)  -> (artifact id: '0bb1b15968d8a7c0da6db6cdea3d28c0') in 0.122110 seconds 
  Import took 0.127123 seconds .

========================================================================
Received Import Request.
  Time since last request: 0.000801 seconds.
  path: Assets/Prefab/RookDark 1.prefab
  artifactKey: Guid(95f68efcce24d5f42b1c9e13f9610922) Importer(815301076,1909f56bfc062723c751e8b465ee728b)
Start importing Assets/Prefab/RookDark 1.prefab using Guid(95f68efcce24d5f42b1c9e13f9610922) Importer(815301076,1909f56bfc062723c751e8b465ee728b)  -> (artifact id: '0bb1b15968d8a7c0da6db6cdea3d28c0') in 0.125401 seconds 
  Import took 0.130839 seconds .

========================================================================
Received Import Request.
  Time since last request: 9.554558 seconds.
  path: Assets/Prefab/RookLight 1.prefab
  artifactKey: Guid(83d069648898a9c4ebddef26f32d2b4a) Importer(815301076,1909f56bfc062723c751e8b465ee728b)
Start importing Assets/Prefab/RookLight 1.prefab using Guid(83d069648898a9c4ebddef26f32d2b4a) Importer(815301076,1909f56bfc062723c751e8b465ee728b)  -> (artifact id: '4f14dbf4b4c023eaf402fc64a91e346d') in 0.121390 seconds 
  Import took 0.127638 seconds .

========================================================================
Received Import Request.
  Time since last request: 55.634619 seconds.
  path: Assets/Prefab/RookDark 1.prefab
  artifactKey: Guid(95f68efcce24d5f42b1c9e13f9610922) Importer(815301076,1909f56bfc062723c751e8b465ee728b)
Start importing Assets/Prefab/RookDark 1.prefab using Guid(95f68efcce24d5f42b1c9e13f9610922) Importer(815301076,1909f56bfc062723c751e8b465ee728b)  -> (artifact id: 'a902f1d8473f44874e14229cda866697') in 0.097352 seconds 
  Import took 0.111037 seconds .

========================================================================
Received Prepare
Registering precompiled user dll's ...
Registered in 0.076302 seconds.
Begin MonoManager ReloadAssembly
Native extension for WindowsStandalone target not found
Refreshing native plugins compatible for Editor in 0.54 ms, found 2 plugins.
Preloading 0 native plugins for Editor in 0.00 ms.
Mono: successfully reloaded assembly
- Completed reload, in  2.010 seconds
Platform modules already initialized, skipping
Switching build target platform(19) subTarget(0) extendedPlatform(0) -> platform(13) subTarget(537395200) extendedPlatform(0)
Refreshing native plugins compatible for Editor in 0.37 ms, found 2 plugins.
Preloading 0 native plugins for Editor in 0.00 ms.
Unloading 1403 Unused Serialized files (Serialized files now loaded: 0)
System memory in use before: 69.5 MB.
System memory in use after: 69.6 MB.

Unloading 14 unused Assets to reduce memory usage. Loaded Objects now: 1886.
Total: 3.204600 ms (FindLiveObjects: 0.180000 ms CreateObjectMapping: 0.058200 ms MarkObjects: 2.861600 ms  DeleteObjects: 0.103200 ms)

AssetImportParameters requested are different than current active one (requested -> active):
  custom:framework-win-MediaFoundation: 216162199b28c13a410421893ffa2e32 -> 
  custom:video-decoder-ogg-theora: a1e56fd34408186e4bbccfd4996cb3dc -> 
  custom:container-muxer-webm: aa71ff27fc2769a1b78a27578f13a17b -> 
  custom:container-demuxer-webm: 4f35f7cbe854078d1ac9338744f61a02 -> 
  custom:container-demuxer-ogg: 62fdf1f143b41e24485cea50d1cbac27 -> 
  custom:video-encoder-webm-vp8: eb34c28f22e8b96e1ab97ce403110664 -> 
  custom:video-codec-MediaFoundation-h265: 746d11721c4dcdbdad8f713fa42b33f4 -> 
  custom:video-decoder-webm-vp8: 9c59270c3fd7afecdb556c50c9e8de78 -> 
  custom:graphics/normal-map-encoding: 01000000000000000000000000000000 -> 02000000000000000000000000000000
  custom:audio-decoder-ogg-vorbis: bf7c407c2cedff20999df2af8eb42d56 -> 
  custom:audio-encoder-webm-vorbis: bf7c407c2cedff20999df2af8eb42d56 -> 
========================================================================
Received Import Request.
  Time since last request: 11.796268 seconds.
  path: Assets/Prefab/RookDark 1.prefab
  artifactKey: Guid(95f68efcce24d5f42b1c9e13f9610922) Importer(815301076,1909f56bfc062723c751e8b465ee728b)
Start importing Assets/Prefab/RookDark 1.prefab using Guid(95f68efcce24d5f42b1c9e13f9610922) Importer(815301076,1909f56bfc062723c751e8b465ee728b)  -> (artifact id: '55a460874791132322ee5909d88bd9e4') in 0.222157 seconds 
  Import took 0.226855 seconds .

========================================================================
Received Import Request.
  Time since last request: 0.000317 seconds.
  path: Assets/Prefab/RookLight 1.prefab
  artifactKey: Guid(83d069648898a9c4ebddef26f32d2b4a) Importer(815301076,1909f56bfc062723c751e8b465ee728b)
Start importing Assets/Prefab/RookLight 1.prefab using Guid(83d069648898a9c4ebddef26f32d2b4a) Importer(815301076,1909f56bfc062723c751e8b465ee728b)  -> (artifact id: '1772eddb682bef8f31171acd93e8b4b5') in 0.743510 seconds 
  Import took 0.748189 seconds .

========================================================================
Received Import Request.
  Time since last request: 0.000387 seconds.
  path: Assets/Prefab/QueenLight 1.prefab
  artifactKey: Guid(508fc042713374b4f944ba29ff21f726) Importer(815301076,1909f56bfc062723c751e8b465ee728b)
Start importing Assets/Prefab/QueenLight 1.prefab using Guid(508fc042713374b4f944ba29ff21f726) Importer(815301076,1909f56bfc062723c751e8b465ee728b)  -> (artifact id: '3fa94cc8f39c555e4234611e20d66abf') in 0.090189 seconds 
  Import took 0.095407 seconds .

========================================================================
Received Import Request.
  Time since last request: 0.000353 seconds.
  path: Assets/Prefab/RookDark 1.prefab
  artifactKey: Guid(95f68efcce24d5f42b1c9e13f9610922) Importer(815301076,1909f56bfc062723c751e8b465ee728b)
Start importing Assets/Prefab/RookDark 1.prefab using Guid(95f68efcce24d5f42b1c9e13f9610922) Importer(815301076,1909f56bfc062723c751e8b465ee728b)  -> (artifact id: '55a460874791132322ee5909d88bd9e4') in 0.090064 seconds 
  Import took 0.094628 seconds .

========================================================================
Received Import Request.
  Time since last request: 0.029917 seconds.
  path: Assets/Prefab/QueenDark 1.prefab
  artifactKey: Guid(3f4dd3bef9e3acb43b0845318e2d1a4d) Importer(815301076,1909f56bfc062723c751e8b465ee728b)
Start importing Assets/Prefab/QueenDark 1.prefab using Guid(3f4dd3bef9e3acb43b0845318e2d1a4d) Importer(815301076,1909f56bfc062723c751e8b465ee728b)  -> (artifact id: 'a10825f4706bf99c4a79d2014266355b') in 0.149152 seconds 
  Import took 0.157689 seconds .

========================================================================
Received Import Request.
  Time since last request: 0.104356 seconds.
  path: Assets/Prefab/PawnLight 1.prefab
  artifactKey: Guid(e4e89f0303f3434409730f80d4287e86) Importer(815301076,1909f56bfc062723c751e8b465ee728b)
Start importing Assets/Prefab/PawnLight 1.prefab using Guid(e4e89f0303f3434409730f80d4287e86) Importer(815301076,1909f56bfc062723c751e8b465ee728b)  -> (artifact id: 'eaaf5978a7aecc9fca3b0b0eb9b5f069') in 0.144770 seconds 
  Import took 0.148623 seconds .

========================================================================
Received Import Request.
  Time since last request: 0.090738 seconds.
  path: Assets/Prefab/PawnDark 1.prefab
  artifactKey: Guid(08948d246e357c143b92f8a2aa1192bd) Importer(815301076,1909f56bfc062723c751e8b465ee728b)
Start importing Assets/Prefab/PawnDark 1.prefab using Guid(08948d246e357c143b92f8a2aa1192bd) Importer(815301076,1909f56bfc062723c751e8b465ee728b)  -> (artifact id: 'f1560cfa219aa24306ef1a62a42d1d11') in 0.140278 seconds 
  Import took 0.144983 seconds .

========================================================================
Received Import Request.
  Time since last request: 0.023006 seconds.
  path: Assets/Prefab/KnightLight 1.prefab
  artifactKey: Guid(616639b1d99db1e478f0594f9e0e8ab8) Importer(815301076,1909f56bfc062723c751e8b465ee728b)
Start importing Assets/Prefab/KnightLight 1.prefab using Guid(616639b1d99db1e478f0594f9e0e8ab8) Importer(815301076,1909f56bfc062723c751e8b465ee728b)  -> (artifact id: '204bf48fbf6ae09b45bafe638c46d8ec') in 0.111867 seconds 
  Import took 0.117591 seconds .

========================================================================
Received Import Request.
  Time since last request: 0.095314 seconds.
  path: Assets/Prefab/KnightDark 1.prefab
  artifactKey: Guid(a047205e6f33ae249a29610f57681f14) Importer(815301076,1909f56bfc062723c751e8b465ee728b)
Start importing Assets/Prefab/KnightDark 1.prefab using Guid(a047205e6f33ae249a29610f57681f14) Importer(815301076,1909f56bfc062723c751e8b465ee728b)  -> (artifact id: '927739d8526b06392ce8aa826577d6f9') in 0.104989 seconds 
  Import took 0.111676 seconds .

========================================================================
Received Import Request.
  Time since last request: 0.069686 seconds.
  path: Assets/Prefab/KingLight 1.prefab
  artifactKey: Guid(3055c29860430d14c8d51c94a128de71) Importer(815301076,1909f56bfc062723c751e8b465ee728b)
Start importing Assets/Prefab/KingLight 1.prefab using Guid(3055c29860430d14c8d51c94a128de71) Importer(815301076,1909f56bfc062723c751e8b465ee728b)  -> (artifact id: 'c4236a272420af419c2ee41faae1fb50') in 0.084673 seconds 
  Import took 0.089281 seconds .

========================================================================
Received Import Request.
  Time since last request: 0.005526 seconds.
  path: Assets/Prefab/KingLight 1.prefab
  artifactKey: Guid(3055c29860430d14c8d51c94a128de71) Importer(815301076,1909f56bfc062723c751e8b465ee728b)
Start importing Assets/Prefab/KingLight 1.prefab using Guid(3055c29860430d14c8d51c94a128de71) Importer(815301076,1909f56bfc062723c751e8b465ee728b)  -> (artifact id: 'c4236a272420af419c2ee41faae1fb50') in 0.134186 seconds 
  Import took 0.141179 seconds .

========================================================================
Received Import Request.
  Time since last request: 0.000602 seconds.
  path: Assets/Prefab/KingDark 1.prefab
  artifactKey: Guid(b41fcdd078630fb46a1efdc8570e6fd9) Importer(815301076,1909f56bfc062723c751e8b465ee728b)
Start importing Assets/Prefab/KingDark 1.prefab using Guid(b41fcdd078630fb46a1efdc8570e6fd9) Importer(815301076,1909f56bfc062723c751e8b465ee728b)  -> (artifact id: '9bfdc664ef2b6b1b96877ad90b6bc98f') in 0.860389 seconds 
  Import took 0.868568 seconds .

========================================================================
Received Import Request.
  Time since last request: 0.000381 seconds.
  path: Assets/Prefab/DamageText.prefab
  artifactKey: Guid(98e63fa1e16494c49bf426fbaa07f940) Importer(815301076,1909f56bfc062723c751e8b465ee728b)
Start importing Assets/Prefab/DamageText.prefab using Guid(98e63fa1e16494c49bf426fbaa07f940) Importer(815301076,1909f56bfc062723c751e8b465ee728b)  -> (artifact id: '628201087301ffb6af496157c814eb83') in 0.182343 seconds 
  Import took 0.189078 seconds .

========================================================================
Received Import Request.
  Time since last request: 0.393210 seconds.
  path: Assets/Prefab/BishopDark 1.prefab
  artifactKey: Guid(f054ae4339f90b54c92a6052e7974ba8) Importer(815301076,1909f56bfc062723c751e8b465ee728b)
Start importing Assets/Prefab/BishopDark 1.prefab using Guid(f054ae4339f90b54c92a6052e7974ba8) Importer(815301076,1909f56bfc062723c751e8b465ee728b)  -> (artifact id: '7f934ed946162861055b21016a39b956') in 0.047922 seconds 
  Import took 0.052253 seconds .

========================================================================
Received Prepare
Registering precompiled user dll's ...
Registered in 0.014625 seconds.
Begin MonoManager ReloadAssembly
Native extension for WindowsStandalone target not found
Refreshing native plugins compatible for Editor in 0.43 ms, found 2 plugins.
Preloading 0 native plugins for Editor in 0.00 ms.
Mono: successfully reloaded assembly
- Completed reload, in  3.615 seconds
Platform modules already initialized, skipping
Switching build target platform(19) subTarget(0) extendedPlatform(0) -> platform(13) subTarget(537395200) extendedPlatform(0)
Refreshing native plugins compatible for Editor in 1.04 ms, found 2 plugins.
Preloading 0 native plugins for Editor in 0.00 ms.
Unloading 1403 Unused Serialized files (Serialized files now loaded: 0)
System memory in use before: 69.6 MB.
System memory in use after: 69.7 MB.

Unloading 14 unused Assets to reduce memory usage. Loaded Objects now: 1890.
Total: 4.313300 ms (FindLiveObjects: 0.276600 ms CreateObjectMapping: 0.101000 ms MarkObjects: 3.838600 ms  DeleteObjects: 0.091800 ms)

AssetImportParameters requested are different than current active one (requested -> active):
  custom:framework-win-MediaFoundation: 216162199b28c13a410421893ffa2e32 -> 
  custom:video-decoder-ogg-theora: a1e56fd34408186e4bbccfd4996cb3dc -> 
  custom:container-muxer-webm: aa71ff27fc2769a1b78a27578f13a17b -> 
  custom:container-demuxer-webm: 4f35f7cbe854078d1ac9338744f61a02 -> 
  custom:container-demuxer-ogg: 62fdf1f143b41e24485cea50d1cbac27 -> 
  custom:video-encoder-webm-vp8: eb34c28f22e8b96e1ab97ce403110664 -> 
  custom:video-codec-MediaFoundation-h265: 746d11721c4dcdbdad8f713fa42b33f4 -> 
  custom:video-decoder-webm-vp8: 9c59270c3fd7afecdb556c50c9e8de78 -> 
  custom:graphics/normal-map-encoding: 01000000000000000000000000000000 -> 02000000000000000000000000000000
  custom:audio-decoder-ogg-vorbis: bf7c407c2cedff20999df2af8eb42d56 -> 
  custom:audio-encoder-webm-vorbis: bf7c407c2cedff20999df2af8eb42d56 -> 
