Using pre-set license
Built from '2020.3/staging' branch; Version is '2020.3.16f1 (049d6eca3c44) revision 302446'; Using compiler version '192528614'; Build Type 'Release'
OS: 'Windows 10 Home; OS build 18363.1440; Version 1909; 64bit' Language: 'ko' Physical Memory: 8110 MB
BatchMode: 1, IsHumanControllingUs: 0, StartBugReporterOnCrash: 0, Is64bit: 1, IsPro: 0

 COMMAND LINE ARGUMENTS:
C:\Program Files\Unity\Hub\Editor\2020.3.16f1\Editor\Unity.exe
-adb2
-batchMode
-noUpm
-name
AssetImportWorker1
-projectPath
C:/Users/jaeyong/git/TIOGx/Unity/Project/BattleChessProject
-logFile
Logs/AssetImportWorker1.log
-srvPort
57284
Successfully changed project path to: C:/Users/jaeyong/git/TIOGx/Unity/Project/BattleChessProject
C:/Users/jaeyong/git/TIOGx/Unity/Project/BattleChessProject
Using Asset Import Pipeline V2.
