Using pre-set license
Built from '2020.3/release' branch; Version is '2020.3.15f2 (6cf78cb77498) revision 7141260'; Using compiler version '192528614'; Build Type 'Release'
OS: 'Windows 10 Home; OS build 19043.1110; Version 2009; 64bit' Language: 'ko' Physical Memory: 16347 MB
BatchMode: 1, IsHumanControllingUs: 0, StartBugReporterOnCrash: 0, Is64bit: 1, IsPro: 0

 COMMAND LINE ARGUMENTS:
D:\Unity\2020.3.15f2\Editor\Unity.exe
-adb2
-batchMode
-noUpm
-name
AssetImportWorker0
-projectPath
C:/Users/dlgyd/Documents/GitHub/Unity/hyowon/BattleChessProject
-logFile
Logs/AssetImportWorker0.log
-srvPort
6857
Successfully changed project path to: C:/Users/dlgyd/Documents/GitHub/Unity/hyowon/BattleChessProject
C:/Users/dlgyd/Documents/GitHub/Unity/hyowon/BattleChessProject
Using Asset Import Pipeline V2.
Refreshing native plugins compatible for Editor in 42.20 ms, found 2 plugins.
Preloading 0 native plugins for Editor in 0.00 ms.
Initialize engine version: 2020.3.15f2 (6cf78cb77498)
[Subsystems] Discovering subsystems at path D:/Unity/2020.3.15f2/Editor/Data/Resources/UnitySubsystems
[Subsystems] Discovering subsystems at path C:/Users/dlgyd/Documents/GitHub/Unity/hyowon/BattleChessProject/Assets
GfxDevice: creating device client; threaded=0
Direct3D:
    Version:  Direct3D 11.0 [level 11.1]
    Renderer: Radeon RX 570 Series (ID=0x67df)
    Vendor:   
    VRAM:     8171 MB
    Driver:   27.20.21003.8013
Initialize mono
Mono path[0] = 'D:/Unity/2020.3.15f2/Editor/Data/Managed'
Mono path[1] = 'D:/Unity/2020.3.15f2/Editor/Data/MonoBleedingEdge/lib/mono/unityjit'
Mono config path = 'D:/Unity/2020.3.15f2/Editor/Data/MonoBleedingEdge/etc'
Using monoOptions --debugger-agent=transport=dt_socket,embedding=1,server=y,suspend=n,address=127.0.0.1:56376
Begin MonoManager ReloadAssembly
Registering precompiled unity dll's ...
Register platform support module: D:/Unity/2020.3.15f2/Editor/Data/PlaybackEngines/WindowsStandaloneSupport/UnityEditor.WindowsStandalone.Extensions.dll
Registered in 0.001748 seconds.
Native extension for WindowsStandalone target not found
Refreshing native plugins compatible for Editor in 42.08 ms, found 2 plugins.
Preloading 0 native plugins for Editor in 0.00 ms.
Mono: successfully reloaded assembly
- Completed reload, in  2.232 seconds
Domain Reload Profiling:
	ReloadAssembly (2232ms)
		BeginReloadAssembly (103ms)
			ExecutionOrderSort (0ms)
			DisableScriptedObjects (0ms)
			BackupInstance (0ms)
			ReleaseScriptingObjects (0ms)
			CreateAndSetChildDomain (2ms)
		EndReloadAssembly (567ms)
			LoadAssemblies (101ms)
			RebuildTransferFunctionScriptingTraits (0ms)
			SetupTypeCache (207ms)
			ReleaseScriptCaches (0ms)
			RebuildScriptCaches (45ms)
			SetupLoadedEditorAssemblies (223ms)
				LogAssemblyErrors (0ms)
				InitializePlatformSupportModulesInManaged (6ms)
				SetLoadedEditorAssemblies (1ms)
				RefreshPlugins (42ms)
				BeforeProcessingInitializeOnLoad (17ms)
				ProcessInitializeOnLoadAttributes (120ms)
				ProcessInitializeOnLoadMethodAttributes (38ms)
				AfterProcessingInitializeOnLoad (0ms)
				EditorAssembliesLoaded (0ms)
			ExecutionOrderSort2 (0ms)
			AwakeInstancesAfterBackupRestoration (0ms)
Platform modules already initialized, skipping
Registering precompiled user dll's ...
Registered in 0.007484 seconds.
Begin MonoManager ReloadAssembly
Native extension for WindowsStandalone target not found
Refreshing native plugins compatible for Editor in 0.33 ms, found 2 plugins.
Preloading 0 native plugins for Editor in 0.00 ms.
Mono: successfully reloaded assembly
- Completed reload, in  1.539 seconds
Domain Reload Profiling:
	ReloadAssembly (1541ms)
		BeginReloadAssembly (219ms)
			ExecutionOrderSort (0ms)
			DisableScriptedObjects (6ms)
			BackupInstance (0ms)
			ReleaseScriptingObjects (0ms)
			CreateAndSetChildDomain (24ms)
		EndReloadAssembly (1247ms)
			LoadAssemblies (136ms)
			RebuildTransferFunctionScriptingTraits (0ms)
			SetupTypeCache (475ms)
			ReleaseScriptCaches (1ms)
			RebuildScriptCaches (65ms)
			SetupLoadedEditorAssemblies (466ms)
				LogAssemblyErrors (0ms)
				InitializePlatformSupportModulesInManaged (6ms)
				SetLoadedEditorAssemblies (1ms)
				RefreshPlugins (0ms)
				BeforeProcessingInitializeOnLoad (117ms)
				ProcessInitializeOnLoadAttributes (333ms)
				ProcessInitializeOnLoadMethodAttributes (6ms)
				AfterProcessingInitializeOnLoad (2ms)
				EditorAssembliesLoaded (0ms)
			ExecutionOrderSort2 (0ms)
			AwakeInstancesAfterBackupRestoration (7ms)
Platform modules already initialized, skipping
========================================================================
Worker process is ready to serve import requests
Launched and connected shader compiler UnityShaderCompiler.exe after 0.10 seconds
Refreshing native plugins compatible for Editor in 0.40 ms, found 2 plugins.
Preloading 0 native plugins for Editor in 0.00 ms.
Unloading 1402 Unused Serialized files (Serialized files now loaded: 0)
System memory in use before: 65.3 MB.
System memory in use after: 65.4 MB.

Unloading 19 unused Assets to reduce memory usage. Loaded Objects now: 1835.
Total: 2.647800 ms (FindLiveObjects: 0.171400 ms CreateObjectMapping: 0.044800 ms MarkObjects: 2.319500 ms  DeleteObjects: 0.110700 ms)

AssetImportParameters requested are different than current active one (requested -> active):
  custom:framework-win-MediaFoundation: 216162199b28c13a410421893ffa2e32 -> 
  custom:video-decoder-ogg-theora: a1e56fd34408186e4bbccfd4996cb3dc -> 
  custom:container-muxer-webm: aa71ff27fc2769a1b78a27578f13a17b -> 
  custom:container-demuxer-webm: 4f35f7cbe854078d1ac9338744f61a02 -> 
  custom:container-demuxer-ogg: 62fdf1f143b41e24485cea50d1cbac27 -> 
  custom:video-encoder-webm-vp8: eb34c28f22e8b96e1ab97ce403110664 -> 
  custom:video-decoder-webm-vp8: 9c59270c3fd7afecdb556c50c9e8de78 -> 
  custom:audio-decoder-ogg-vorbis: bf7c407c2cedff20999df2af8eb42d56 -> 
  custom:audio-encoder-webm-vorbis: bf7c407c2cedff20999df2af8eb42d56 -> 
========================================================================
Received Import Request.
  path: Assets/Prefab/FloatingText.controller
  artifactKey: Guid(1ae34dcb48a7998478cfbbb2d5ac34cb) Importer(815301076,1909f56bfc062723c751e8b465ee728b)
Start importing Assets/Prefab/FloatingText.controller using Guid(1ae34dcb48a7998478cfbbb2d5ac34cb) Importer(815301076,1909f56bfc062723c751e8b465ee728b)  -> (artifact id: '4d0cf9b19f3d4238606a27f47d04062f') in 0.076879 seconds 
  Import took 0.079751 seconds .

========================================================================
Received Import Request.
  Time since last request: 397.034451 seconds.
  path: Assets/Prefab/FloatingText.anim
  artifactKey: Guid(9c3b6245f79db824d98bfe0a8a47eb41) Importer(815301076,1909f56bfc062723c751e8b465ee728b)
Start importing Assets/Prefab/FloatingText.anim using Guid(9c3b6245f79db824d98bfe0a8a47eb41) Importer(815301076,1909f56bfc062723c751e8b465ee728b)  -> (artifact id: 'b93add569d1dfe7c401cfbc1af09e995') in 0.010073 seconds 
  Import took 0.013155 seconds .

========================================================================
Received Import Request.
  Time since last request: 0.010527 seconds.
  path: Assets/Prefab/FloatingText.anim
  artifactKey: Guid(9c3b6245f79db824d98bfe0a8a47eb41) Importer(815301076,1909f56bfc062723c751e8b465ee728b)
Start importing Assets/Prefab/FloatingText.anim using Guid(9c3b6245f79db824d98bfe0a8a47eb41) Importer(815301076,1909f56bfc062723c751e8b465ee728b)  -> (artifact id: 'b93add569d1dfe7c401cfbc1af09e995') in 0.004725 seconds 
  Import took 0.008173 seconds .

========================================================================
Received Import Request.
  Time since last request: 139.634270 seconds.
  path: Assets/TextMesh Pro/Resources/Fonts & Materials/LiberationSans SDF - Drop Shadow.mat
  artifactKey: Guid(e73a58f6e2794ae7b1b7e50b7fb811b0) Importer(815301076,1909f56bfc062723c751e8b465ee728b)
Start importing Assets/TextMesh Pro/Resources/Fonts & Materials/LiberationSans SDF - Drop Shadow.mat using Guid(e73a58f6e2794ae7b1b7e50b7fb811b0) Importer(815301076,1909f56bfc062723c751e8b465ee728b)  -> (artifact id: 'ca0d2861f60500f05bd29199894f7bb5') in 0.213695 seconds 
  Import took 0.217108 seconds .

========================================================================
Received Import Request.
  Time since last request: 0.000082 seconds.
  path: Assets/TextMesh Pro/Resources/Fonts & Materials/LiberationSans SDF - Outline.mat
  artifactKey: Guid(79459efec17a4d00a321bdcc27bbc385) Importer(815301076,1909f56bfc062723c751e8b465ee728b)
Start importing Assets/TextMesh Pro/Resources/Fonts & Materials/LiberationSans SDF - Outline.mat using Guid(79459efec17a4d00a321bdcc27bbc385) Importer(815301076,1909f56bfc062723c751e8b465ee728b)  -> (artifact id: '289988fcecf3b00d1602f8d2b589f7dd') in 0.100679 seconds 
  Import took 0.103337 seconds .

========================================================================
Received Import Request.
  Time since last request: 0.000237 seconds.
  path: Assets/TextMesh Pro/Resources/Fonts & Materials/LiberationSans SDF - Fallback.asset
  artifactKey: Guid(2e498d1c8094910479dc3e1b768306a4) Importer(815301076,1909f56bfc062723c751e8b465ee728b)
Start importing Assets/TextMesh Pro/Resources/Fonts & Materials/LiberationSans SDF - Fallback.asset using Guid(2e498d1c8094910479dc3e1b768306a4) Importer(815301076,1909f56bfc062723c751e8b465ee728b)  -> (artifact id: 'b8c2210586957436df79bf961aeff06e') in 0.060618 seconds 
  Import took 0.064439 seconds .

========================================================================
Received Import Request.
  Time since last request: 0.000237 seconds.
  path: Assets/TextMesh Pro/Resources/Fonts & Materials/LiberationSans SDF - Drop Shadow.mat
  artifactKey: Guid(e73a58f6e2794ae7b1b7e50b7fb811b0) Importer(815301076,1909f56bfc062723c751e8b465ee728b)
Start importing Assets/TextMesh Pro/Resources/Fonts & Materials/LiberationSans SDF - Drop Shadow.mat using Guid(e73a58f6e2794ae7b1b7e50b7fb811b0) Importer(815301076,1909f56bfc062723c751e8b465ee728b)  -> (artifact id: 'ca0d2861f60500f05bd29199894f7bb5') in 0.036916 seconds 
  Import took 0.040380 seconds .

========================================================================
Received Import Request.
  Time since last request: 0.000249 seconds.
  path: Assets/TextMesh Pro/Resources/Fonts & Materials/LiberationSans SDF - Fallback.asset
  artifactKey: Guid(2e498d1c8094910479dc3e1b768306a4) Importer(815301076,1909f56bfc062723c751e8b465ee728b)
Start importing Assets/TextMesh Pro/Resources/Fonts & Materials/LiberationSans SDF - Fallback.asset using Guid(2e498d1c8094910479dc3e1b768306a4) Importer(815301076,1909f56bfc062723c751e8b465ee728b)  -> (artifact id: 'b8c2210586957436df79bf961aeff06e') in 0.015684 seconds 
  Import took 0.019039 seconds .

========================================================================
Received Import Request.
  Time since last request: 0.000248 seconds.
  path: Assets/TextMesh Pro/Resources/Fonts & Materials/LiberationSans SDF.asset
  artifactKey: Guid(8f586378b4e144a9851e7b34d9b748ee) Importer(815301076,1909f56bfc062723c751e8b465ee728b)
Start importing Assets/TextMesh Pro/Resources/Fonts & Materials/LiberationSans SDF.asset using Guid(8f586378b4e144a9851e7b34d9b748ee) Importer(815301076,1909f56bfc062723c751e8b465ee728b)  -> (artifact id: 'f1280cc7be10b532b2897fc8654f95d3') in 0.049648 seconds 
  Import took 0.052871 seconds .

========================================================================
Received Import Request.
  Time since last request: 0.003299 seconds.
  path: Assets/TextMesh Pro/Resources/Fonts & Materials/LiberationSans SDF.asset
  artifactKey: Guid(8f586378b4e144a9851e7b34d9b748ee) Importer(815301076,1909f56bfc062723c751e8b465ee728b)
Start importing Assets/TextMesh Pro/Resources/Fonts & Materials/LiberationSans SDF.asset using Guid(8f586378b4e144a9851e7b34d9b748ee) Importer(815301076,1909f56bfc062723c751e8b465ee728b)  -> (artifact id: 'f1280cc7be10b532b2897fc8654f95d3') in 0.041396 seconds 
  Import took 0.044180 seconds .

========================================================================
Received Prepare
Registering precompiled user dll's ...
Registered in 0.006575 seconds.
Begin MonoManager ReloadAssembly
Native extension for WindowsStandalone target not found
Refreshing native plugins compatible for Editor in 0.31 ms, found 2 plugins.
Preloading 0 native plugins for Editor in 0.00 ms.
Mono: successfully reloaded assembly
- Completed reload, in  1.134 seconds
Domain Reload Profiling:
	ReloadAssembly (1135ms)
		BeginReloadAssembly (135ms)
			ExecutionOrderSort (0ms)
			DisableScriptedObjects (4ms)
			BackupInstance (0ms)
			ReleaseScriptingObjects (0ms)
			CreateAndSetChildDomain (37ms)
		EndReloadAssembly (936ms)
			LoadAssemblies (109ms)
			RebuildTransferFunctionScriptingTraits (0ms)
			SetupTypeCache (282ms)
			ReleaseScriptCaches (1ms)
			RebuildScriptCaches (42ms)
			SetupLoadedEditorAssemblies (393ms)
				LogAssemblyErrors (0ms)
				InitializePlatformSupportModulesInManaged (5ms)
				SetLoadedEditorAssemblies (0ms)
				RefreshPlugins (0ms)
				BeforeProcessingInitializeOnLoad (100ms)
				ProcessInitializeOnLoadAttributes (281ms)
				ProcessInitializeOnLoadMethodAttributes (4ms)
				AfterProcessingInitializeOnLoad (3ms)
				EditorAssembliesLoaded (0ms)
			ExecutionOrderSort2 (0ms)
			AwakeInstancesAfterBackupRestoration (6ms)
Platform modules already initialized, skipping
Switching build target platform(19) subTarget(0) extendedPlatform(0) -> platform(13) subTarget(537395200) extendedPlatform(0)
Refreshing native plugins compatible for Editor in 0.30 ms, found 2 plugins.
Preloading 0 native plugins for Editor in 0.00 ms.
Unloading 1414 Unused Serialized files (Serialized files now loaded: 0)
System memory in use before: 70.6 MB.
System memory in use after: 70.1 MB.

Unloading 26 unused Assets to reduce memory usage. Loaded Objects now: 1883.
Total: 3.533500 ms (FindLiveObjects: 0.204400 ms CreateObjectMapping: 0.060900 ms MarkObjects: 2.964800 ms  DeleteObjects: 0.301600 ms)

AssetImportParameters requested are different than current active one (requested -> active):
  custom:framework-win-MediaFoundation: 216162199b28c13a410421893ffa2e32 -> 
  custom:video-decoder-ogg-theora: a1e56fd34408186e4bbccfd4996cb3dc -> 
  custom:container-muxer-webm: aa71ff27fc2769a1b78a27578f13a17b -> 
  custom:container-demuxer-webm: 4f35f7cbe854078d1ac9338744f61a02 -> 
  custom:container-demuxer-ogg: 62fdf1f143b41e24485cea50d1cbac27 -> 
  custom:video-encoder-webm-vp8: eb34c28f22e8b96e1ab97ce403110664 -> 
  custom:video-decoder-webm-vp8: 9c59270c3fd7afecdb556c50c9e8de78 -> 
  custom:graphics/normal-map-encoding: 01000000000000000000000000000000 -> 02000000000000000000000000000000
  custom:audio-decoder-ogg-vorbis: bf7c407c2cedff20999df2af8eb42d56 -> 
  custom:audio-encoder-webm-vorbis: bf7c407c2cedff20999df2af8eb42d56 -> 
========================================================================
Received Import Request.
  Time since last request: 49.910650 seconds.
  path: Assets/DamageText.cs
  artifactKey: Guid(fad913ac57fa2a0429cf978bcc75ecab) Importer(815301076,1909f56bfc062723c751e8b465ee728b)
Start importing Assets/DamageText.cs using Guid(fad913ac57fa2a0429cf978bcc75ecab) Importer(815301076,1909f56bfc062723c751e8b465ee728b)  -> (artifact id: '862086531f4a109baf5959ff39760466') in 0.031657 seconds 
  Import took 0.034340 seconds .

========================================================================
Received Prepare
Registering precompiled user dll's ...
Registered in 0.006676 seconds.
Begin MonoManager ReloadAssembly
Native extension for WindowsStandalone target not found
Refreshing native plugins compatible for Editor in 0.49 ms, found 2 plugins.
Preloading 0 native plugins for Editor in 0.00 ms.
Mono: successfully reloaded assembly
- Completed reload, in  1.168 seconds
Domain Reload Profiling:
	ReloadAssembly (1169ms)
		BeginReloadAssembly (119ms)
			ExecutionOrderSort (0ms)
			DisableScriptedObjects (4ms)
			BackupInstance (0ms)
			ReleaseScriptingObjects (0ms)
			CreateAndSetChildDomain (31ms)
		EndReloadAssembly (986ms)
			LoadAssemblies (109ms)
			RebuildTransferFunctionScriptingTraits (0ms)
			SetupTypeCache (304ms)
			ReleaseScriptCaches (1ms)
			RebuildScriptCaches (42ms)
			SetupLoadedEditorAssemblies (421ms)
				LogAssemblyErrors (0ms)
				InitializePlatformSupportModulesInManaged (6ms)
				SetLoadedEditorAssemblies (0ms)
				RefreshPlugins (1ms)
				BeforeProcessingInitializeOnLoad (124ms)
				ProcessInitializeOnLoadAttributes (281ms)
				ProcessInitializeOnLoadMethodAttributes (4ms)
				AfterProcessingInitializeOnLoad (3ms)
				EditorAssembliesLoaded (1ms)
			ExecutionOrderSort2 (0ms)
			AwakeInstancesAfterBackupRestoration (7ms)
Platform modules already initialized, skipping
Switching build target platform(19) subTarget(0) extendedPlatform(0) -> platform(13) subTarget(537395200) extendedPlatform(0)
Refreshing native plugins compatible for Editor in 0.30 ms, found 2 plugins.
Preloading 0 native plugins for Editor in 0.00 ms.
Unloading 1413 Unused Serialized files (Serialized files now loaded: 0)
System memory in use before: 70.6 MB.
System memory in use after: 70.0 MB.

Unloading 26 unused Assets to reduce memory usage. Loaded Objects now: 1886.
Total: 2.917400 ms (FindLiveObjects: 0.167100 ms CreateObjectMapping: 0.055800 ms MarkObjects: 2.327900 ms  DeleteObjects: 0.365300 ms)

AssetImportParameters requested are different than current active one (requested -> active):
  custom:framework-win-MediaFoundation: 216162199b28c13a410421893ffa2e32 -> 
  custom:video-decoder-ogg-theora: a1e56fd34408186e4bbccfd4996cb3dc -> 
  custom:container-muxer-webm: aa71ff27fc2769a1b78a27578f13a17b -> 
  custom:container-demuxer-webm: 4f35f7cbe854078d1ac9338744f61a02 -> 
  custom:container-demuxer-ogg: 62fdf1f143b41e24485cea50d1cbac27 -> 
  custom:video-encoder-webm-vp8: eb34c28f22e8b96e1ab97ce403110664 -> 
  custom:video-decoder-webm-vp8: 9c59270c3fd7afecdb556c50c9e8de78 -> 
  custom:graphics/normal-map-encoding: 01000000000000000000000000000000 -> 02000000000000000000000000000000
  custom:audio-decoder-ogg-vorbis: bf7c407c2cedff20999df2af8eb42d56 -> 
  custom:audio-encoder-webm-vorbis: bf7c407c2cedff20999df2af8eb42d56 -> 
========================================================================
Received Prepare
Registering precompiled user dll's ...
Registered in 0.008473 seconds.
Begin MonoManager ReloadAssembly
Native extension for WindowsStandalone target not found
Refreshing native plugins compatible for Editor in 0.38 ms, found 2 plugins.
Preloading 0 native plugins for Editor in 0.00 ms.
Mono: successfully reloaded assembly
- Completed reload, in  1.240 seconds
Domain Reload Profiling:
	ReloadAssembly (1241ms)
		BeginReloadAssembly (146ms)
			ExecutionOrderSort (0ms)
			DisableScriptedObjects (5ms)
			BackupInstance (0ms)
			ReleaseScriptingObjects (0ms)
			CreateAndSetChildDomain (35ms)
		EndReloadAssembly (1029ms)
			LoadAssemblies (121ms)
			RebuildTransferFunctionScriptingTraits (0ms)
			SetupTypeCache (311ms)
			ReleaseScriptCaches (1ms)
			RebuildScriptCaches (42ms)
			SetupLoadedEditorAssemblies (449ms)
				LogAssemblyErrors (0ms)
				InitializePlatformSupportModulesInManaged (6ms)
				SetLoadedEditorAssemblies (0ms)
				RefreshPlugins (0ms)
				BeforeProcessingInitializeOnLoad (105ms)
				ProcessInitializeOnLoadAttributes (331ms)
				ProcessInitializeOnLoadMethodAttributes (4ms)
				AfterProcessingInitializeOnLoad (2ms)
				EditorAssembliesLoaded (0ms)
			ExecutionOrderSort2 (0ms)
			AwakeInstancesAfterBackupRestoration (7ms)
Platform modules already initialized, skipping
Switching build target platform(19) subTarget(0) extendedPlatform(0) -> platform(13) subTarget(537395200) extendedPlatform(0)
Refreshing native plugins compatible for Editor in 1.09 ms, found 2 plugins.
Preloading 0 native plugins for Editor in 0.00 ms.
Unloading 1413 Unused Serialized files (Serialized files now loaded: 0)
System memory in use before: 70.6 MB.
System memory in use after: 70.0 MB.

Unloading 26 unused Assets to reduce memory usage. Loaded Objects now: 1889.
Total: 4.131500 ms (FindLiveObjects: 0.158200 ms CreateObjectMapping: 0.042800 ms MarkObjects: 3.398200 ms  DeleteObjects: 0.530900 ms)

AssetImportParameters requested are different than current active one (requested -> active):
  custom:framework-win-MediaFoundation: 216162199b28c13a410421893ffa2e32 -> 
  custom:video-decoder-ogg-theora: a1e56fd34408186e4bbccfd4996cb3dc -> 
  custom:container-muxer-webm: aa71ff27fc2769a1b78a27578f13a17b -> 
  custom:container-demuxer-webm: 4f35f7cbe854078d1ac9338744f61a02 -> 
  custom:container-demuxer-ogg: 62fdf1f143b41e24485cea50d1cbac27 -> 
  custom:video-encoder-webm-vp8: eb34c28f22e8b96e1ab97ce403110664 -> 
  custom:video-decoder-webm-vp8: 9c59270c3fd7afecdb556c50c9e8de78 -> 
  custom:graphics/normal-map-encoding: 01000000000000000000000000000000 -> 02000000000000000000000000000000
  custom:audio-decoder-ogg-vorbis: bf7c407c2cedff20999df2af8eb42d56 -> 
  custom:audio-encoder-webm-vorbis: bf7c407c2cedff20999df2af8eb42d56 -> 
========================================================================
Received Import Request.
  Time since last request: 202.043144 seconds.
  path: Assets/Scripts/DamageText.cs
  artifactKey: Guid(fad913ac57fa2a0429cf978bcc75ecab) Importer(815301076,1909f56bfc062723c751e8b465ee728b)
Start importing Assets/Scripts/DamageText.cs using Guid(fad913ac57fa2a0429cf978bcc75ecab) Importer(815301076,1909f56bfc062723c751e8b465ee728b)  -> (artifact id: '47e99fae5c5f7f02bcc3a98097fb537e') in 0.007206 seconds 
  Import took 0.010163 seconds .

========================================================================
Received Prepare
Registering precompiled user dll's ...
Registered in 0.006370 seconds.
Begin MonoManager ReloadAssembly
Native extension for WindowsStandalone target not found
Refreshing native plugins compatible for Editor in 0.42 ms, found 2 plugins.
Preloading 0 native plugins for Editor in 0.00 ms.
Mono: successfully reloaded assembly
- Completed reload, in  1.247 seconds
Domain Reload Profiling:
	ReloadAssembly (1248ms)
		BeginReloadAssembly (134ms)
			ExecutionOrderSort (0ms)
			DisableScriptedObjects (5ms)
			BackupInstance (0ms)
			ReleaseScriptingObjects (0ms)
			CreateAndSetChildDomain (37ms)
		EndReloadAssembly (1051ms)
			LoadAssemblies (114ms)
			RebuildTransferFunctionScriptingTraits (0ms)
			SetupTypeCache (294ms)
			ReleaseScriptCaches (1ms)
			RebuildScriptCaches (50ms)
			SetupLoadedEditorAssemblies (443ms)
				LogAssemblyErrors (0ms)
				InitializePlatformSupportModulesInManaged (6ms)
				SetLoadedEditorAssemblies (1ms)
				RefreshPlugins (1ms)
				BeforeProcessingInitializeOnLoad (111ms)
				ProcessInitializeOnLoadAttributes (311ms)
				ProcessInitializeOnLoadMethodAttributes (7ms)
				AfterProcessingInitializeOnLoad (6ms)
				EditorAssembliesLoaded (1ms)
			ExecutionOrderSort2 (0ms)
			AwakeInstancesAfterBackupRestoration (13ms)
Platform modules already initialized, skipping
Switching build target platform(19) subTarget(0) extendedPlatform(0) -> platform(13) subTarget(537395200) extendedPlatform(0)
Refreshing native plugins compatible for Editor in 0.39 ms, found 2 plugins.
Preloading 0 native plugins for Editor in 0.00 ms.
Unloading 1413 Unused Serialized files (Serialized files now loaded: 0)
System memory in use before: 70.6 MB.
System memory in use after: 70.0 MB.

Unloading 26 unused Assets to reduce memory usage. Loaded Objects now: 1892.
Total: 6.706100 ms (FindLiveObjects: 2.542700 ms CreateObjectMapping: 0.124900 ms MarkObjects: 3.516900 ms  DeleteObjects: 0.520000 ms)

AssetImportParameters requested are different than current active one (requested -> active):
  custom:framework-win-MediaFoundation: 216162199b28c13a410421893ffa2e32 -> 
  custom:video-decoder-ogg-theora: a1e56fd34408186e4bbccfd4996cb3dc -> 
  custom:container-muxer-webm: aa71ff27fc2769a1b78a27578f13a17b -> 
  custom:container-demuxer-webm: 4f35f7cbe854078d1ac9338744f61a02 -> 
  custom:container-demuxer-ogg: 62fdf1f143b41e24485cea50d1cbac27 -> 
  custom:video-encoder-webm-vp8: eb34c28f22e8b96e1ab97ce403110664 -> 
  custom:video-decoder-webm-vp8: 9c59270c3fd7afecdb556c50c9e8de78 -> 
  custom:graphics/normal-map-encoding: 01000000000000000000000000000000 -> 02000000000000000000000000000000
  custom:audio-decoder-ogg-vorbis: bf7c407c2cedff20999df2af8eb42d56 -> 
  custom:audio-encoder-webm-vorbis: bf7c407c2cedff20999df2af8eb42d56 -> 
========================================================================
Received Import Request.
  Time since last request: 126.551874 seconds.
  path: Assets/Free Low Poly Chess Set/King/Mesh/king.fbx
  artifactKey: Guid(0d4dc18442ed9d14698239a5a964f27f) Importer(815301076,1909f56bfc062723c751e8b465ee728b)
Start importing Assets/Free Low Poly Chess Set/King/Mesh/king.fbx using Guid(0d4dc18442ed9d14698239a5a964f27f) Importer(815301076,1909f56bfc062723c751e8b465ee728b)  -> (artifact id: 'b474c8ee96909678418d54d971754693') in 0.275093 seconds 
  Import took 0.278866 seconds .

========================================================================
Received Import Request.
  Time since last request: 0.000275 seconds.
  path: Assets/Free Low Poly Chess Set/Queen/Mesh/queen.fbx
  artifactKey: Guid(8d213db23e89f6b4fa3d427f07a32b13) Importer(815301076,1909f56bfc062723c751e8b465ee728b)
Start importing Assets/Free Low Poly Chess Set/Queen/Mesh/queen.fbx using Guid(8d213db23e89f6b4fa3d427f07a32b13) Importer(815301076,1909f56bfc062723c751e8b465ee728b)  -> (artifact id: '71c0a39eabfe9cf4a202624996ca2287') in 0.069083 seconds 
  Import took 0.071890 seconds .

========================================================================
Received Import Request.
  Time since last request: 0.000278 seconds.
  path: Assets/Free Low Poly Chess Set/Rook/Mesh/rook.fbx
  artifactKey: Guid(4c7fefe9f4d55e44398c01a6266ef093) Importer(815301076,1909f56bfc062723c751e8b465ee728b)
Start importing Assets/Free Low Poly Chess Set/Rook/Mesh/rook.fbx using Guid(4c7fefe9f4d55e44398c01a6266ef093) Importer(815301076,1909f56bfc062723c751e8b465ee728b)  -> (artifact id: 'faf2342d6836900fa81ae97ac4409443') in 0.070162 seconds 
  Import took 0.072763 seconds .

========================================================================
Received Import Request.
  Time since last request: 0.000250 seconds.
  path: Assets/Free Low Poly Chess Set/Knight/Mesh/knight.fbx
  artifactKey: Guid(3d375d4a1907b3f4098bb64446492fed) Importer(815301076,1909f56bfc062723c751e8b465ee728b)
Start importing Assets/Free Low Poly Chess Set/Knight/Mesh/knight.fbx using Guid(3d375d4a1907b3f4098bb64446492fed) Importer(815301076,1909f56bfc062723c751e8b465ee728b)  -> (artifact id: '7e291282a3d71f9bb5a83b29b10b1255') in 0.070168 seconds 
  Import took 0.072853 seconds .

========================================================================
Received Prepare
Registering precompiled user dll's ...
Registered in 0.014942 seconds.
Begin MonoManager ReloadAssembly
Native extension for WindowsStandalone target not found
Refreshing native plugins compatible for Editor in 0.34 ms, found 2 plugins.
Preloading 0 native plugins for Editor in 0.00 ms.
Mono: successfully reloaded assembly
- Completed reload, in  1.393 seconds
Domain Reload Profiling:
	ReloadAssembly (1394ms)
		BeginReloadAssembly (259ms)
			ExecutionOrderSort (0ms)
			DisableScriptedObjects (5ms)
			BackupInstance (0ms)
			ReleaseScriptingObjects (0ms)
			CreateAndSetChildDomain (90ms)
		EndReloadAssembly (1008ms)
			LoadAssemblies (191ms)
			RebuildTransferFunctionScriptingTraits (0ms)
			SetupTypeCache (315ms)
			ReleaseScriptCaches (1ms)
			RebuildScriptCaches (51ms)
			SetupLoadedEditorAssemblies (415ms)
				LogAssemblyErrors (0ms)
				InitializePlatformSupportModulesInManaged (5ms)
				SetLoadedEditorAssemblies (1ms)
				RefreshPlugins (0ms)
				BeforeProcessingInitializeOnLoad (100ms)
				ProcessInitializeOnLoadAttributes (302ms)
				ProcessInitializeOnLoadMethodAttributes (4ms)
				AfterProcessingInitializeOnLoad (3ms)
				EditorAssembliesLoaded (0ms)
			ExecutionOrderSort2 (0ms)
			AwakeInstancesAfterBackupRestoration (8ms)
Platform modules already initialized, skipping
Switching build target platform(19) subTarget(0) extendedPlatform(0) -> platform(13) subTarget(537395200) extendedPlatform(0)
Refreshing native plugins compatible for Editor in 0.40 ms, found 2 plugins.
Preloading 0 native plugins for Editor in 0.00 ms.
Unloading 1413 Unused Serialized files (Serialized files now loaded: 0)
System memory in use before: 70.7 MB.
System memory in use after: 70.2 MB.

Unloading 26 unused Assets to reduce memory usage. Loaded Objects now: 1899.
Total: 4.036900 ms (FindLiveObjects: 0.252900 ms CreateObjectMapping: 0.063900 ms MarkObjects: 3.217900 ms  DeleteObjects: 0.500800 ms)

AssetImportParameters requested are different than current active one (requested -> active):
  custom:framework-win-MediaFoundation: 216162199b28c13a410421893ffa2e32 -> 
  custom:video-decoder-ogg-theora: a1e56fd34408186e4bbccfd4996cb3dc -> 
  custom:container-muxer-webm: aa71ff27fc2769a1b78a27578f13a17b -> 
  custom:container-demuxer-webm: 4f35f7cbe854078d1ac9338744f61a02 -> 
  custom:container-demuxer-ogg: 62fdf1f143b41e24485cea50d1cbac27 -> 
  custom:video-encoder-webm-vp8: eb34c28f22e8b96e1ab97ce403110664 -> 
  custom:video-decoder-webm-vp8: 9c59270c3fd7afecdb556c50c9e8de78 -> 
  custom:graphics/normal-map-encoding: 01000000000000000000000000000000 -> 02000000000000000000000000000000
  custom:audio-decoder-ogg-vorbis: bf7c407c2cedff20999df2af8eb42d56 -> 
  custom:audio-encoder-webm-vorbis: bf7c407c2cedff20999df2af8eb42d56 -> 
========================================================================
Received Prepare
Registering precompiled user dll's ...
Registered in 0.006101 seconds.
Begin MonoManager ReloadAssembly
Native extension for WindowsStandalone target not found
Refreshing native plugins compatible for Editor in 0.33 ms, found 2 plugins.
Preloading 0 native plugins for Editor in 0.00 ms.
Mono: successfully reloaded assembly
- Completed reload, in  1.206 seconds
Domain Reload Profiling:
	ReloadAssembly (1206ms)
		BeginReloadAssembly (139ms)
			ExecutionOrderSort (0ms)
			DisableScriptedObjects (5ms)
			BackupInstance (0ms)
			ReleaseScriptingObjects (0ms)
			CreateAndSetChildDomain (33ms)
		EndReloadAssembly (1002ms)
			LoadAssemblies (115ms)
			RebuildTransferFunctionScriptingTraits (0ms)
			SetupTypeCache (323ms)
			ReleaseScriptCaches (1ms)
			RebuildScriptCaches (46ms)
			SetupLoadedEditorAssemblies (416ms)
				LogAssemblyErrors (0ms)
				InitializePlatformSupportModulesInManaged (5ms)
				SetLoadedEditorAssemblies (0ms)
				RefreshPlugins (0ms)
				BeforeProcessingInitializeOnLoad (103ms)
				ProcessInitializeOnLoadAttributes (300ms)
				ProcessInitializeOnLoadMethodAttributes (4ms)
				AfterProcessingInitializeOnLoad (3ms)
				EditorAssembliesLoaded (0ms)
			ExecutionOrderSort2 (0ms)
			AwakeInstancesAfterBackupRestoration (7ms)
Platform modules already initialized, skipping
Switching build target platform(19) subTarget(0) extendedPlatform(0) -> platform(13) subTarget(537395200) extendedPlatform(0)
Refreshing native plugins compatible for Editor in 0.31 ms, found 2 plugins.
Preloading 0 native plugins for Editor in 0.00 ms.
Unloading 1413 Unused Serialized files (Serialized files now loaded: 0)
System memory in use before: 70.7 MB.
System memory in use after: 70.2 MB.

Unloading 26 unused Assets to reduce memory usage. Loaded Objects now: 1902.
Total: 2.388100 ms (FindLiveObjects: 0.165900 ms CreateObjectMapping: 0.053600 ms MarkObjects: 1.850200 ms  DeleteObjects: 0.317100 ms)

AssetImportParameters requested are different than current active one (requested -> active):
  custom:framework-win-MediaFoundation: 216162199b28c13a410421893ffa2e32 -> 
  custom:video-decoder-ogg-theora: a1e56fd34408186e4bbccfd4996cb3dc -> 
  custom:container-muxer-webm: aa71ff27fc2769a1b78a27578f13a17b -> 
  custom:container-demuxer-webm: 4f35f7cbe854078d1ac9338744f61a02 -> 
  custom:container-demuxer-ogg: 62fdf1f143b41e24485cea50d1cbac27 -> 
  custom:video-encoder-webm-vp8: eb34c28f22e8b96e1ab97ce403110664 -> 
  custom:video-decoder-webm-vp8: 9c59270c3fd7afecdb556c50c9e8de78 -> 
  custom:graphics/normal-map-encoding: 01000000000000000000000000000000 -> 02000000000000000000000000000000
  custom:audio-decoder-ogg-vorbis: bf7c407c2cedff20999df2af8eb42d56 -> 
  custom:audio-encoder-webm-vorbis: bf7c407c2cedff20999df2af8eb42d56 -> 
========================================================================
Received Import Request.
  Time since last request: 163.170080 seconds.
  path: Assets/Scripts/PieceController.cs
  artifactKey: Guid(d6a2d72454c7ade4a976eb1cb07df262) Importer(815301076,1909f56bfc062723c751e8b465ee728b)
Start importing Assets/Scripts/PieceController.cs using Guid(d6a2d72454c7ade4a976eb1cb07df262) Importer(815301076,1909f56bfc062723c751e8b465ee728b)  -> (artifact id: '6c4d0cd072dc81c26b07eac0d69c487e') in 0.011814 seconds 
  Import took 0.014918 seconds .

========================================================================
Received Import Request.
  Time since last request: 0.000833 seconds.
  path: Assets/Scripts/PieceController.cs
  artifactKey: Guid(d6a2d72454c7ade4a976eb1cb07df262) Importer(815301076,1909f56bfc062723c751e8b465ee728b)
Start importing Assets/Scripts/PieceController.cs using Guid(d6a2d72454c7ade4a976eb1cb07df262) Importer(815301076,1909f56bfc062723c751e8b465ee728b)  -> (artifact id: '6c4d0cd072dc81c26b07eac0d69c487e') in 0.003831 seconds 
  Import took 0.006952 seconds .

========================================================================
Received Import Request.
  Time since last request: 0.436187 seconds.
  path: Assets/Scripts/DamageText.cs
  artifactKey: Guid(fad913ac57fa2a0429cf978bcc75ecab) Importer(815301076,1909f56bfc062723c751e8b465ee728b)
Start importing Assets/Scripts/DamageText.cs using Guid(fad913ac57fa2a0429cf978bcc75ecab) Importer(815301076,1909f56bfc062723c751e8b465ee728b)  -> (artifact id: 'f5edc3ebae4a600996e19752575d6368') in 0.003627 seconds 
  Import took 0.006522 seconds .

========================================================================
Received Import Request.
  Time since last request: 1.741763 seconds.
  path: Assets/Scripts/BuildManager.cs
  artifactKey: Guid(644c1e66690e0a34fb6e1e1f1c5f27b9) Importer(815301076,1909f56bfc062723c751e8b465ee728b)
Start importing Assets/Scripts/BuildManager.cs using Guid(644c1e66690e0a34fb6e1e1f1c5f27b9) Importer(815301076,1909f56bfc062723c751e8b465ee728b)  -> (artifact id: '8e673922b28877e1c9d5068e1a3972d5') in 0.008609 seconds 
  Import took 0.012336 seconds .

========================================================================
Received Import Request.
  Time since last request: 0.001100 seconds.
  path: Assets/Scripts/BuildManager.cs
  artifactKey: Guid(644c1e66690e0a34fb6e1e1f1c5f27b9) Importer(815301076,1909f56bfc062723c751e8b465ee728b)
Start importing Assets/Scripts/BuildManager.cs using Guid(644c1e66690e0a34fb6e1e1f1c5f27b9) Importer(815301076,1909f56bfc062723c751e8b465ee728b)  -> (artifact id: '8e673922b28877e1c9d5068e1a3972d5') in 0.003737 seconds 
  Import took 0.007108 seconds .

========================================================================
Received Import Request.
  Time since last request: 1.699672 seconds.
  path: Assets/Scripts/GameManager.cs
  artifactKey: Guid(2432864e725250349b37a28eae44a87a) Importer(815301076,1909f56bfc062723c751e8b465ee728b)
Start importing Assets/Scripts/GameManager.cs using Guid(2432864e725250349b37a28eae44a87a) Importer(815301076,1909f56bfc062723c751e8b465ee728b)  -> (artifact id: 'e89847690a3098c497e6b4b5d73f7971') in 0.008110 seconds 
  Import took 0.011555 seconds .

========================================================================
Received Prepare
Registering precompiled user dll's ...
Registered in 0.008641 seconds.
Begin MonoManager ReloadAssembly
Native extension for WindowsStandalone target not found
Refreshing native plugins compatible for Editor in 0.60 ms, found 2 plugins.
Preloading 0 native plugins for Editor in 0.00 ms.
Mono: successfully reloaded assembly
- Completed reload, in  1.267 seconds
Domain Reload Profiling:
	ReloadAssembly (1267ms)
		BeginReloadAssembly (137ms)
			ExecutionOrderSort (0ms)
			DisableScriptedObjects (5ms)
			BackupInstance (0ms)
			ReleaseScriptingObjects (0ms)
			CreateAndSetChildDomain (32ms)
		EndReloadAssembly (1063ms)
			LoadAssemblies (121ms)
			RebuildTransferFunctionScriptingTraits (0ms)
			SetupTypeCache (313ms)
			ReleaseScriptCaches (1ms)
			RebuildScriptCaches (51ms)
			SetupLoadedEditorAssemblies (432ms)
				LogAssemblyErrors (0ms)
				InitializePlatformSupportModulesInManaged (5ms)
				SetLoadedEditorAssemblies (1ms)
				RefreshPlugins (1ms)
				BeforeProcessingInitializeOnLoad (108ms)
				ProcessInitializeOnLoadAttributes (310ms)
				ProcessInitializeOnLoadMethodAttributes (4ms)
				AfterProcessingInitializeOnLoad (3ms)
				EditorAssembliesLoaded (0ms)
			ExecutionOrderSort2 (0ms)
			AwakeInstancesAfterBackupRestoration (7ms)
Platform modules already initialized, skipping
Switching build target platform(19) subTarget(0) extendedPlatform(0) -> platform(13) subTarget(537395200) extendedPlatform(0)
Refreshing native plugins compatible for Editor in 0.30 ms, found 2 plugins.
Preloading 0 native plugins for Editor in 0.00 ms.
Unloading 1413 Unused Serialized files (Serialized files now loaded: 0)
System memory in use before: 70.8 MB.
System memory in use after: 70.2 MB.

Unloading 26 unused Assets to reduce memory usage. Loaded Objects now: 1905.
Total: 3.073900 ms (FindLiveObjects: 0.140300 ms CreateObjectMapping: 0.039100 ms MarkObjects: 2.444100 ms  DeleteObjects: 0.449200 ms)

AssetImportParameters requested are different than current active one (requested -> active):
  custom:framework-win-MediaFoundation: 216162199b28c13a410421893ffa2e32 -> 
  custom:video-decoder-ogg-theora: a1e56fd34408186e4bbccfd4996cb3dc -> 
  custom:container-muxer-webm: aa71ff27fc2769a1b78a27578f13a17b -> 
  custom:container-demuxer-webm: 4f35f7cbe854078d1ac9338744f61a02 -> 
  custom:container-demuxer-ogg: 62fdf1f143b41e24485cea50d1cbac27 -> 
  custom:video-encoder-webm-vp8: eb34c28f22e8b96e1ab97ce403110664 -> 
  custom:video-decoder-webm-vp8: 9c59270c3fd7afecdb556c50c9e8de78 -> 
  custom:graphics/normal-map-encoding: 01000000000000000000000000000000 -> 02000000000000000000000000000000
  custom:audio-decoder-ogg-vorbis: bf7c407c2cedff20999df2af8eb42d56 -> 
  custom:audio-encoder-webm-vorbis: bf7c407c2cedff20999df2af8eb42d56 -> 
========================================================================
Received Import Request.
  Time since last request: 439.363900 seconds.
  path: Assets/Scripts/PieceController.cs
  artifactKey: Guid(d6a2d72454c7ade4a976eb1cb07df262) Importer(815301076,1909f56bfc062723c751e8b465ee728b)
Start importing Assets/Scripts/PieceController.cs using Guid(d6a2d72454c7ade4a976eb1cb07df262) Importer(815301076,1909f56bfc062723c751e8b465ee728b)  -> (artifact id: 'd46e9bd40107c95762659f7e2e57366a') in 0.006062 seconds 
  Import took 0.009194 seconds .

========================================================================
Received Import Request.
  Time since last request: 5.044532 seconds.
  path: Assets/Scripts/DamageText.prefab
  artifactKey: Guid(98e63fa1e16494c49bf426fbaa07f940) Importer(815301076,1909f56bfc062723c751e8b465ee728b)
Start importing Assets/Scripts/DamageText.prefab using Guid(98e63fa1e16494c49bf426fbaa07f940) Importer(815301076,1909f56bfc062723c751e8b465ee728b)  -> (artifact id: 'b3c0ebc251c3e3ded21762eed7a1cf5a') in 0.097411 seconds 
  Import took 0.100290 seconds .

========================================================================
Received Import Request.
  Time since last request: 15.768606 seconds.
  path: Assets/Prefab/BishopDark.prefab
  artifactKey: Guid(1d99b42364deebc418556f6ca47d2447) Importer(815301076,1909f56bfc062723c751e8b465ee728b)
Start importing Assets/Prefab/BishopDark.prefab using Guid(1d99b42364deebc418556f6ca47d2447) Importer(815301076,1909f56bfc062723c751e8b465ee728b)  -> (artifact id: 'd3776fc3376d30977a3c700bd65a6f29') in 0.054366 seconds 
  Import took 0.057735 seconds .

========================================================================
Received Import Request.
  Time since last request: 0.000445 seconds.
  path: Assets/Prefab/BishopLight.prefab
  artifactKey: Guid(ba5eb3635629b734c83847666789ffcd) Importer(815301076,1909f56bfc062723c751e8b465ee728b)
Start importing Assets/Prefab/BishopLight.prefab using Guid(ba5eb3635629b734c83847666789ffcd) Importer(815301076,1909f56bfc062723c751e8b465ee728b)  -> (artifact id: 'ce76cb1439c3642d1906ad5f2f584850') in 0.040463 seconds 
  Import took 0.043012 seconds .

========================================================================
Received Import Request.
  Time since last request: 4.970092 seconds.
  path: Assets/Prefab/BishopLight.prefab
  artifactKey: Guid(ba5eb3635629b734c83847666789ffcd) Importer(815301076,1909f56bfc062723c751e8b465ee728b)
Start importing Assets/Prefab/BishopLight.prefab using Guid(ba5eb3635629b734c83847666789ffcd) Importer(815301076,1909f56bfc062723c751e8b465ee728b)  -> (artifact id: 'e69763c3f2c987066c580eef2b9a973c') in 0.058370 seconds 
  Import took 0.062225 seconds .

========================================================================
Received Prepare
Registering precompiled user dll's ...
Registered in 0.008899 seconds.
Begin MonoManager ReloadAssembly
Native extension for WindowsStandalone target not found
Refreshing native plugins compatible for Editor in 0.33 ms, found 2 plugins.
Preloading 0 native plugins for Editor in 0.00 ms.
Mono: successfully reloaded assembly
- Completed reload, in  1.471 seconds
Domain Reload Profiling:
	ReloadAssembly (1471ms)
		BeginReloadAssembly (207ms)
			ExecutionOrderSort (0ms)
			DisableScriptedObjects (5ms)
			BackupInstance (0ms)
			ReleaseScriptingObjects (0ms)
			CreateAndSetChildDomain (63ms)
		EndReloadAssembly (1187ms)
			LoadAssemblies (142ms)
			RebuildTransferFunctionScriptingTraits (0ms)
			SetupTypeCache (357ms)
			ReleaseScriptCaches (1ms)
			RebuildScriptCaches (43ms)
			SetupLoadedEditorAssemblies (471ms)
				LogAssemblyErrors (0ms)
				InitializePlatformSupportModulesInManaged (6ms)
				SetLoadedEditorAssemblies (1ms)
				RefreshPlugins (0ms)
				BeforeProcessingInitializeOnLoad (130ms)
				ProcessInitializeOnLoadAttributes (325ms)
				ProcessInitializeOnLoadMethodAttributes (5ms)
				AfterProcessingInitializeOnLoad (3ms)
				EditorAssembliesLoaded (0ms)
			ExecutionOrderSort2 (0ms)
			AwakeInstancesAfterBackupRestoration (9ms)
Platform modules already initialized, skipping
Switching build target platform(19) subTarget(0) extendedPlatform(0) -> platform(13) subTarget(537395200) extendedPlatform(0)
Refreshing native plugins compatible for Editor in 0.32 ms, found 2 plugins.
Preloading 0 native plugins for Editor in 0.00 ms.
Unloading 1413 Unused Serialized files (Serialized files now loaded: 0)
System memory in use before: 70.8 MB.
System memory in use after: 70.2 MB.

Unloading 26 unused Assets to reduce memory usage. Loaded Objects now: 1909.
Total: 2.606600 ms (FindLiveObjects: 0.164200 ms CreateObjectMapping: 0.051000 ms MarkObjects: 2.055800 ms  DeleteObjects: 0.334200 ms)

AssetImportParameters requested are different than current active one (requested -> active):
  custom:framework-win-MediaFoundation: 216162199b28c13a410421893ffa2e32 -> 
  custom:video-decoder-ogg-theora: a1e56fd34408186e4bbccfd4996cb3dc -> 
  custom:container-muxer-webm: aa71ff27fc2769a1b78a27578f13a17b -> 
  custom:container-demuxer-webm: 4f35f7cbe854078d1ac9338744f61a02 -> 
  custom:container-demuxer-ogg: 62fdf1f143b41e24485cea50d1cbac27 -> 
  custom:video-encoder-webm-vp8: eb34c28f22e8b96e1ab97ce403110664 -> 
  custom:video-decoder-webm-vp8: 9c59270c3fd7afecdb556c50c9e8de78 -> 
  custom:graphics/normal-map-encoding: 01000000000000000000000000000000 -> 02000000000000000000000000000000
  custom:audio-decoder-ogg-vorbis: bf7c407c2cedff20999df2af8eb42d56 -> 
  custom:audio-encoder-webm-vorbis: bf7c407c2cedff20999df2af8eb42d56 -> 
========================================================================
Received Import Request.
  Time since last request: 126.069277 seconds.
  path: Assets/Prefab/BishopLight Variant.prefab
  artifactKey: Guid(4e72e36722e452843ad5b810b3544f2c) Importer(815301076,1909f56bfc062723c751e8b465ee728b)
Start importing Assets/Prefab/BishopLight Variant.prefab using Guid(4e72e36722e452843ad5b810b3544f2c) Importer(815301076,1909f56bfc062723c751e8b465ee728b)  -> (artifact id: 'e46c900f7bcd1d8b716c6fc9f818193e') in 0.155347 seconds 
  Import took 0.158903 seconds .

========================================================================
Received Import Request.
  Time since last request: 12.204213 seconds.
  path: Assets/Prefab/BishopLight 1.prefab
  artifactKey: Guid(55fdada5a7b493249866dae1bf8e8ad9) Importer(815301076,1909f56bfc062723c751e8b465ee728b)
Start importing Assets/Prefab/BishopLight 1.prefab using Guid(55fdada5a7b493249866dae1bf8e8ad9) Importer(815301076,1909f56bfc062723c751e8b465ee728b)  -> (artifact id: 'a6cf15c2c8ffab94497a94caf92d5dac') in 0.054628 seconds 
  Import took 0.057807 seconds .

========================================================================
Received Import Request.
  Time since last request: 0.002433 seconds.
  path: Assets/Prefab/BishopLight 1.prefab
  artifactKey: Guid(55fdada5a7b493249866dae1bf8e8ad9) Importer(815301076,1909f56bfc062723c751e8b465ee728b)
Start importing Assets/Prefab/BishopLight 1.prefab using Guid(55fdada5a7b493249866dae1bf8e8ad9) Importer(815301076,1909f56bfc062723c751e8b465ee728b)  -> (artifact id: 'a6cf15c2c8ffab94497a94caf92d5dac') in 0.053720 seconds 
  Import took 0.056807 seconds .

========================================================================
Received Import Request.
  Time since last request: 10.676191 seconds.
  path: Assets/Prefab/BishopLight 1.prefab
  artifactKey: Guid(55fdada5a7b493249866dae1bf8e8ad9) Importer(815301076,1909f56bfc062723c751e8b465ee728b)
Start importing Assets/Prefab/BishopLight 1.prefab using Guid(55fdada5a7b493249866dae1bf8e8ad9) Importer(815301076,1909f56bfc062723c751e8b465ee728b)  -> (artifact id: '585594c4cc27eae22a512be885680b29') in 0.054820 seconds 
  Import took 0.058106 seconds .

========================================================================
Received Import Request.
  Time since last request: 23.635142 seconds.
  path: Assets/Prefab/BishopLight 1 Variant.prefab
  artifactKey: Guid(3813706cf35aa20428309ed72e257514) Importer(815301076,1909f56bfc062723c751e8b465ee728b)
Start importing Assets/Prefab/BishopLight 1 Variant.prefab using Guid(3813706cf35aa20428309ed72e257514) Importer(815301076,1909f56bfc062723c751e8b465ee728b)  -> (artifact id: '9c26068375d73db099735a09f640e0f9') in 0.066434 seconds 
  Import took 0.070625 seconds .

========================================================================
Received Prepare
Registering precompiled user dll's ...
Registered in 0.007602 seconds.
Begin MonoManager ReloadAssembly
Native extension for WindowsStandalone target not found
Refreshing native plugins compatible for Editor in 0.45 ms, found 2 plugins.
Preloading 0 native plugins for Editor in 0.00 ms.
Mono: successfully reloaded assembly
- Completed reload, in  1.312 seconds
Domain Reload Profiling:
	ReloadAssembly (1313ms)
		BeginReloadAssembly (149ms)
			ExecutionOrderSort (0ms)
			DisableScriptedObjects (5ms)
			BackupInstance (0ms)
			ReleaseScriptingObjects (0ms)
			CreateAndSetChildDomain (48ms)
		EndReloadAssembly (1091ms)
			LoadAssemblies (118ms)
			RebuildTransferFunctionScriptingTraits (0ms)
			SetupTypeCache (334ms)
			ReleaseScriptCaches (1ms)
			RebuildScriptCaches (47ms)
			SetupLoadedEditorAssemblies (447ms)
				LogAssemblyErrors (0ms)
				InitializePlatformSupportModulesInManaged (5ms)
				SetLoadedEditorAssemblies (1ms)
				RefreshPlugins (1ms)
				BeforeProcessingInitializeOnLoad (105ms)
				ProcessInitializeOnLoadAttributes (324ms)
				ProcessInitializeOnLoadMethodAttributes (8ms)
				AfterProcessingInitializeOnLoad (3ms)
				EditorAssembliesLoaded (0ms)
			ExecutionOrderSort2 (0ms)
			AwakeInstancesAfterBackupRestoration (12ms)
Platform modules already initialized, skipping
Switching build target platform(19) subTarget(0) extendedPlatform(0) -> platform(13) subTarget(537395200) extendedPlatform(0)
Refreshing native plugins compatible for Editor in 0.41 ms, found 2 plugins.
Preloading 0 native plugins for Editor in 0.00 ms.
Unloading 1413 Unused Serialized files (Serialized files now loaded: 0)
System memory in use before: 70.8 MB.
System memory in use after: 70.2 MB.

Unloading 26 unused Assets to reduce memory usage. Loaded Objects now: 1913.
Total: 2.830800 ms (FindLiveObjects: 0.472600 ms CreateObjectMapping: 0.093600 ms MarkObjects: 1.917200 ms  DeleteObjects: 0.346500 ms)

AssetImportParameters requested are different than current active one (requested -> active):
  custom:framework-win-MediaFoundation: 216162199b28c13a410421893ffa2e32 -> 
  custom:video-decoder-ogg-theora: a1e56fd34408186e4bbccfd4996cb3dc -> 
  custom:container-muxer-webm: aa71ff27fc2769a1b78a27578f13a17b -> 
  custom:container-demuxer-webm: 4f35f7cbe854078d1ac9338744f61a02 -> 
  custom:container-demuxer-ogg: 62fdf1f143b41e24485cea50d1cbac27 -> 
  custom:video-encoder-webm-vp8: eb34c28f22e8b96e1ab97ce403110664 -> 
  custom:video-decoder-webm-vp8: 9c59270c3fd7afecdb556c50c9e8de78 -> 
  custom:graphics/normal-map-encoding: 01000000000000000000000000000000 -> 02000000000000000000000000000000
  custom:audio-decoder-ogg-vorbis: bf7c407c2cedff20999df2af8eb42d56 -> 
  custom:audio-encoder-webm-vorbis: bf7c407c2cedff20999df2af8eb42d56 -> 
========================================================================
Received Import Request.
  Time since last request: 80.784552 seconds.
  path: Assets/Prefab/BishopDark.prefab
  artifactKey: Guid(1d99b42364deebc418556f6ca47d2447) Importer(815301076,1909f56bfc062723c751e8b465ee728b)
Start importing Assets/Prefab/BishopDark.prefab using Guid(1d99b42364deebc418556f6ca47d2447) Importer(815301076,1909f56bfc062723c751e8b465ee728b)  -> (artifact id: '5874cf0044d51d2c2d9e28bf3ae67e2f') in 0.073720 seconds 
  Import took 0.076566 seconds .

========================================================================
Received Import Request.
  Time since last request: 0.000337 seconds.
  path: Assets/Prefab/BishopLight 1.prefab
  artifactKey: Guid(55fdada5a7b493249866dae1bf8e8ad9) Importer(815301076,1909f56bfc062723c751e8b465ee728b)
Start importing Assets/Prefab/BishopLight 1.prefab using Guid(55fdada5a7b493249866dae1bf8e8ad9) Importer(815301076,1909f56bfc062723c751e8b465ee728b)  -> (artifact id: '3764b8ba49879519e828763e7ef9f620') in 0.089308 seconds 
  Import took 0.092257 seconds .

========================================================================
Received Import Request.
  Time since last request: 32.252500 seconds.
  path: Assets/Prefab/BishopLight 1 1.prefab
  artifactKey: Guid(1aa842248c075a94fbbd7fca3f5f2750) Importer(815301076,1909f56bfc062723c751e8b465ee728b)
Start importing Assets/Prefab/BishopLight 1 1.prefab using Guid(1aa842248c075a94fbbd7fca3f5f2750) Importer(815301076,1909f56bfc062723c751e8b465ee728b)  -> (artifact id: '3eddde93bae5ab1f72a651bf8ddc8a3f') in 0.067044 seconds 
  Import took 0.071518 seconds .

========================================================================
Received Import Request.
  Time since last request: 0.005378 seconds.
  path: Assets/Prefab/BishopLight 1 1.prefab
  artifactKey: Guid(1aa842248c075a94fbbd7fca3f5f2750) Importer(815301076,1909f56bfc062723c751e8b465ee728b)
Start importing Assets/Prefab/BishopLight 1 1.prefab using Guid(1aa842248c075a94fbbd7fca3f5f2750) Importer(815301076,1909f56bfc062723c751e8b465ee728b)  -> (artifact id: '3eddde93bae5ab1f72a651bf8ddc8a3f') in 0.071425 seconds 
  Import took 0.076689 seconds .

========================================================================
Received Import Request.
  Time since last request: 15.565651 seconds.
  path: Assets/Prefab/BishopLight.prefab
  artifactKey: Guid(ba5eb3635629b734c83847666789ffcd) Importer(815301076,1909f56bfc062723c751e8b465ee728b)
Start importing Assets/Prefab/BishopLight.prefab using Guid(ba5eb3635629b734c83847666789ffcd) Importer(815301076,1909f56bfc062723c751e8b465ee728b)  -> (artifact id: '5e7bfa86c0b85cd7fd8dddacfece2614') in 0.054790 seconds 
  Import took 0.057944 seconds .

========================================================================
Received Import Request.
  Time since last request: 0.002747 seconds.
  path: Assets/Prefab/BishopLight.prefab
  artifactKey: Guid(ba5eb3635629b734c83847666789ffcd) Importer(815301076,1909f56bfc062723c751e8b465ee728b)
Start importing Assets/Prefab/BishopLight.prefab using Guid(ba5eb3635629b734c83847666789ffcd) Importer(815301076,1909f56bfc062723c751e8b465ee728b)  -> (artifact id: '5e7bfa86c0b85cd7fd8dddacfece2614') in 0.056126 seconds 
  Import took 0.059788 seconds .

========================================================================
Received Prepare
Registering precompiled user dll's ...
Registered in 0.006237 seconds.
Begin MonoManager ReloadAssembly
Native extension for WindowsStandalone target not found
Refreshing native plugins compatible for Editor in 0.42 ms, found 2 plugins.
Preloading 0 native plugins for Editor in 0.00 ms.
Mono: successfully reloaded assembly
- Completed reload, in  1.210 seconds
Domain Reload Profiling:
	ReloadAssembly (1210ms)
		BeginReloadAssembly (172ms)
			ExecutionOrderSort (0ms)
			DisableScriptedObjects (6ms)
			BackupInstance (0ms)
			ReleaseScriptingObjects (0ms)
			CreateAndSetChildDomain (43ms)
		EndReloadAssembly (967ms)
			LoadAssemblies (127ms)
			RebuildTransferFunctionScriptingTraits (0ms)
			SetupTypeCache (289ms)
			ReleaseScriptCaches (1ms)
			RebuildScriptCaches (39ms)
			SetupLoadedEditorAssemblies (406ms)
				LogAssemblyErrors (0ms)
				InitializePlatformSupportModulesInManaged (6ms)
				SetLoadedEditorAssemblies (0ms)
				RefreshPlugins (1ms)
				BeforeProcessingInitializeOnLoad (106ms)
				ProcessInitializeOnLoadAttributes (286ms)
				ProcessInitializeOnLoadMethodAttributes (4ms)
				AfterProcessingInitializeOnLoad (2ms)
				EditorAssembliesLoaded (0ms)
			ExecutionOrderSort2 (0ms)
			AwakeInstancesAfterBackupRestoration (7ms)
Platform modules already initialized, skipping
Switching build target platform(19) subTarget(0) extendedPlatform(0) -> platform(13) subTarget(537395200) extendedPlatform(0)
Refreshing native plugins compatible for Editor in 0.61 ms, found 2 plugins.
Preloading 0 native plugins for Editor in 0.00 ms.
Unloading 1413 Unused Serialized files (Serialized files now loaded: 0)
System memory in use before: 70.9 MB.
System memory in use after: 70.3 MB.

Unloading 26 unused Assets to reduce memory usage. Loaded Objects now: 1917.
Total: 2.567100 ms (FindLiveObjects: 0.193900 ms CreateObjectMapping: 0.054700 ms MarkObjects: 1.989800 ms  DeleteObjects: 0.327700 ms)

AssetImportParameters requested are different than current active one (requested -> active):
  custom:framework-win-MediaFoundation: 216162199b28c13a410421893ffa2e32 -> 
  custom:video-decoder-ogg-theora: a1e56fd34408186e4bbccfd4996cb3dc -> 
  custom:container-muxer-webm: aa71ff27fc2769a1b78a27578f13a17b -> 
  custom:container-demuxer-webm: 4f35f7cbe854078d1ac9338744f61a02 -> 
  custom:container-demuxer-ogg: 62fdf1f143b41e24485cea50d1cbac27 -> 
  custom:video-encoder-webm-vp8: eb34c28f22e8b96e1ab97ce403110664 -> 
  custom:video-decoder-webm-vp8: 9c59270c3fd7afecdb556c50c9e8de78 -> 
  custom:graphics/normal-map-encoding: 01000000000000000000000000000000 -> 02000000000000000000000000000000
  custom:audio-decoder-ogg-vorbis: bf7c407c2cedff20999df2af8eb42d56 -> 
  custom:audio-encoder-webm-vorbis: bf7c407c2cedff20999df2af8eb42d56 -> 
========================================================================
Received Import Request.
  Time since last request: 167.598917 seconds.
  path: Assets/Prefab/BishopLight.prefab
  artifactKey: Guid(ba5eb3635629b734c83847666789ffcd) Importer(815301076,1909f56bfc062723c751e8b465ee728b)
Start importing Assets/Prefab/BishopLight.prefab using Guid(ba5eb3635629b734c83847666789ffcd) Importer(815301076,1909f56bfc062723c751e8b465ee728b)  -> (artifact id: '678fa85dd63457a5a55bebe3a9bd31af') in 0.127607 seconds 
  Import took 0.130684 seconds .

========================================================================
Received Import Request.
  Time since last request: 1.401315 seconds.
  path: Assets/Prefab/BishopLight.prefab
  artifactKey: Guid(ba5eb3635629b734c83847666789ffcd) Importer(815301076,1909f56bfc062723c751e8b465ee728b)
Start importing Assets/Prefab/BishopLight.prefab using Guid(ba5eb3635629b734c83847666789ffcd) Importer(815301076,1909f56bfc062723c751e8b465ee728b)  -> (artifact id: '678fa85dd63457a5a55bebe3a9bd31af') in 0.051498 seconds 
  Import took 0.054527 seconds .

========================================================================
Received Prepare
Registering precompiled user dll's ...
Registered in 0.007549 seconds.
Begin MonoManager ReloadAssembly
Native extension for WindowsStandalone target not found
Refreshing native plugins compatible for Editor in 0.31 ms, found 2 plugins.
Preloading 0 native plugins for Editor in 0.00 ms.
Mono: successfully reloaded assembly
- Completed reload, in  1.147 seconds
Domain Reload Profiling:
	ReloadAssembly (1147ms)
		BeginReloadAssembly (128ms)
			ExecutionOrderSort (0ms)
			DisableScriptedObjects (5ms)
			BackupInstance (0ms)
			ReleaseScriptingObjects (0ms)
			CreateAndSetChildDomain (32ms)
		EndReloadAssembly (960ms)
			LoadAssemblies (106ms)
			RebuildTransferFunctionScriptingTraits (0ms)
			SetupTypeCache (284ms)
			ReleaseScriptCaches (1ms)
			RebuildScriptCaches (45ms)
			SetupLoadedEditorAssemblies (379ms)
				LogAssemblyErrors (0ms)
				InitializePlatformSupportModulesInManaged (5ms)
				SetLoadedEditorAssemblies (0ms)
				RefreshPlugins (0ms)
				BeforeProcessingInitializeOnLoad (106ms)
				ProcessInitializeOnLoadAttributes (261ms)
				ProcessInitializeOnLoadMethodAttributes (4ms)
				AfterProcessingInitializeOnLoad (2ms)
				EditorAssembliesLoaded (0ms)
			ExecutionOrderSort2 (0ms)
			AwakeInstancesAfterBackupRestoration (6ms)
Platform modules already initialized, skipping
Switching build target platform(19) subTarget(0) extendedPlatform(0) -> platform(13) subTarget(537395200) extendedPlatform(0)
Refreshing native plugins compatible for Editor in 0.53 ms, found 2 plugins.
Preloading 0 native plugins for Editor in 0.00 ms.
Unloading 1413 Unused Serialized files (Serialized files now loaded: 0)
System memory in use before: 70.9 MB.
System memory in use after: 70.3 MB.

Unloading 26 unused Assets to reduce memory usage. Loaded Objects now: 1921.
Total: 2.983100 ms (FindLiveObjects: 0.141300 ms CreateObjectMapping: 0.042600 ms MarkObjects: 2.416200 ms  DeleteObjects: 0.381800 ms)

AssetImportParameters requested are different than current active one (requested -> active):
  custom:framework-win-MediaFoundation: 216162199b28c13a410421893ffa2e32 -> 
  custom:video-decoder-ogg-theora: a1e56fd34408186e4bbccfd4996cb3dc -> 
  custom:container-muxer-webm: aa71ff27fc2769a1b78a27578f13a17b -> 
  custom:container-demuxer-webm: 4f35f7cbe854078d1ac9338744f61a02 -> 
  custom:container-demuxer-ogg: 62fdf1f143b41e24485cea50d1cbac27 -> 
  custom:video-encoder-webm-vp8: eb34c28f22e8b96e1ab97ce403110664 -> 
  custom:video-decoder-webm-vp8: 9c59270c3fd7afecdb556c50c9e8de78 -> 
  custom:graphics/normal-map-encoding: 01000000000000000000000000000000 -> 02000000000000000000000000000000
  custom:audio-decoder-ogg-vorbis: bf7c407c2cedff20999df2af8eb42d56 -> 
  custom:audio-encoder-webm-vorbis: bf7c407c2cedff20999df2af8eb42d56 -> 
========================================================================
Received Import Request.
  Time since last request: 95.242198 seconds.
  path: Assets/Scripts/DamageText.cs
  artifactKey: Guid(fad913ac57fa2a0429cf978bcc75ecab) Importer(815301076,1909f56bfc062723c751e8b465ee728b)
Start importing Assets/Scripts/DamageText.cs using Guid(fad913ac57fa2a0429cf978bcc75ecab) Importer(815301076,1909f56bfc062723c751e8b465ee728b)  -> (artifact id: '2efe98c1b566cc1512d32a4501932245') in 0.006320 seconds 
  Import took 0.012041 seconds .

========================================================================
Received Import Request.
  Time since last request: 210.984699 seconds.
  path: Assets/Prefab/BishopLight.prefab
  artifactKey: Guid(ba5eb3635629b734c83847666789ffcd) Importer(815301076,1909f56bfc062723c751e8b465ee728b)
Start importing Assets/Prefab/BishopLight.prefab using Guid(ba5eb3635629b734c83847666789ffcd) Importer(815301076,1909f56bfc062723c751e8b465ee728b)  -> (artifact id: '66cfa5de70e7c4b4a1cf61024e4eaf6a') in 0.137567 seconds 
  Import took 0.140777 seconds .

========================================================================
Received Import Request.
  Time since last request: 5.383819 seconds.
  path: Assets/Prefab/BishopLight.prefab
  artifactKey: Guid(ba5eb3635629b734c83847666789ffcd) Importer(815301076,1909f56bfc062723c751e8b465ee728b)
Start importing Assets/Prefab/BishopLight.prefab using Guid(ba5eb3635629b734c83847666789ffcd) Importer(815301076,1909f56bfc062723c751e8b465ee728b)  -> (artifact id: 'e67afbd1a66edbf30dec400431ef6660') in 0.065470 seconds 
  Import took 0.069123 seconds .

========================================================================
Received Import Request.
  Time since last request: 0.132565 seconds.
  path: Assets/Prefab/BishopLight.prefab
  artifactKey: Guid(ba5eb3635629b734c83847666789ffcd) Importer(815301076,1909f56bfc062723c751e8b465ee728b)
Start importing Assets/Prefab/BishopLight.prefab using Guid(ba5eb3635629b734c83847666789ffcd) Importer(815301076,1909f56bfc062723c751e8b465ee728b)  -> (artifact id: '29aedd2b2e87f21dc77566a902c40c43') in 0.076492 seconds 
  Import took 0.081198 seconds .

========================================================================
Received Import Request.
  Time since last request: 7.152313 seconds.
  path: Assets/Prefab/BishopLight.prefab
  artifactKey: Guid(ba5eb3635629b734c83847666789ffcd) Importer(815301076,1909f56bfc062723c751e8b465ee728b)
Start importing Assets/Prefab/BishopLight.prefab using Guid(ba5eb3635629b734c83847666789ffcd) Importer(815301076,1909f56bfc062723c751e8b465ee728b)  -> (artifact id: '7a00bf78c1def141d1b9555807b81231') in 0.066371 seconds 
  Import took 0.070087 seconds .

========================================================================
Received Import Request.
  Time since last request: 11.672448 seconds.
  path: Assets/Prefab/BishopLight.prefab
  artifactKey: Guid(ba5eb3635629b734c83847666789ffcd) Importer(815301076,1909f56bfc062723c751e8b465ee728b)
Start importing Assets/Prefab/BishopLight.prefab using Guid(ba5eb3635629b734c83847666789ffcd) Importer(815301076,1909f56bfc062723c751e8b465ee728b)  -> (artifact id: 'f847f14b7a2661f979a709c0142b93b9') in 0.064267 seconds 
  Import took 0.067194 seconds .

========================================================================
Received Import Request.
  Time since last request: 1.356150 seconds.
  path: Assets/Prefab/BishopLight.prefab
  artifactKey: Guid(ba5eb3635629b734c83847666789ffcd) Importer(815301076,1909f56bfc062723c751e8b465ee728b)
Start importing Assets/Prefab/BishopLight.prefab using Guid(ba5eb3635629b734c83847666789ffcd) Importer(815301076,1909f56bfc062723c751e8b465ee728b)  -> (artifact id: 'abdb31ab38001cd03711dc377d416858') in 0.056052 seconds 
  Import took 0.059001 seconds .

========================================================================
Received Import Request.
  Time since last request: 7.619147 seconds.
  path: Assets/Prefab/BishopLight.prefab
  artifactKey: Guid(ba5eb3635629b734c83847666789ffcd) Importer(815301076,1909f56bfc062723c751e8b465ee728b)
Start importing Assets/Prefab/BishopLight.prefab using Guid(ba5eb3635629b734c83847666789ffcd) Importer(815301076,1909f56bfc062723c751e8b465ee728b)  -> (artifact id: '33c3ebb94c05c7272bb6397e3edce493') in 0.060624 seconds 
  Import took 0.066713 seconds .

========================================================================
Received Import Request.
  Time since last request: 1.354782 seconds.
  path: Assets/Prefab/BishopLight.prefab
  artifactKey: Guid(ba5eb3635629b734c83847666789ffcd) Importer(815301076,1909f56bfc062723c751e8b465ee728b)
Start importing Assets/Prefab/BishopLight.prefab using Guid(ba5eb3635629b734c83847666789ffcd) Importer(815301076,1909f56bfc062723c751e8b465ee728b)  -> (artifact id: '618705bb53261222134db19db437a71e') in 0.069160 seconds 
  Import took 0.072468 seconds .

========================================================================
Received Import Request.
  Time since last request: 23.509417 seconds.
  path: Assets/Prefab/BishopLight.prefab
  artifactKey: Guid(ba5eb3635629b734c83847666789ffcd) Importer(815301076,1909f56bfc062723c751e8b465ee728b)
Start importing Assets/Prefab/BishopLight.prefab using Guid(ba5eb3635629b734c83847666789ffcd) Importer(815301076,1909f56bfc062723c751e8b465ee728b)  -> (artifact id: '76c6faf2e0522e1d8832c7f41f46cbba') in 0.055195 seconds 
  Import took 0.059652 seconds .

========================================================================
Received Import Request.
  Time since last request: 0.551336 seconds.
  path: Assets/Prefab/BishopLight.prefab
  artifactKey: Guid(ba5eb3635629b734c83847666789ffcd) Importer(815301076,1909f56bfc062723c751e8b465ee728b)
Start importing Assets/Prefab/BishopLight.prefab using Guid(ba5eb3635629b734c83847666789ffcd) Importer(815301076,1909f56bfc062723c751e8b465ee728b)  -> (artifact id: '40ce37853ba5dd1f1eee17a39a8d38f5') in 0.067514 seconds 
  Import took 0.074216 seconds .

========================================================================
Received Import Request.
  Time since last request: 3.747985 seconds.
  path: Assets/Prefab/BishopLight.prefab
  artifactKey: Guid(ba5eb3635629b734c83847666789ffcd) Importer(815301076,1909f56bfc062723c751e8b465ee728b)
Start importing Assets/Prefab/BishopLight.prefab using Guid(ba5eb3635629b734c83847666789ffcd) Importer(815301076,1909f56bfc062723c751e8b465ee728b)  -> (artifact id: '3296797e33d924598d7793a06f016639') in 0.066156 seconds 
  Import took 0.069780 seconds .

========================================================================
Received Import Request.
  Time since last request: 4.169062 seconds.
  path: Assets/Prefab/BishopLight.prefab
  artifactKey: Guid(ba5eb3635629b734c83847666789ffcd) Importer(815301076,1909f56bfc062723c751e8b465ee728b)
Start importing Assets/Prefab/BishopLight.prefab using Guid(ba5eb3635629b734c83847666789ffcd) Importer(815301076,1909f56bfc062723c751e8b465ee728b)  -> (artifact id: 'c58d0c35ac6e35345920994e530aeec4') in 0.058132 seconds 
  Import took 0.061423 seconds .

========================================================================
Received Import Request.
  Time since last request: 2.587692 seconds.
  path: Assets/Prefab/BishopLight.prefab
  artifactKey: Guid(ba5eb3635629b734c83847666789ffcd) Importer(815301076,1909f56bfc062723c751e8b465ee728b)
Start importing Assets/Prefab/BishopLight.prefab using Guid(ba5eb3635629b734c83847666789ffcd) Importer(815301076,1909f56bfc062723c751e8b465ee728b)  -> (artifact id: 'c36a154a60eeac53e16098cc632804a3') in 0.058945 seconds 
  Import took 0.062050 seconds .

========================================================================
Received Import Request.
  Time since last request: 3.582945 seconds.
  path: Assets/Prefab/BishopLight.prefab
  artifactKey: Guid(ba5eb3635629b734c83847666789ffcd) Importer(815301076,1909f56bfc062723c751e8b465ee728b)
Start importing Assets/Prefab/BishopLight.prefab using Guid(ba5eb3635629b734c83847666789ffcd) Importer(815301076,1909f56bfc062723c751e8b465ee728b)  -> (artifact id: 'ced3792bf95a567e11dfa239f1c9f856') in 0.058583 seconds 
  Import took 0.061798 seconds .

========================================================================
Received Import Request.
  Time since last request: 6.383704 seconds.
  path: Assets/Prefab/BishopLight.prefab
  artifactKey: Guid(ba5eb3635629b734c83847666789ffcd) Importer(815301076,1909f56bfc062723c751e8b465ee728b)
Start importing Assets/Prefab/BishopLight.prefab using Guid(ba5eb3635629b734c83847666789ffcd) Importer(815301076,1909f56bfc062723c751e8b465ee728b)  -> (artifact id: 'ff47b872d012a58a221d946b442d05e2') in 0.060602 seconds 
  Import took 0.064741 seconds .

========================================================================
Received Import Request.
  Time since last request: 8.828155 seconds.
  path: Assets/Prefab/BishopLight.prefab
  artifactKey: Guid(ba5eb3635629b734c83847666789ffcd) Importer(815301076,1909f56bfc062723c751e8b465ee728b)
Start importing Assets/Prefab/BishopLight.prefab using Guid(ba5eb3635629b734c83847666789ffcd) Importer(815301076,1909f56bfc062723c751e8b465ee728b)  -> (artifact id: '8df15d5d8b97bd496e832cb0617331ab') in 0.065068 seconds 
  Import took 0.068096 seconds .

========================================================================
Received Import Request.
  Time since last request: 2.948477 seconds.
  path: Assets/Prefab/BishopLight.prefab
  artifactKey: Guid(ba5eb3635629b734c83847666789ffcd) Importer(815301076,1909f56bfc062723c751e8b465ee728b)
Start importing Assets/Prefab/BishopLight.prefab using Guid(ba5eb3635629b734c83847666789ffcd) Importer(815301076,1909f56bfc062723c751e8b465ee728b)  -> (artifact id: '379b60917a6a7fcdbfde72a604e1b47c') in 0.063205 seconds 
  Import took 0.067083 seconds .

========================================================================
Received Import Request.
  Time since last request: 19.782866 seconds.
  path: Assets/Prefab/BishopLight.prefab
  artifactKey: Guid(ba5eb3635629b734c83847666789ffcd) Importer(815301076,1909f56bfc062723c751e8b465ee728b)
Start importing Assets/Prefab/BishopLight.prefab using Guid(ba5eb3635629b734c83847666789ffcd) Importer(815301076,1909f56bfc062723c751e8b465ee728b)  -> (artifact id: '7fa3e6f59e7edf19b1d0be21aff617b0') in 0.088519 seconds 
  Import took 0.101374 seconds .

========================================================================
Received Import Request.
  Time since last request: 14.981224 seconds.
  path: Assets/Prefab/BishopLight.prefab
  artifactKey: Guid(ba5eb3635629b734c83847666789ffcd) Importer(815301076,1909f56bfc062723c751e8b465ee728b)
Start importing Assets/Prefab/BishopLight.prefab using Guid(ba5eb3635629b734c83847666789ffcd) Importer(815301076,1909f56bfc062723c751e8b465ee728b)  -> (artifact id: 'f8c6370dbc1262fc0333a5afe55de176') in 0.053453 seconds 
  Import took 0.056472 seconds .

========================================================================
Received Import Request.
  Time since last request: 4.788727 seconds.
  path: Assets/Prefab/BishopLight.prefab
  artifactKey: Guid(ba5eb3635629b734c83847666789ffcd) Importer(815301076,1909f56bfc062723c751e8b465ee728b)
Start importing Assets/Prefab/BishopLight.prefab using Guid(ba5eb3635629b734c83847666789ffcd) Importer(815301076,1909f56bfc062723c751e8b465ee728b)  -> (artifact id: '2383820fc1f6bf4e8074be066b79bf2d') in 0.058084 seconds 
  Import took 0.062169 seconds .

========================================================================
Received Import Request.
  Time since last request: 23.990804 seconds.
  path: Assets/Prefab/BishopLight.prefab
  artifactKey: Guid(ba5eb3635629b734c83847666789ffcd) Importer(815301076,1909f56bfc062723c751e8b465ee728b)
Start importing Assets/Prefab/BishopLight.prefab using Guid(ba5eb3635629b734c83847666789ffcd) Importer(815301076,1909f56bfc062723c751e8b465ee728b)  -> (artifact id: '6b9eee7635f8aaf3646d71d725270c70') in 0.057584 seconds 
  Import took 0.060926 seconds .

========================================================================
Received Import Request.
  Time since last request: 7.453877 seconds.
  path: Assets/Prefab/BishopLight.prefab
  artifactKey: Guid(ba5eb3635629b734c83847666789ffcd) Importer(815301076,1909f56bfc062723c751e8b465ee728b)
Start importing Assets/Prefab/BishopLight.prefab using Guid(ba5eb3635629b734c83847666789ffcd) Importer(815301076,1909f56bfc062723c751e8b465ee728b)  -> (artifact id: 'cf0f46ba7570e97d5c2be0e34a1098fe') in 0.053780 seconds 
  Import took 0.056791 seconds .

========================================================================
Received Import Request.
  Time since last request: 3.168938 seconds.
  path: Assets/Prefab/BishopLight.prefab
  artifactKey: Guid(ba5eb3635629b734c83847666789ffcd) Importer(815301076,1909f56bfc062723c751e8b465ee728b)
Start importing Assets/Prefab/BishopLight.prefab using Guid(ba5eb3635629b734c83847666789ffcd) Importer(815301076,1909f56bfc062723c751e8b465ee728b)  -> (artifact id: 'fd861d77ffd2f40e1f1ab2c26aedb6e8') in 0.056559 seconds 
  Import took 0.060239 seconds .

========================================================================
Received Import Request.
  Time since last request: 1.642858 seconds.
  path: Assets/Prefab/BishopLight.prefab
  artifactKey: Guid(ba5eb3635629b734c83847666789ffcd) Importer(815301076,1909f56bfc062723c751e8b465ee728b)
Start importing Assets/Prefab/BishopLight.prefab using Guid(ba5eb3635629b734c83847666789ffcd) Importer(815301076,1909f56bfc062723c751e8b465ee728b)  -> (artifact id: '9c127f119d43ac7272ed0f55618067ae') in 0.057846 seconds 
  Import took 0.061733 seconds .

========================================================================
Received Import Request.
  Time since last request: 6.105638 seconds.
  path: Assets/Prefab/BishopLight.prefab
  artifactKey: Guid(ba5eb3635629b734c83847666789ffcd) Importer(815301076,1909f56bfc062723c751e8b465ee728b)
Start importing Assets/Prefab/BishopLight.prefab using Guid(ba5eb3635629b734c83847666789ffcd) Importer(815301076,1909f56bfc062723c751e8b465ee728b)  -> (artifact id: 'f0a44d32a188ec5d5af2b4138650fa20') in 0.063367 seconds 
  Import took 0.066782 seconds .

========================================================================
Received Import Request.
  Time since last request: 3.383144 seconds.
  path: Assets/Prefab/BishopLight.prefab
  artifactKey: Guid(ba5eb3635629b734c83847666789ffcd) Importer(815301076,1909f56bfc062723c751e8b465ee728b)
Start importing Assets/Prefab/BishopLight.prefab using Guid(ba5eb3635629b734c83847666789ffcd) Importer(815301076,1909f56bfc062723c751e8b465ee728b)  -> (artifact id: 'c1691a801dc474c3a64eaac93328c2b5') in 0.057995 seconds 
  Import took 0.062032 seconds .

========================================================================
Received Import Request.
  Time since last request: 19.697490 seconds.
  path: Assets/Prefab/BishopLight.prefab
  artifactKey: Guid(ba5eb3635629b734c83847666789ffcd) Importer(815301076,1909f56bfc062723c751e8b465ee728b)
Start importing Assets/Prefab/BishopLight.prefab using Guid(ba5eb3635629b734c83847666789ffcd) Importer(815301076,1909f56bfc062723c751e8b465ee728b)  -> (artifact id: 'c51ff634dead423c8f4ed47d87454290') in 0.057133 seconds 
  Import took 0.060312 seconds .

========================================================================
Received Import Request.
  Time since last request: 14.278906 seconds.
  path: Assets/Prefab/BishopLight.prefab
  artifactKey: Guid(ba5eb3635629b734c83847666789ffcd) Importer(815301076,1909f56bfc062723c751e8b465ee728b)
Start importing Assets/Prefab/BishopLight.prefab using Guid(ba5eb3635629b734c83847666789ffcd) Importer(815301076,1909f56bfc062723c751e8b465ee728b)  -> (artifact id: 'd68f115850b60fe081a24871a818c51a') in 0.055158 seconds 
  Import took 0.058356 seconds .

========================================================================
Received Import Request.
  Time since last request: 24.220527 seconds.
  path: Assets/Prefab/BishopLight.prefab
  artifactKey: Guid(ba5eb3635629b734c83847666789ffcd) Importer(815301076,1909f56bfc062723c751e8b465ee728b)
Start importing Assets/Prefab/BishopLight.prefab using Guid(ba5eb3635629b734c83847666789ffcd) Importer(815301076,1909f56bfc062723c751e8b465ee728b)  -> (artifact id: '9b6dcf75b46d0d5ec73bd0c590824c13') in 0.063455 seconds 
  Import took 0.067011 seconds .

========================================================================
Received Import Request.
  Time since last request: 0.921131 seconds.
  path: Assets/Prefab/BishopLight.prefab
  artifactKey: Guid(ba5eb3635629b734c83847666789ffcd) Importer(815301076,1909f56bfc062723c751e8b465ee728b)
Start importing Assets/Prefab/BishopLight.prefab using Guid(ba5eb3635629b734c83847666789ffcd) Importer(815301076,1909f56bfc062723c751e8b465ee728b)  -> (artifact id: '1d97c2c34b97be045703e352117f8ffd') in 0.072398 seconds 
  Import took 0.077753 seconds .

========================================================================
Received Prepare
Registering precompiled user dll's ...
Registered in 0.006361 seconds.
Begin MonoManager ReloadAssembly
Native extension for WindowsStandalone target not found
Refreshing native plugins compatible for Editor in 0.38 ms, found 2 plugins.
Preloading 0 native plugins for Editor in 0.00 ms.
Mono: successfully reloaded assembly
- Completed reload, in  1.295 seconds
Domain Reload Profiling:
	ReloadAssembly (1295ms)
		BeginReloadAssembly (140ms)
			ExecutionOrderSort (0ms)
			DisableScriptedObjects (10ms)
			BackupInstance (0ms)
			ReleaseScriptingObjects (0ms)
			CreateAndSetChildDomain (37ms)
		EndReloadAssembly (1092ms)
			LoadAssemblies (111ms)
			RebuildTransferFunctionScriptingTraits (0ms)
			SetupTypeCache (323ms)
			ReleaseScriptCaches (1ms)
			RebuildScriptCaches (40ms)
			SetupLoadedEditorAssemblies (455ms)
				LogAssemblyErrors (0ms)
				InitializePlatformSupportModulesInManaged (7ms)
				SetLoadedEditorAssemblies (1ms)
				RefreshPlugins (1ms)
				BeforeProcessingInitializeOnLoad (131ms)
				ProcessInitializeOnLoadAttributes (308ms)
				ProcessInitializeOnLoadMethodAttributes (4ms)
				AfterProcessingInitializeOnLoad (3ms)
				EditorAssembliesLoaded (0ms)
			ExecutionOrderSort2 (0ms)
			AwakeInstancesAfterBackupRestoration (8ms)
Platform modules already initialized, skipping
Switching build target platform(19) subTarget(0) extendedPlatform(0) -> platform(13) subTarget(537395200) extendedPlatform(0)
Refreshing native plugins compatible for Editor in 0.44 ms, found 2 plugins.
Preloading 0 native plugins for Editor in 0.00 ms.
Unloading 1413 Unused Serialized files (Serialized files now loaded: 0)
System memory in use before: 70.9 MB.
System memory in use after: 70.4 MB.

Unloading 27 unused Assets to reduce memory usage. Loaded Objects now: 1925.
Total: 2.987900 ms (FindLiveObjects: 0.227500 ms CreateObjectMapping: 0.144300 ms MarkObjects: 2.254500 ms  DeleteObjects: 0.360500 ms)

AssetImportParameters requested are different than current active one (requested -> active):
  custom:framework-win-MediaFoundation: 216162199b28c13a410421893ffa2e32 -> 
  custom:video-decoder-ogg-theora: a1e56fd34408186e4bbccfd4996cb3dc -> 
  custom:container-muxer-webm: aa71ff27fc2769a1b78a27578f13a17b -> 
  custom:container-demuxer-webm: 4f35f7cbe854078d1ac9338744f61a02 -> 
  custom:container-demuxer-ogg: 62fdf1f143b41e24485cea50d1cbac27 -> 
  custom:video-encoder-webm-vp8: eb34c28f22e8b96e1ab97ce403110664 -> 
  custom:video-decoder-webm-vp8: 9c59270c3fd7afecdb556c50c9e8de78 -> 
  custom:graphics/normal-map-encoding: 01000000000000000000000000000000 -> 02000000000000000000000000000000
  custom:audio-decoder-ogg-vorbis: bf7c407c2cedff20999df2af8eb42d56 -> 
  custom:audio-encoder-webm-vorbis: bf7c407c2cedff20999df2af8eb42d56 -> 
========================================================================
Received Import Request.
  Time since last request: 80.525215 seconds.
  path: Assets/Prefab/BishopLight.prefab
  artifactKey: Guid(ba5eb3635629b734c83847666789ffcd) Importer(815301076,1909f56bfc062723c751e8b465ee728b)
Start importing Assets/Prefab/BishopLight.prefab using Guid(ba5eb3635629b734c83847666789ffcd) Importer(815301076,1909f56bfc062723c751e8b465ee728b)  -> (artifact id: '22bdc161a3536fe9b7a730bb9b034ea7') in 0.143647 seconds 
  Import took 0.148345 seconds .

========================================================================
Received Import Request.
  Time since last request: 7.180081 seconds.
  path: Assets/Prefab/BishopLight.prefab
  artifactKey: Guid(ba5eb3635629b734c83847666789ffcd) Importer(815301076,1909f56bfc062723c751e8b465ee728b)
Start importing Assets/Prefab/BishopLight.prefab using Guid(ba5eb3635629b734c83847666789ffcd) Importer(815301076,1909f56bfc062723c751e8b465ee728b)  -> (artifact id: '5ed5e8479fcc6bf6a243fc8074fc3e49') in 0.069260 seconds 
  Import took 0.074706 seconds .

========================================================================
Received Import Request.
  Time since last request: 16.930917 seconds.
  path: Assets/Prefab/BishopLight.prefab
  artifactKey: Guid(ba5eb3635629b734c83847666789ffcd) Importer(815301076,1909f56bfc062723c751e8b465ee728b)
Start importing Assets/Prefab/BishopLight.prefab using Guid(ba5eb3635629b734c83847666789ffcd) Importer(815301076,1909f56bfc062723c751e8b465ee728b)  -> (artifact id: '883f7f4d243cbc2c30ae18cfcf2a3780') in 0.066264 seconds 
  Import took 0.069430 seconds .

========================================================================
Received Import Request.
  Time since last request: 1.351415 seconds.
  path: Assets/Prefab/BishopLight.prefab
  artifactKey: Guid(ba5eb3635629b734c83847666789ffcd) Importer(815301076,1909f56bfc062723c751e8b465ee728b)
Start importing Assets/Prefab/BishopLight.prefab using Guid(ba5eb3635629b734c83847666789ffcd) Importer(815301076,1909f56bfc062723c751e8b465ee728b)  -> (artifact id: 'bff4c1dab080059f012d19d514058013') in 0.052822 seconds 
  Import took 0.057696 seconds .

========================================================================
Received Prepare
Registering precompiled user dll's ...
Registered in 0.006805 seconds.
Begin MonoManager ReloadAssembly
Native extension for WindowsStandalone target not found
Refreshing native plugins compatible for Editor in 0.42 ms, found 2 plugins.
Preloading 0 native plugins for Editor in 0.00 ms.
Mono: successfully reloaded assembly
- Completed reload, in  1.198 seconds
Domain Reload Profiling:
	ReloadAssembly (1199ms)
		BeginReloadAssembly (152ms)
			ExecutionOrderSort (0ms)
			DisableScriptedObjects (5ms)
			BackupInstance (0ms)
			ReleaseScriptingObjects (0ms)
			CreateAndSetChildDomain (43ms)
		EndReloadAssembly (982ms)
			LoadAssemblies (115ms)
			RebuildTransferFunctionScriptingTraits (0ms)
			SetupTypeCache (283ms)
			ReleaseScriptCaches (1ms)
			RebuildScriptCaches (44ms)
			SetupLoadedEditorAssemblies (400ms)
				LogAssemblyErrors (0ms)
				InitializePlatformSupportModulesInManaged (6ms)
				SetLoadedEditorAssemblies (0ms)
				RefreshPlugins (1ms)
				BeforeProcessingInitializeOnLoad (113ms)
				ProcessInitializeOnLoadAttributes (273ms)
				ProcessInitializeOnLoadMethodAttributes (4ms)
				AfterProcessingInitializeOnLoad (3ms)
				EditorAssembliesLoaded (0ms)
			ExecutionOrderSort2 (0ms)
			AwakeInstancesAfterBackupRestoration (8ms)
Platform modules already initialized, skipping
Switching build target platform(19) subTarget(0) extendedPlatform(0) -> platform(13) subTarget(537395200) extendedPlatform(0)
Refreshing native plugins compatible for Editor in 0.43 ms, found 2 plugins.
Preloading 0 native plugins for Editor in 0.00 ms.
Unloading 1413 Unused Serialized files (Serialized files now loaded: 0)
System memory in use before: 70.9 MB.
System memory in use after: 70.4 MB.

Unloading 27 unused Assets to reduce memory usage. Loaded Objects now: 1929.
Total: 3.033000 ms (FindLiveObjects: 0.227900 ms CreateObjectMapping: 0.070200 ms MarkObjects: 2.339500 ms  DeleteObjects: 0.394100 ms)

AssetImportParameters requested are different than current active one (requested -> active):
  custom:framework-win-MediaFoundation: 216162199b28c13a410421893ffa2e32 -> 
  custom:video-decoder-ogg-theora: a1e56fd34408186e4bbccfd4996cb3dc -> 
  custom:container-muxer-webm: aa71ff27fc2769a1b78a27578f13a17b -> 
  custom:container-demuxer-webm: 4f35f7cbe854078d1ac9338744f61a02 -> 
  custom:container-demuxer-ogg: 62fdf1f143b41e24485cea50d1cbac27 -> 
  custom:video-encoder-webm-vp8: eb34c28f22e8b96e1ab97ce403110664 -> 
  custom:video-decoder-webm-vp8: 9c59270c3fd7afecdb556c50c9e8de78 -> 
  custom:graphics/normal-map-encoding: 01000000000000000000000000000000 -> 02000000000000000000000000000000
  custom:audio-decoder-ogg-vorbis: bf7c407c2cedff20999df2af8eb42d56 -> 
  custom:audio-encoder-webm-vorbis: bf7c407c2cedff20999df2af8eb42d56 -> 
========================================================================
Received Import Request.
  Time since last request: 401.607152 seconds.
  path: Assets/Prefab/BishopDark.prefab
  artifactKey: Guid(1d99b42364deebc418556f6ca47d2447) Importer(815301076,1909f56bfc062723c751e8b465ee728b)
Start importing Assets/Prefab/BishopDark.prefab using Guid(1d99b42364deebc418556f6ca47d2447) Importer(815301076,1909f56bfc062723c751e8b465ee728b)  -> (artifact id: 'f16a2e9ec621e954eced2a41a769e60f') in 0.076770 seconds 
  Import took 0.079656 seconds .

========================================================================
Received Import Request.
  Time since last request: 0.000467 seconds.
  path: Assets/Prefab/BishopLight.prefab
  artifactKey: Guid(ba5eb3635629b734c83847666789ffcd) Importer(815301076,1909f56bfc062723c751e8b465ee728b)
Start importing Assets/Prefab/BishopLight.prefab using Guid(ba5eb3635629b734c83847666789ffcd) Importer(815301076,1909f56bfc062723c751e8b465ee728b)  -> (artifact id: '35264f6a595c875f8d404dc41ebd10d9') in 0.098741 seconds 
  Import took 0.101513 seconds .

========================================================================
Received Import Request.
  Time since last request: 4.131514 seconds.
  path: Assets/Prefab/BishopLight.prefab
  artifactKey: Guid(ba5eb3635629b734c83847666789ffcd) Importer(815301076,1909f56bfc062723c751e8b465ee728b)
Start importing Assets/Prefab/BishopLight.prefab using Guid(ba5eb3635629b734c83847666789ffcd) Importer(815301076,1909f56bfc062723c751e8b465ee728b)  -> (artifact id: '1790e49075fe6bdf9f6331c8a86c42f3') in 0.059263 seconds 
  Import took 0.062433 seconds .

========================================================================
Received Prepare
Registering precompiled user dll's ...
Registered in 0.008388 seconds.
Begin MonoManager ReloadAssembly
Native extension for WindowsStandalone target not found
Refreshing native plugins compatible for Editor in 0.37 ms, found 2 plugins.
Preloading 0 native plugins for Editor in 0.00 ms.
Mono: successfully reloaded assembly
- Completed reload, in  1.142 seconds
Domain Reload Profiling:
	ReloadAssembly (1142ms)
		BeginReloadAssembly (131ms)
			ExecutionOrderSort (0ms)
			DisableScriptedObjects (4ms)
			BackupInstance (0ms)
			ReleaseScriptingObjects (0ms)
			CreateAndSetChildDomain (32ms)
		EndReloadAssembly (952ms)
			LoadAssemblies (105ms)
			RebuildTransferFunctionScriptingTraits (0ms)
			SetupTypeCache (294ms)
			ReleaseScriptCaches (1ms)
			RebuildScriptCaches (38ms)
			SetupLoadedEditorAssemblies (392ms)
				LogAssemblyErrors (0ms)
				InitializePlatformSupportModulesInManaged (5ms)
				SetLoadedEditorAssemblies (0ms)
				RefreshPlugins (0ms)
				BeforeProcessingInitializeOnLoad (97ms)
				ProcessInitializeOnLoadAttributes (283ms)
				ProcessInitializeOnLoadMethodAttributes (5ms)
				AfterProcessingInitializeOnLoad (3ms)
				EditorAssembliesLoaded (0ms)
			ExecutionOrderSort2 (0ms)
			AwakeInstancesAfterBackupRestoration (6ms)
Platform modules already initialized, skipping
Switching build target platform(19) subTarget(0) extendedPlatform(0) -> platform(13) subTarget(537395200) extendedPlatform(0)
Refreshing native plugins compatible for Editor in 0.31 ms, found 2 plugins.
Preloading 0 native plugins for Editor in 0.00 ms.
Unloading 1413 Unused Serialized files (Serialized files now loaded: 0)
System memory in use before: 71.0 MB.
System memory in use after: 70.4 MB.

Unloading 27 unused Assets to reduce memory usage. Loaded Objects now: 1933.
Total: 2.555700 ms (FindLiveObjects: 0.158500 ms CreateObjectMapping: 0.047900 ms MarkObjects: 1.989400 ms  DeleteObjects: 0.358400 ms)

AssetImportParameters requested are different than current active one (requested -> active):
  custom:framework-win-MediaFoundation: 216162199b28c13a410421893ffa2e32 -> 
  custom:video-decoder-ogg-theora: a1e56fd34408186e4bbccfd4996cb3dc -> 
  custom:container-muxer-webm: aa71ff27fc2769a1b78a27578f13a17b -> 
  custom:container-demuxer-webm: 4f35f7cbe854078d1ac9338744f61a02 -> 
  custom:container-demuxer-ogg: 62fdf1f143b41e24485cea50d1cbac27 -> 
  custom:video-encoder-webm-vp8: eb34c28f22e8b96e1ab97ce403110664 -> 
  custom:video-decoder-webm-vp8: 9c59270c3fd7afecdb556c50c9e8de78 -> 
  custom:graphics/normal-map-encoding: 01000000000000000000000000000000 -> 02000000000000000000000000000000
  custom:audio-decoder-ogg-vorbis: bf7c407c2cedff20999df2af8eb42d56 -> 
  custom:audio-encoder-webm-vorbis: bf7c407c2cedff20999df2af8eb42d56 -> 
========================================================================
Received Prepare
Registering precompiled user dll's ...
Registered in 0.007827 seconds.
Begin MonoManager ReloadAssembly
Native extension for WindowsStandalone target not found
Refreshing native plugins compatible for Editor in 0.38 ms, found 2 plugins.
Preloading 0 native plugins for Editor in 0.00 ms.
Mono: successfully reloaded assembly
- Completed reload, in  1.202 seconds
Domain Reload Profiling:
	ReloadAssembly (1203ms)
		BeginReloadAssembly (114ms)
			ExecutionOrderSort (0ms)
			DisableScriptedObjects (4ms)
			BackupInstance (0ms)
			ReleaseScriptingObjects (0ms)
			CreateAndSetChildDomain (30ms)
		EndReloadAssembly (1031ms)
			LoadAssemblies (97ms)
			RebuildTransferFunctionScriptingTraits (0ms)
			SetupTypeCache (287ms)
			ReleaseScriptCaches (1ms)
			RebuildScriptCaches (42ms)
			SetupLoadedEditorAssemblies (453ms)
				LogAssemblyErrors (0ms)
				InitializePlatformSupportModulesInManaged (5ms)
				SetLoadedEditorAssemblies (1ms)
				RefreshPlugins (0ms)
				BeforeProcessingInitializeOnLoad (127ms)
				ProcessInitializeOnLoadAttributes (314ms)
				ProcessInitializeOnLoadMethodAttributes (4ms)
				AfterProcessingInitializeOnLoad (3ms)
				EditorAssembliesLoaded (0ms)
			ExecutionOrderSort2 (0ms)
			AwakeInstancesAfterBackupRestoration (8ms)
Platform modules already initialized, skipping
Switching build target platform(19) subTarget(0) extendedPlatform(0) -> platform(13) subTarget(537395200) extendedPlatform(0)
Refreshing native plugins compatible for Editor in 0.31 ms, found 2 plugins.
Preloading 0 native plugins for Editor in 0.00 ms.
Unloading 1413 Unused Serialized files (Serialized files now loaded: 0)
System memory in use before: 71.0 MB.
System memory in use after: 70.4 MB.

Unloading 26 unused Assets to reduce memory usage. Loaded Objects now: 1936.
Total: 3.145800 ms (FindLiveObjects: 0.142200 ms CreateObjectMapping: 0.040400 ms MarkObjects: 2.329400 ms  DeleteObjects: 0.632400 ms)

AssetImportParameters requested are different than current active one (requested -> active):
  custom:framework-win-MediaFoundation: 216162199b28c13a410421893ffa2e32 -> 
  custom:video-decoder-ogg-theora: a1e56fd34408186e4bbccfd4996cb3dc -> 
  custom:container-muxer-webm: aa71ff27fc2769a1b78a27578f13a17b -> 
  custom:container-demuxer-webm: 4f35f7cbe854078d1ac9338744f61a02 -> 
  custom:container-demuxer-ogg: 62fdf1f143b41e24485cea50d1cbac27 -> 
  custom:video-encoder-webm-vp8: eb34c28f22e8b96e1ab97ce403110664 -> 
  custom:video-decoder-webm-vp8: 9c59270c3fd7afecdb556c50c9e8de78 -> 
  custom:graphics/normal-map-encoding: 01000000000000000000000000000000 -> 02000000000000000000000000000000
  custom:audio-decoder-ogg-vorbis: bf7c407c2cedff20999df2af8eb42d56 -> 
  custom:audio-encoder-webm-vorbis: bf7c407c2cedff20999df2af8eb42d56 -> 
========================================================================
Received Prepare
Registering precompiled user dll's ...
Registered in 0.008798 seconds.
Begin MonoManager ReloadAssembly
Native extension for WindowsStandalone target not found
Refreshing native plugins compatible for Editor in 0.31 ms, found 2 plugins.
Preloading 0 native plugins for Editor in 0.00 ms.
Mono: successfully reloaded assembly
- Completed reload, in  1.118 seconds
Domain Reload Profiling:
	ReloadAssembly (1118ms)
		BeginReloadAssembly (129ms)
			ExecutionOrderSort (0ms)
			DisableScriptedObjects (5ms)
			BackupInstance (0ms)
			ReleaseScriptingObjects (0ms)
			CreateAndSetChildDomain (34ms)
		EndReloadAssembly (928ms)
			LoadAssemblies (111ms)
			RebuildTransferFunctionScriptingTraits (0ms)
			SetupTypeCache (289ms)
			ReleaseScriptCaches (1ms)
			RebuildScriptCaches (38ms)
			SetupLoadedEditorAssemblies (366ms)
				LogAssemblyErrors (0ms)
				InitializePlatformSupportModulesInManaged (5ms)
				SetLoadedEditorAssemblies (0ms)
				RefreshPlugins (0ms)
				BeforeProcessingInitializeOnLoad (97ms)
				ProcessInitializeOnLoadAttributes (256ms)
				ProcessInitializeOnLoadMethodAttributes (5ms)
				AfterProcessingInitializeOnLoad (2ms)
				EditorAssembliesLoaded (0ms)
			ExecutionOrderSort2 (0ms)
			AwakeInstancesAfterBackupRestoration (7ms)
Platform modules already initialized, skipping
Switching build target platform(19) subTarget(0) extendedPlatform(0) -> platform(13) subTarget(537395200) extendedPlatform(0)
Refreshing native plugins compatible for Editor in 0.34 ms, found 2 plugins.
Preloading 0 native plugins for Editor in 0.00 ms.
Unloading 1413 Unused Serialized files (Serialized files now loaded: 0)
System memory in use before: 71.0 MB.
System memory in use after: 70.4 MB.

Unloading 26 unused Assets to reduce memory usage. Loaded Objects now: 1939.
Total: 2.969200 ms (FindLiveObjects: 0.145400 ms CreateObjectMapping: 0.038400 ms MarkObjects: 2.387500 ms  DeleteObjects: 0.396600 ms)

AssetImportParameters requested are different than current active one (requested -> active):
  custom:framework-win-MediaFoundation: 216162199b28c13a410421893ffa2e32 -> 
  custom:video-decoder-ogg-theora: a1e56fd34408186e4bbccfd4996cb3dc -> 
  custom:container-muxer-webm: aa71ff27fc2769a1b78a27578f13a17b -> 
  custom:container-demuxer-webm: 4f35f7cbe854078d1ac9338744f61a02 -> 
  custom:container-demuxer-ogg: 62fdf1f143b41e24485cea50d1cbac27 -> 
  custom:video-encoder-webm-vp8: eb34c28f22e8b96e1ab97ce403110664 -> 
  custom:video-decoder-webm-vp8: 9c59270c3fd7afecdb556c50c9e8de78 -> 
  custom:graphics/normal-map-encoding: 01000000000000000000000000000000 -> 02000000000000000000000000000000
  custom:audio-decoder-ogg-vorbis: bf7c407c2cedff20999df2af8eb42d56 -> 
  custom:audio-encoder-webm-vorbis: bf7c407c2cedff20999df2af8eb42d56 -> 
========================================================================
Received Prepare
Registering precompiled user dll's ...
Registered in 0.007022 seconds.
Begin MonoManager ReloadAssembly
Native extension for WindowsStandalone target not found
Refreshing native plugins compatible for Editor in 0.31 ms, found 2 plugins.
Preloading 0 native plugins for Editor in 0.00 ms.
Mono: successfully reloaded assembly
- Completed reload, in  1.236 seconds
Domain Reload Profiling:
	ReloadAssembly (1237ms)
		BeginReloadAssembly (123ms)
			ExecutionOrderSort (0ms)
			DisableScriptedObjects (4ms)
			BackupInstance (0ms)
			ReleaseScriptingObjects (0ms)
			CreateAndSetChildDomain (31ms)
		EndReloadAssembly (1036ms)
			LoadAssemblies (112ms)
			RebuildTransferFunctionScriptingTraits (0ms)
			SetupTypeCache (323ms)
			ReleaseScriptCaches (1ms)
			RebuildScriptCaches (38ms)
			SetupLoadedEditorAssemblies (405ms)
				LogAssemblyErrors (0ms)
				InitializePlatformSupportModulesInManaged (5ms)
				SetLoadedEditorAssemblies (0ms)
				RefreshPlugins (0ms)
				BeforeProcessingInitializeOnLoad (108ms)
				ProcessInitializeOnLoadAttributes (285ms)
				ProcessInitializeOnLoadMethodAttributes (4ms)
				AfterProcessingInitializeOnLoad (2ms)
				EditorAssembliesLoaded (0ms)
			ExecutionOrderSort2 (0ms)
			AwakeInstancesAfterBackupRestoration (7ms)
Platform modules already initialized, skipping
Switching build target platform(19) subTarget(0) extendedPlatform(0) -> platform(13) subTarget(537395200) extendedPlatform(0)
Refreshing native plugins compatible for Editor in 0.34 ms, found 2 plugins.
Preloading 0 native plugins for Editor in 0.00 ms.
Unloading 1413 Unused Serialized files (Serialized files now loaded: 0)
System memory in use before: 71.0 MB.
System memory in use after: 70.4 MB.

Unloading 26 unused Assets to reduce memory usage. Loaded Objects now: 1942.
Total: 3.809200 ms (FindLiveObjects: 0.276800 ms CreateObjectMapping: 0.105400 ms MarkObjects: 3.087500 ms  DeleteObjects: 0.338000 ms)

AssetImportParameters requested are different than current active one (requested -> active):
  custom:framework-win-MediaFoundation: 216162199b28c13a410421893ffa2e32 -> 
  custom:video-decoder-ogg-theora: a1e56fd34408186e4bbccfd4996cb3dc -> 
  custom:container-muxer-webm: aa71ff27fc2769a1b78a27578f13a17b -> 
  custom:container-demuxer-webm: 4f35f7cbe854078d1ac9338744f61a02 -> 
  custom:container-demuxer-ogg: 62fdf1f143b41e24485cea50d1cbac27 -> 
  custom:video-encoder-webm-vp8: eb34c28f22e8b96e1ab97ce403110664 -> 
  custom:video-decoder-webm-vp8: 9c59270c3fd7afecdb556c50c9e8de78 -> 
  custom:graphics/normal-map-encoding: 01000000000000000000000000000000 -> 02000000000000000000000000000000
  custom:audio-decoder-ogg-vorbis: bf7c407c2cedff20999df2af8eb42d56 -> 
  custom:audio-encoder-webm-vorbis: bf7c407c2cedff20999df2af8eb42d56 -> 
AssetImportWorkerClient::OnTransportError - code=2 error=End of file
