Using pre-set license
Built from '2020.3/release' branch; Version is '2020.3.12f1 (b3b2c6512326) revision 11776710'; Using compiler version '192528614'; Build Type 'Release'
OS: 'Windows 10 Home; OS build 18363.1440; Version 1909; 64bit' Language: 'ko' Physical Memory: 8110 MB
BatchMode: 1, IsHumanControllingUs: 0, StartBugReporterOnCrash: 0, Is64bit: 1, IsPro: 0

 COMMAND LINE ARGUMENTS:
C:\Program Files\Unity\Editor\Unity.exe
-adb2
-batchMode
-noUpm
-name
AssetImportWorker0
-projectPath
C:/Users/jaeyong/Desktop/tetris2
-logFile
Logs/AssetImportWorker0.log
-srvPort
51988
Successfully changed project path to: C:/Users/jaeyong/Desktop/tetris2
C:/Users/jaeyong/Desktop/tetris2
Using Asset Import Pipeline V2.
Refreshing native plugins compatible for Editor in 185.01 ms, found 3 plugins.
Preloading 0 native plugins for Editor in 0.00 ms.
Initialize engine version: 2020.3.12f1 (b3b2c6512326)
[Subsystems] Discovering subsystems at path C:/Program Files/Unity/Editor/Data/Resources/UnitySubsystems
[Subsystems] Discovering subsystems at path C:/Users/jaeyong/Desktop/tetris2/Assets
GfxDevice: creating device client; threaded=0
Direct3D:
    Version:  Direct3D 11.0 [level 11.1]
    Renderer: Intel(R) HD Graphics 520 (ID=0x1916)
    Vendor:   
    VRAM:     4055 MB
    Driver:   23.20.16.4849
Initialize mono
Mono path[0] = 'C:/Program Files/Unity/Editor/Data/Managed'
Mono path[1] = 'C:/Program Files/Unity/Editor/Data/MonoBleedingEdge/lib/mono/unityjit'
Mono config path = 'C:/Program Files/Unity/Editor/Data/MonoBleedingEdge/etc'
Using monoOptions --debugger-agent=transport=dt_socket,embedding=1,server=y,suspend=n,address=127.0.0.1:56124
Begin MonoManager ReloadAssembly
Registering precompiled unity dll's ...
Register platform support module: C:/Program Files/Unity/Editor/Data/PlaybackEngines/WindowsStandaloneSupport/UnityEditor.WindowsStandalone.Extensions.dll
Registered in 0.013306 seconds.
Native extension for WindowsStandalone target not found
Refreshing native plugins compatible for Editor in 149.80 ms, found 3 plugins.
Preloading 0 native plugins for Editor in 0.00 ms.
Mono: successfully reloaded assembly
- Completed reload, in  7.518 seconds
Platform modules already initialized, skipping
Registering precompiled user dll's ...
Registered in 0.026662 seconds.
Begin MonoManager ReloadAssembly
Native extension for WindowsStandalone target not found
Refreshing native plugins compatible for Editor in 151.29 ms, found 3 plugins.
Preloading 0 native plugins for Editor in 0.00 ms.
Mono: successfully reloaded assembly
- Completed reload, in  3.142 seconds
Platform modules already initialized, skipping
========================================================================
Worker process is ready to serve import requests
Launched and connected shader compiler UnityShaderCompiler.exe after 0.19 seconds
Refreshing native plugins compatible for Editor in 1.23 ms, found 3 plugins.
Preloading 0 native plugins for Editor in 0.00 ms.
Unloading 2081 Unused Serialized files (Serialized files now loaded: 0)
System memory in use before: 92.9 MB.
System memory in use after: 92.8 MB.

Unloading 33 unused Assets to reduce memory usage. Loaded Objects now: 2513.
Total: 6.438200 ms (FindLiveObjects: 0.437300 ms CreateObjectMapping: 0.230700 ms MarkObjects: 5.441200 ms  DeleteObjects: 0.326100 ms)

AssetImportParameters requested are different than current active one (requested -> active):
  custom:framework-win-MediaFoundation: 216162199b28c13a410421893ffa2e32 -> 
  custom:video-decoder-ogg-theora: a1e56fd34408186e4bbccfd4996cb3dc -> 
  custom:container-muxer-webm: aa71ff27fc2769a1b78a27578f13a17b -> 
  custom:container-demuxer-webm: 4f35f7cbe854078d1ac9338744f61a02 -> 
  custom:container-demuxer-ogg: 62fdf1f143b41e24485cea50d1cbac27 -> 
  custom:video-encoder-webm-vp8: eb34c28f22e8b96e1ab97ce403110664 -> 
  custom:video-codec-MediaFoundation-h265: 746d11721c4dcdbdad8f713fa42b33f4 -> 
  custom:video-decoder-webm-vp8: 9c59270c3fd7afecdb556c50c9e8de78 -> 
  custom:audio-decoder-ogg-vorbis: bf7c407c2cedff20999df2af8eb42d56 -> 
  custom:audio-encoder-webm-vorbis: bf7c407c2cedff20999df2af8eb42d56 -> 
========================================================================
Received Import Request.
  path: Assets/Tile.png
  artifactKey: Guid(bdab35c3a4e8d674a9e10cd98e260f67) Importer(815301076,1909f56bfc062723c751e8b465ee728b)
Start importing Assets/Tile.png using Guid(bdab35c3a4e8d674a9e10cd98e260f67) Importer(815301076,1909f56bfc062723c751e8b465ee728b)  -> (artifact id: 'e00f6c5a8168ebcc6df9c9fd57a10b9d') in 0.547602 seconds 
  Import took 0.560043 seconds .

========================================================================
Received Import Request.
  Time since last request: 196.189718 seconds.
  path: Assets/Tile.prefab
  artifactKey: Guid(b0b56fef5c4a319448aabb17bed267f5) Importer(815301076,1909f56bfc062723c751e8b465ee728b)
Start importing Assets/Tile.prefab using Guid(b0b56fef5c4a319448aabb17bed267f5) Importer(815301076,1909f56bfc062723c751e8b465ee728b)  -> (artifact id: '48044646fec8fe3cef07f419272a627d') in 0.154121 seconds 
  Import took 0.163251 seconds .

========================================================================
Received Import Request.
  Time since last request: 28.884864 seconds.
  path: Assets
  artifactKey: Guid(00000000000000001000000000000000) Importer(815301076,1909f56bfc062723c751e8b465ee728b)
Start importing Assets using Guid(00000000000000001000000000000000) Importer(815301076,1909f56bfc062723c751e8b465ee728b)  -> (artifact id: '42d402b061de3733987d63b9cc3b64de') in 0.024089 seconds 
  Import took 0.042029 seconds .

========================================================================
Received Import Request.
  Time since last request: 12.232529 seconds.
  path: Assets/ObjboxController.cs
  artifactKey: Guid(af8f0648337d8ea46b1a0f54ce80b7bb) Importer(815301076,1909f56bfc062723c751e8b465ee728b)
Start importing Assets/ObjboxController.cs using Guid(af8f0648337d8ea46b1a0f54ce80b7bb) Importer(815301076,1909f56bfc062723c751e8b465ee728b)  -> (artifact id: '6d81cfb5c3f1e03052fa41074a0b5ff4') in 0.070526 seconds 
  Import took 0.077168 seconds .

========================================================================
Received Prepare
Registering precompiled user dll's ...
Registered in 0.013087 seconds.
Begin MonoManager ReloadAssembly
Native extension for WindowsStandalone target not found
Refreshing native plugins compatible for Editor in 0.54 ms, found 3 plugins.
Preloading 0 native plugins for Editor in 0.00 ms.
Mono: successfully reloaded assembly
- Completed reload, in  2.205 seconds
Platform modules already initialized, skipping
Switching build target platform(19) subTarget(0) extendedPlatform(0) -> platform(13) subTarget(537395200) extendedPlatform(0)
Refreshing native plugins compatible for Editor in 0.86 ms, found 3 plugins.
Preloading 0 native plugins for Editor in 0.00 ms.
Unloading 2080 Unused Serialized files (Serialized files now loaded: 0)
System memory in use before: 95.8 MB.
System memory in use after: 95.8 MB.

Unloading 21 unused Assets to reduce memory usage. Loaded Objects now: 2527.
Total: 4.222900 ms (FindLiveObjects: 0.362300 ms CreateObjectMapping: 0.140300 ms MarkObjects: 3.517500 ms  DeleteObjects: 0.201500 ms)

AssetImportParameters requested are different than current active one (requested -> active):
  custom:framework-win-MediaFoundation: 216162199b28c13a410421893ffa2e32 -> 
  custom:video-decoder-ogg-theora: a1e56fd34408186e4bbccfd4996cb3dc -> 
  custom:container-muxer-webm: aa71ff27fc2769a1b78a27578f13a17b -> 
  custom:container-demuxer-webm: 4f35f7cbe854078d1ac9338744f61a02 -> 
  custom:container-demuxer-ogg: 62fdf1f143b41e24485cea50d1cbac27 -> 
  custom:video-encoder-webm-vp8: eb34c28f22e8b96e1ab97ce403110664 -> 
  custom:video-codec-MediaFoundation-h265: 746d11721c4dcdbdad8f713fa42b33f4 -> 
  custom:video-decoder-webm-vp8: 9c59270c3fd7afecdb556c50c9e8de78 -> 
  custom:graphics/normal-map-encoding: 01000000000000000000000000000000 -> 02000000000000000000000000000000
  custom:audio-decoder-ogg-vorbis: bf7c407c2cedff20999df2af8eb42d56 -> 
  custom:audio-encoder-webm-vorbis: bf7c407c2cedff20999df2af8eb42d56 -> 
========================================================================
Received Import Request.
  Time since last request: 695.630544 seconds.
  path: Assets/ObjboxController.cs
  artifactKey: Guid(af8f0648337d8ea46b1a0f54ce80b7bb) Importer(815301076,1909f56bfc062723c751e8b465ee728b)
Start importing Assets/ObjboxController.cs using Guid(af8f0648337d8ea46b1a0f54ce80b7bb) Importer(815301076,1909f56bfc062723c751e8b465ee728b)  -> (artifact id: '5a88085943dc624c6a9ebae6cdbba662') in 0.032241 seconds 
  Import took 0.043720 seconds .

========================================================================
Received Import Request.
  Time since last request: 0.088052 seconds.
  path: Assets/ObjboxController.cs
  artifactKey: Guid(af8f0648337d8ea46b1a0f54ce80b7bb) Importer(815301076,1909f56bfc062723c751e8b465ee728b)
Start importing Assets/ObjboxController.cs using Guid(af8f0648337d8ea46b1a0f54ce80b7bb) Importer(815301076,1909f56bfc062723c751e8b465ee728b)  -> (artifact id: '5a88085943dc624c6a9ebae6cdbba662') in 0.022362 seconds 
  Import took 0.031043 seconds .

========================================================================
Received Import Request.
  Time since last request: 636.060753 seconds.
  path: Assets/ObjboxController.cs
  artifactKey: Guid(af8f0648337d8ea46b1a0f54ce80b7bb) Importer(815301076,1909f56bfc062723c751e8b465ee728b)
Start importing Assets/ObjboxController.cs using Guid(af8f0648337d8ea46b1a0f54ce80b7bb) Importer(815301076,1909f56bfc062723c751e8b465ee728b)  -> (artifact id: 'a4cb73318c6c38b5423560b93a80f673') in 0.006847 seconds 
  Import took 0.013268 seconds .

========================================================================
Received Import Request.
  Time since last request: 1.840270 seconds.
  path: Assets/ObjboxController.cs
  artifactKey: Guid(af8f0648337d8ea46b1a0f54ce80b7bb) Importer(815301076,1909f56bfc062723c751e8b465ee728b)
Start importing Assets/ObjboxController.cs using Guid(af8f0648337d8ea46b1a0f54ce80b7bb) Importer(815301076,1909f56bfc062723c751e8b465ee728b)  -> (artifact id: 'a4cb73318c6c38b5423560b93a80f673') in 0.008599 seconds 
  Import took 0.014712 seconds .

========================================================================
Received Import Request.
  Time since last request: 90.141251 seconds.
  path: Assets/ObjboxController.cs
  artifactKey: Guid(af8f0648337d8ea46b1a0f54ce80b7bb) Importer(815301076,1909f56bfc062723c751e8b465ee728b)
Start importing Assets/ObjboxController.cs using Guid(af8f0648337d8ea46b1a0f54ce80b7bb) Importer(815301076,1909f56bfc062723c751e8b465ee728b)  -> (artifact id: '320838d84c791e2932bdd2c7f7dbab38') in 0.010438 seconds 
  Import took 0.015845 seconds .

========================================================================
Received Import Request.
  Time since last request: 0.002726 seconds.
  path: Assets/ObjboxController.cs
  artifactKey: Guid(af8f0648337d8ea46b1a0f54ce80b7bb) Importer(815301076,1909f56bfc062723c751e8b465ee728b)
Start importing Assets/ObjboxController.cs using Guid(af8f0648337d8ea46b1a0f54ce80b7bb) Importer(815301076,1909f56bfc062723c751e8b465ee728b)  -> (artifact id: '320838d84c791e2932bdd2c7f7dbab38') in 0.011789 seconds 
  Import took 0.020367 seconds .

========================================================================
Received Import Request.
  Time since last request: 61.801127 seconds.
  path: Assets/ObjboxController.cs
  artifactKey: Guid(af8f0648337d8ea46b1a0f54ce80b7bb) Importer(815301076,1909f56bfc062723c751e8b465ee728b)
Start importing Assets/ObjboxController.cs using Guid(af8f0648337d8ea46b1a0f54ce80b7bb) Importer(815301076,1909f56bfc062723c751e8b465ee728b)  -> (artifact id: 'fd56fd26d3604b25749845f9462fe30a') in 0.009752 seconds 
  Import took 0.019321 seconds .

========================================================================
Received Prepare
Registering precompiled user dll's ...
Registered in 0.009841 seconds.
Begin MonoManager ReloadAssembly
Native extension for WindowsStandalone target not found
Refreshing native plugins compatible for Editor in 0.60 ms, found 3 plugins.
Preloading 0 native plugins for Editor in 0.00 ms.
Mono: successfully reloaded assembly
- Completed reload, in  1.615 seconds
Platform modules already initialized, skipping
Switching build target platform(19) subTarget(0) extendedPlatform(0) -> platform(13) subTarget(537395200) extendedPlatform(0)
Refreshing native plugins compatible for Editor in 1.01 ms, found 3 plugins.
Preloading 0 native plugins for Editor in 0.00 ms.
Unloading 2080 Unused Serialized files (Serialized files now loaded: 0)
System memory in use before: 95.9 MB.
System memory in use after: 95.9 MB.

Unloading 21 unused Assets to reduce memory usage. Loaded Objects now: 2531.
Total: 4.658500 ms (FindLiveObjects: 0.412500 ms CreateObjectMapping: 0.214400 ms MarkObjects: 3.814000 ms  DeleteObjects: 0.215000 ms)

AssetImportParameters requested are different than current active one (requested -> active):
  custom:framework-win-MediaFoundation: 216162199b28c13a410421893ffa2e32 -> 
  custom:video-decoder-ogg-theora: a1e56fd34408186e4bbccfd4996cb3dc -> 
  custom:container-muxer-webm: aa71ff27fc2769a1b78a27578f13a17b -> 
  custom:container-demuxer-webm: 4f35f7cbe854078d1ac9338744f61a02 -> 
  custom:container-demuxer-ogg: 62fdf1f143b41e24485cea50d1cbac27 -> 
  custom:video-encoder-webm-vp8: eb34c28f22e8b96e1ab97ce403110664 -> 
  custom:video-codec-MediaFoundation-h265: 746d11721c4dcdbdad8f713fa42b33f4 -> 
  custom:video-decoder-webm-vp8: 9c59270c3fd7afecdb556c50c9e8de78 -> 
  custom:graphics/normal-map-encoding: 01000000000000000000000000000000 -> 02000000000000000000000000000000
  custom:audio-decoder-ogg-vorbis: bf7c407c2cedff20999df2af8eb42d56 -> 
  custom:audio-encoder-webm-vorbis: bf7c407c2cedff20999df2af8eb42d56 -> 
========================================================================
Received Prepare
Registering precompiled user dll's ...
Registered in 0.038887 seconds.
Begin MonoManager ReloadAssembly
Native extension for WindowsStandalone target not found
Refreshing native plugins compatible for Editor in 0.98 ms, found 3 plugins.
Preloading 0 native plugins for Editor in 0.00 ms.
Mono: successfully reloaded assembly
- Completed reload, in  1.843 seconds
Platform modules already initialized, skipping
Switching build target platform(19) subTarget(0) extendedPlatform(0) -> platform(13) subTarget(537395200) extendedPlatform(0)
Refreshing native plugins compatible for Editor in 1.76 ms, found 3 plugins.
Preloading 0 native plugins for Editor in 0.00 ms.
Unloading 2080 Unused Serialized files (Serialized files now loaded: 0)
System memory in use before: 95.9 MB.
System memory in use after: 95.9 MB.

Unloading 21 unused Assets to reduce memory usage. Loaded Objects now: 2535.
Total: 4.932900 ms (FindLiveObjects: 0.376600 ms CreateObjectMapping: 0.126700 ms MarkObjects: 4.245600 ms  DeleteObjects: 0.181300 ms)

AssetImportParameters requested are different than current active one (requested -> active):
  custom:framework-win-MediaFoundation: 216162199b28c13a410421893ffa2e32 -> 
  custom:video-decoder-ogg-theora: a1e56fd34408186e4bbccfd4996cb3dc -> 
  custom:container-muxer-webm: aa71ff27fc2769a1b78a27578f13a17b -> 
  custom:container-demuxer-webm: 4f35f7cbe854078d1ac9338744f61a02 -> 
  custom:container-demuxer-ogg: 62fdf1f143b41e24485cea50d1cbac27 -> 
  custom:video-encoder-webm-vp8: eb34c28f22e8b96e1ab97ce403110664 -> 
  custom:video-codec-MediaFoundation-h265: 746d11721c4dcdbdad8f713fa42b33f4 -> 
  custom:video-decoder-webm-vp8: 9c59270c3fd7afecdb556c50c9e8de78 -> 
  custom:graphics/normal-map-encoding: 01000000000000000000000000000000 -> 02000000000000000000000000000000
  custom:audio-decoder-ogg-vorbis: bf7c407c2cedff20999df2af8eb42d56 -> 
  custom:audio-encoder-webm-vorbis: bf7c407c2cedff20999df2af8eb42d56 -> 
========================================================================
Received Prepare
Registering precompiled user dll's ...
Registered in 0.112534 seconds.
Begin MonoManager ReloadAssembly
Native extension for WindowsStandalone target not found
Refreshing native plugins compatible for Editor in 0.57 ms, found 3 plugins.
Preloading 0 native plugins for Editor in 0.00 ms.
Mono: successfully reloaded assembly
- Completed reload, in  2.282 seconds
Platform modules already initialized, skipping
Switching build target platform(19) subTarget(0) extendedPlatform(0) -> platform(13) subTarget(537395200) extendedPlatform(0)
Refreshing native plugins compatible for Editor in 1.45 ms, found 3 plugins.
Preloading 0 native plugins for Editor in 0.00 ms.
Unloading 2080 Unused Serialized files (Serialized files now loaded: 0)
System memory in use before: 95.9 MB.
System memory in use after: 95.9 MB.

Unloading 21 unused Assets to reduce memory usage. Loaded Objects now: 2539.
Total: 4.915600 ms (FindLiveObjects: 0.380900 ms CreateObjectMapping: 0.137200 ms MarkObjects: 4.145900 ms  DeleteObjects: 0.249900 ms)

AssetImportParameters requested are different than current active one (requested -> active):
  custom:framework-win-MediaFoundation: 216162199b28c13a410421893ffa2e32 -> 
  custom:video-decoder-ogg-theora: a1e56fd34408186e4bbccfd4996cb3dc -> 
  custom:container-muxer-webm: aa71ff27fc2769a1b78a27578f13a17b -> 
  custom:container-demuxer-webm: 4f35f7cbe854078d1ac9338744f61a02 -> 
  custom:container-demuxer-ogg: 62fdf1f143b41e24485cea50d1cbac27 -> 
  custom:video-encoder-webm-vp8: eb34c28f22e8b96e1ab97ce403110664 -> 
  custom:video-codec-MediaFoundation-h265: 746d11721c4dcdbdad8f713fa42b33f4 -> 
  custom:video-decoder-webm-vp8: 9c59270c3fd7afecdb556c50c9e8de78 -> 
  custom:graphics/normal-map-encoding: 01000000000000000000000000000000 -> 02000000000000000000000000000000
  custom:audio-decoder-ogg-vorbis: bf7c407c2cedff20999df2af8eb42d56 -> 
  custom:audio-encoder-webm-vorbis: bf7c407c2cedff20999df2af8eb42d56 -> 
